DEBUG - 2025-11-20 00:00:02 --> Session: Class initialized using 'CodeIgniter\Session\Handlers\FileHandler' driver.
DEBUG - 2025-11-20 00:00:21 --> Session: Class initialized using 'CodeIgniter\Session\Handlers\FileHandler' driver.
ERROR - 2025-11-20 00:00:22 --> mysqli_sql_exception: Table 'sunwoo901.DAY_CKUP_MNG' doesn't exist in E:\project\namuh\source\system\Database\MySQLi\Connection.php:327
Stack trace:
#0 E:\project\namuh\source\system\Database\MySQLi\Connection.php(327): mysqli->query('SELECT YEAR(dcm...', 0)
#1 E:\project\namuh\source\system\Database\BaseConnection.php(738): CodeIgniter\Database\MySQLi\Connection->execute('SELECT YEAR(dcm...')
#2 E:\project\namuh\source\system\Database\BaseConnection.php(652): CodeIgniter\Database\BaseConnection->simpleQuery('SELECT YEAR(dcm...')
#3 E:\project\namuh\source\system\Database\BaseBuilder.php(1649): CodeIgniter\Database\BaseConnection->query('SELECT YEAR(dcm...', Array, false)
#4 E:\project\namuh\source\app\Models\DayCkupMngModel.php(61): CodeIgniter\Database\BaseBuilder->get()
#5 E:\project\namuh\source\app\Controllers\DayCkupMngController.php(63): App\Models\DayCkupMngModel->getSummaryList(Array)
#6 E:\project\namuh\source\system\CodeIgniter.php(933): App\Controllers\DayCkupMngController->getList()
#7 E:\project\namuh\source\system\CodeIgniter.php(507): CodeIgniter\CodeIgniter->runController(Object(App\Controllers\DayCkupMngController))
#8 E:\project\namuh\source\system\CodeIgniter.php(354): CodeIgniter\CodeIgniter->handleRequest(NULL, Object(Config\Cache), false)
#9 E:\project\namuh\source\system\Boot.php(334): CodeIgniter\CodeIgniter->run()
#10 E:\project\namuh\source\system\Boot.php(67): CodeIgniter\Boot::runCodeIgniter(Object(CodeIgniter\CodeIgniter))
#11 E:\project\namuh\source\index.php(59): CodeIgniter\Boot::bootWeb(Object(Config\Paths))
#12 {main}
CRITICAL - 2025-11-20 00:00:22 --> CodeIgniter\Database\Exceptions\DatabaseException: Table 'sunwoo901.DAY_CKUP_MNG' doesn't exist
[Method: GET, Route: mngr/dayCkupMng/getList]
in SYSTEMPATH\Database\BaseConnection.php on line 692.
 1 SYSTEMPATH\Database\BaseBuilder.php(1649): CodeIgniter\Database\BaseConnection->query('SELECT YEAR(dcm.CKUP_YMD) AS ckup_year, `dcm`.`HSPTL_SN`, `hm`.`HSPTL_NM`, `dcm`.`DAY_CKUP_SE`, `dcm`.`CKUP_SE`, `dcm`.`MAX_CNT`, MAX(dcm.REG_YMD) AS reg_ymd
FROM `DAY_CKUP_MNG` AS `dcm`
LEFT JOIN `HSPTL_MNG` AS `hm` ON `hm`.`HSPTL_SN` = `dcm`.`HSPTL_SN`
GROUP BY YEAR(dcm.CKUP_YMD), `dcm`.`HSPTL_SN`, `dcm`.`DAY_CKUP_SE`, `dcm`.`CKUP_SE`, `dcm`.`MAX_CNT`
ORDER BY `ckup_year` DESC', [], false)
 2 APPPATH\Models\DayCkupMngModel.php(61): CodeIgniter\Database\BaseBuilder->get()
 3 APPPATH\Controllers\DayCkupMngController.php(63): App\Models\DayCkupMngModel->getSummaryList([...])
 4 SYSTEMPATH\CodeIgniter.php(933): App\Controllers\DayCkupMngController->getList()
 5 SYSTEMPATH\CodeIgniter.php(507): CodeIgniter\CodeIgniter->runController(Object(App\Controllers\DayCkupMngController))
 6 SYSTEMPATH\CodeIgniter.php(354): CodeIgniter\CodeIgniter->handleRequest(null, Object(Config\Cache), false)
 7 SYSTEMPATH\Boot.php(334): CodeIgniter\CodeIgniter->run()
 8 SYSTEMPATH\Boot.php(67): CodeIgniter\Boot::runCodeIgniter(Object(CodeIgniter\CodeIgniter))
 9 FCPATH\index.php(59): CodeIgniter\Boot::bootWeb(Object(Config\Paths))
CRITICAL - 2025-11-20 00:00:22 --> [Caused by] CodeIgniter\Database\Exceptions\DatabaseException: Table 'sunwoo901.DAY_CKUP_MNG' doesn't exist
in SYSTEMPATH\Database\MySQLi\Connection.php on line 332.
 1 SYSTEMPATH\Database\BaseConnection.php(738): CodeIgniter\Database\MySQLi\Connection->execute('SELECT YEAR(dcm.CKUP_YMD) AS ckup_year, `dcm`.`HSPTL_SN`, `hm`.`HSPTL_NM`, `dcm`.`DAY_CKUP_SE`, `dcm`.`CKUP_SE`, `dcm`.`MAX_CNT`, MAX(dcm.REG_YMD) AS reg_ymd
FROM `DAY_CKUP_MNG` AS `dcm`
LEFT JOIN `HSPTL_MNG` AS `hm` ON `hm`.`HSPTL_SN` = `dcm`.`HSPTL_SN`
GROUP BY YEAR(dcm.CKUP_YMD), `dcm`.`HSPTL_SN`, `dcm`.`DAY_CKUP_SE`, `dcm`.`CKUP_SE`, `dcm`.`MAX_CNT`
ORDER BY `ckup_year` DESC')
 2 SYSTEMPATH\Database\BaseConnection.php(652): CodeIgniter\Database\BaseConnection->simpleQuery('SELECT YEAR(dcm.CKUP_YMD) AS ckup_year, `dcm`.`HSPTL_SN`, `hm`.`HSPTL_NM`, `dcm`.`DAY_CKUP_SE`, `dcm`.`CKUP_SE`, `dcm`.`MAX_CNT`, MAX(dcm.REG_YMD) AS reg_ymd
FROM `DAY_CKUP_MNG` AS `dcm`
LEFT JOIN `HSPTL_MNG` AS `hm` ON `hm`.`HSPTL_SN` = `dcm`.`HSPTL_SN`
GROUP BY YEAR(dcm.CKUP_YMD), `dcm`.`HSPTL_SN`, `dcm`.`DAY_CKUP_SE`, `dcm`.`CKUP_SE`, `dcm`.`MAX_CNT`
ORDER BY `ckup_year` DESC')
 3 SYSTEMPATH\Database\BaseBuilder.php(1649): CodeIgniter\Database\BaseConnection->query('SELECT YEAR(dcm.CKUP_YMD) AS ckup_year, `dcm`.`HSPTL_SN`, `hm`.`HSPTL_NM`, `dcm`.`DAY_CKUP_SE`, `dcm`.`CKUP_SE`, `dcm`.`MAX_CNT`, MAX(dcm.REG_YMD) AS reg_ymd
FROM `DAY_CKUP_MNG` AS `dcm`
LEFT JOIN `HSPTL_MNG` AS `hm` ON `hm`.`HSPTL_SN` = `dcm`.`HSPTL_SN`
GROUP BY YEAR(dcm.CKUP_YMD), `dcm`.`HSPTL_SN`, `dcm`.`DAY_CKUP_SE`, `dcm`.`CKUP_SE`, `dcm`.`MAX_CNT`
ORDER BY `ckup_year` DESC', [], false)
 4 APPPATH\Models\DayCkupMngModel.php(61): CodeIgniter\Database\BaseBuilder->get()
 5 APPPATH\Controllers\DayCkupMngController.php(63): App\Models\DayCkupMngModel->getSummaryList([...])
 6 SYSTEMPATH\CodeIgniter.php(933): App\Controllers\DayCkupMngController->getList()
 7 SYSTEMPATH\CodeIgniter.php(507): CodeIgniter\CodeIgniter->runController(Object(App\Controllers\DayCkupMngController))
 8 SYSTEMPATH\CodeIgniter.php(354): CodeIgniter\CodeIgniter->handleRequest(null, Object(Config\Cache), false)
 9 SYSTEMPATH\Boot.php(334): CodeIgniter\CodeIgniter->run()
10 SYSTEMPATH\Boot.php(67): CodeIgniter\Boot::runCodeIgniter(Object(CodeIgniter\CodeIgniter))
11 FCPATH\index.php(59): CodeIgniter\Boot::bootWeb(Object(Config\Paths))
CRITICAL - 2025-11-20 00:00:22 --> [Caused by] mysqli_sql_exception: Table 'sunwoo901.DAY_CKUP_MNG' doesn't exist
in SYSTEMPATH\Database\MySQLi\Connection.php on line 327.
 1 SYSTEMPATH\Database\MySQLi\Connection.php(327): mysqli->query('SELECT YEAR(dcm.CKUP_YMD) AS ckup_year, `dcm`.`HSPTL_SN`, `hm`.`HSPTL_NM`, `dcm`.`DAY_CKUP_SE`, `dcm`.`CKUP_SE`, `dcm`.`MAX_CNT`, MAX(dcm.REG_YMD) AS reg_ymd
FROM `DAY_CKUP_MNG` AS `dcm`
LEFT JOIN `HSPTL_MNG` AS `hm` ON `hm`.`HSPTL_SN` = `dcm`.`HSPTL_SN`
GROUP BY YEAR(dcm.CKUP_YMD), `dcm`.`HSPTL_SN`, `dcm`.`DAY_CKUP_SE`, `dcm`.`CKUP_SE`, `dcm`.`MAX_CNT`
ORDER BY `ckup_year` DESC', 0)
 2 SYSTEMPATH\Database\BaseConnection.php(738): CodeIgniter\Database\MySQLi\Connection->execute('SELECT YEAR(dcm.CKUP_YMD) AS ckup_year, `dcm`.`HSPTL_SN`, `hm`.`HSPTL_NM`, `dcm`.`DAY_CKUP_SE`, `dcm`.`CKUP_SE`, `dcm`.`MAX_CNT`, MAX(dcm.REG_YMD) AS reg_ymd
FROM `DAY_CKUP_MNG` AS `dcm`
LEFT JOIN `HSPTL_MNG` AS `hm` ON `hm`.`HSPTL_SN` = `dcm`.`HSPTL_SN`
GROUP BY YEAR(dcm.CKUP_YMD), `dcm`.`HSPTL_SN`, `dcm`.`DAY_CKUP_SE`, `dcm`.`CKUP_SE`, `dcm`.`MAX_CNT`
ORDER BY `ckup_year` DESC')
 3 SYSTEMPATH\Database\BaseConnection.php(652): CodeIgniter\Database\BaseConnection->simpleQuery('SELECT YEAR(dcm.CKUP_YMD) AS ckup_year, `dcm`.`HSPTL_SN`, `hm`.`HSPTL_NM`, `dcm`.`DAY_CKUP_SE`, `dcm`.`CKUP_SE`, `dcm`.`MAX_CNT`, MAX(dcm.REG_YMD) AS reg_ymd
FROM `DAY_CKUP_MNG` AS `dcm`
LEFT JOIN `HSPTL_MNG` AS `hm` ON `hm`.`HSPTL_SN` = `dcm`.`HSPTL_SN`
GROUP BY YEAR(dcm.CKUP_YMD), `dcm`.`HSPTL_SN`, `dcm`.`DAY_CKUP_SE`, `dcm`.`CKUP_SE`, `dcm`.`MAX_CNT`
ORDER BY `ckup_year` DESC')
 4 SYSTEMPATH\Database\BaseBuilder.php(1649): CodeIgniter\Database\BaseConnection->query('SELECT YEAR(dcm.CKUP_YMD) AS ckup_year, `dcm`.`HSPTL_SN`, `hm`.`HSPTL_NM`, `dcm`.`DAY_CKUP_SE`, `dcm`.`CKUP_SE`, `dcm`.`MAX_CNT`, MAX(dcm.REG_YMD) AS reg_ymd
FROM `DAY_CKUP_MNG` AS `dcm`
LEFT JOIN `HSPTL_MNG` AS `hm` ON `hm`.`HSPTL_SN` = `dcm`.`HSPTL_SN`
GROUP BY YEAR(dcm.CKUP_YMD), `dcm`.`HSPTL_SN`, `dcm`.`DAY_CKUP_SE`, `dcm`.`CKUP_SE`, `dcm`.`MAX_CNT`
ORDER BY `ckup_year` DESC', [], false)
 5 APPPATH\Models\DayCkupMngModel.php(61): CodeIgniter\Database\BaseBuilder->get()
 6 APPPATH\Controllers\DayCkupMngController.php(63): App\Models\DayCkupMngModel->getSummaryList([...])
 7 SYSTEMPATH\CodeIgniter.php(933): App\Controllers\DayCkupMngController->getList()
 8 SYSTEMPATH\CodeIgniter.php(507): CodeIgniter\CodeIgniter->runController(Object(App\Controllers\DayCkupMngController))
 9 SYSTEMPATH\CodeIgniter.php(354): CodeIgniter\CodeIgniter->handleRequest(null, Object(Config\Cache), false)
10 SYSTEMPATH\Boot.php(334): CodeIgniter\CodeIgniter->run()
11 SYSTEMPATH\Boot.php(67): CodeIgniter\Boot::runCodeIgniter(Object(CodeIgniter\CodeIgniter))
12 FCPATH\index.php(59): CodeIgniter\Boot::bootWeb(Object(Config\Paths))
DEBUG - 2025-11-20 00:00:37 --> Session: Class initialized using 'CodeIgniter\Session\Handlers\FileHandler' driver.
DEBUG - 2025-11-20 00:00:50 --> Session: Class initialized using 'CodeIgniter\Session\Handlers\FileHandler' driver.
DEBUG - 2025-11-20 00:00:54 --> Session: Class initialized using 'CodeIgniter\Session\Handlers\FileHandler' driver.
DEBUG - 2025-11-20 00:01:05 --> Session: Class initialized using 'CodeIgniter\Session\Handlers\FileHandler' driver.
DEBUG - 2025-11-20 00:10:08 --> Session: Class initialized using 'CodeIgniter\Session\Handlers\FileHandler' driver.
DEBUG - 2025-11-20 00:10:11 --> Session: Class initialized using 'CodeIgniter\Session\Handlers\FileHandler' driver.
DEBUG - 2025-11-20 00:10:19 --> Session: Class initialized using 'CodeIgniter\Session\Handlers\FileHandler' driver.
ERROR - 2025-11-20 00:10:20 --> mysqli_sql_exception: Table 'sunwoo901.DAY_CKUP_MNG' doesn't exist in E:\project\namuh\source\system\Database\MySQLi\Connection.php:327
Stack trace:
#0 E:\project\namuh\source\system\Database\MySQLi\Connection.php(327): mysqli->query('SELECT YEAR(dcm...', 0)
#1 E:\project\namuh\source\system\Database\BaseConnection.php(738): CodeIgniter\Database\MySQLi\Connection->execute('SELECT YEAR(dcm...')
#2 E:\project\namuh\source\system\Database\BaseConnection.php(652): CodeIgniter\Database\BaseConnection->simpleQuery('SELECT YEAR(dcm...')
#3 E:\project\namuh\source\system\Database\BaseBuilder.php(1649): CodeIgniter\Database\BaseConnection->query('SELECT YEAR(dcm...', Array, false)
#4 E:\project\namuh\source\app\Models\DayCkupMngModel.php(61): CodeIgniter\Database\BaseBuilder->get()
#5 E:\project\namuh\source\app\Controllers\DayCkupMngController.php(63): App\Models\DayCkupMngModel->getSummaryList(Array)
#6 E:\project\namuh\source\system\CodeIgniter.php(933): App\Controllers\DayCkupMngController->getList()
#7 E:\project\namuh\source\system\CodeIgniter.php(507): CodeIgniter\CodeIgniter->runController(Object(App\Controllers\DayCkupMngController))
#8 E:\project\namuh\source\system\CodeIgniter.php(354): CodeIgniter\CodeIgniter->handleRequest(NULL, Object(Config\Cache), false)
#9 E:\project\namuh\source\system\Boot.php(334): CodeIgniter\CodeIgniter->run()
#10 E:\project\namuh\source\system\Boot.php(67): CodeIgniter\Boot::runCodeIgniter(Object(CodeIgniter\CodeIgniter))
#11 E:\project\namuh\source\index.php(59): CodeIgniter\Boot::bootWeb(Object(Config\Paths))
#12 {main}
CRITICAL - 2025-11-20 00:10:20 --> CodeIgniter\Database\Exceptions\DatabaseException: Table 'sunwoo901.DAY_CKUP_MNG' doesn't exist
[Method: GET, Route: mngr/dayCkupMng/getList]
in SYSTEMPATH\Database\BaseConnection.php on line 692.
 1 SYSTEMPATH\Database\BaseBuilder.php(1649): CodeIgniter\Database\BaseConnection->query('SELECT YEAR(dcm.CKUP_YMD) AS ckup_year, `dcm`.`HSPTL_SN`, `hm`.`HSPTL_NM`, `dcm`.`DAY_CKUP_SE`, `dcm`.`CKUP_SE`, `dcm`.`MAX_CNT`, MAX(dcm.REG_YMD) AS reg_ymd
FROM `DAY_CKUP_MNG` AS `dcm`
LEFT JOIN `HSPTL_MNG` AS `hm` ON `hm`.`HSPTL_SN` = `dcm`.`HSPTL_SN`
GROUP BY YEAR(dcm.CKUP_YMD), `dcm`.`HSPTL_SN`, `dcm`.`DAY_CKUP_SE`, `dcm`.`CKUP_SE`, `dcm`.`MAX_CNT`
ORDER BY `ckup_year` DESC', [], false)
 2 APPPATH\Models\DayCkupMngModel.php(61): CodeIgniter\Database\BaseBuilder->get()
 3 APPPATH\Controllers\DayCkupMngController.php(63): App\Models\DayCkupMngModel->getSummaryList([...])
 4 SYSTEMPATH\CodeIgniter.php(933): App\Controllers\DayCkupMngController->getList()
 5 SYSTEMPATH\CodeIgniter.php(507): CodeIgniter\CodeIgniter->runController(Object(App\Controllers\DayCkupMngController))
 6 SYSTEMPATH\CodeIgniter.php(354): CodeIgniter\CodeIgniter->handleRequest(null, Object(Config\Cache), false)
 7 SYSTEMPATH\Boot.php(334): CodeIgniter\CodeIgniter->run()
 8 SYSTEMPATH\Boot.php(67): CodeIgniter\Boot::runCodeIgniter(Object(CodeIgniter\CodeIgniter))
 9 FCPATH\index.php(59): CodeIgniter\Boot::bootWeb(Object(Config\Paths))
CRITICAL - 2025-11-20 00:10:20 --> [Caused by] CodeIgniter\Database\Exceptions\DatabaseException: Table 'sunwoo901.DAY_CKUP_MNG' doesn't exist
in SYSTEMPATH\Database\MySQLi\Connection.php on line 332.
 1 SYSTEMPATH\Database\BaseConnection.php(738): CodeIgniter\Database\MySQLi\Connection->execute('SELECT YEAR(dcm.CKUP_YMD) AS ckup_year, `dcm`.`HSPTL_SN`, `hm`.`HSPTL_NM`, `dcm`.`DAY_CKUP_SE`, `dcm`.`CKUP_SE`, `dcm`.`MAX_CNT`, MAX(dcm.REG_YMD) AS reg_ymd
FROM `DAY_CKUP_MNG` AS `dcm`
LEFT JOIN `HSPTL_MNG` AS `hm` ON `hm`.`HSPTL_SN` = `dcm`.`HSPTL_SN`
GROUP BY YEAR(dcm.CKUP_YMD), `dcm`.`HSPTL_SN`, `dcm`.`DAY_CKUP_SE`, `dcm`.`CKUP_SE`, `dcm`.`MAX_CNT`
ORDER BY `ckup_year` DESC')
 2 SYSTEMPATH\Database\BaseConnection.php(652): CodeIgniter\Database\BaseConnection->simpleQuery('SELECT YEAR(dcm.CKUP_YMD) AS ckup_year, `dcm`.`HSPTL_SN`, `hm`.`HSPTL_NM`, `dcm`.`DAY_CKUP_SE`, `dcm`.`CKUP_SE`, `dcm`.`MAX_CNT`, MAX(dcm.REG_YMD) AS reg_ymd
FROM `DAY_CKUP_MNG` AS `dcm`
LEFT JOIN `HSPTL_MNG` AS `hm` ON `hm`.`HSPTL_SN` = `dcm`.`HSPTL_SN`
GROUP BY YEAR(dcm.CKUP_YMD), `dcm`.`HSPTL_SN`, `dcm`.`DAY_CKUP_SE`, `dcm`.`CKUP_SE`, `dcm`.`MAX_CNT`
ORDER BY `ckup_year` DESC')
 3 SYSTEMPATH\Database\BaseBuilder.php(1649): CodeIgniter\Database\BaseConnection->query('SELECT YEAR(dcm.CKUP_YMD) AS ckup_year, `dcm`.`HSPTL_SN`, `hm`.`HSPTL_NM`, `dcm`.`DAY_CKUP_SE`, `dcm`.`CKUP_SE`, `dcm`.`MAX_CNT`, MAX(dcm.REG_YMD) AS reg_ymd
FROM `DAY_CKUP_MNG` AS `dcm`
LEFT JOIN `HSPTL_MNG` AS `hm` ON `hm`.`HSPTL_SN` = `dcm`.`HSPTL_SN`
GROUP BY YEAR(dcm.CKUP_YMD), `dcm`.`HSPTL_SN`, `dcm`.`DAY_CKUP_SE`, `dcm`.`CKUP_SE`, `dcm`.`MAX_CNT`
ORDER BY `ckup_year` DESC', [], false)
 4 APPPATH\Models\DayCkupMngModel.php(61): CodeIgniter\Database\BaseBuilder->get()
 5 APPPATH\Controllers\DayCkupMngController.php(63): App\Models\DayCkupMngModel->getSummaryList([...])
 6 SYSTEMPATH\CodeIgniter.php(933): App\Controllers\DayCkupMngController->getList()
 7 SYSTEMPATH\CodeIgniter.php(507): CodeIgniter\CodeIgniter->runController(Object(App\Controllers\DayCkupMngController))
 8 SYSTEMPATH\CodeIgniter.php(354): CodeIgniter\CodeIgniter->handleRequest(null, Object(Config\Cache), false)
 9 SYSTEMPATH\Boot.php(334): CodeIgniter\CodeIgniter->run()
10 SYSTEMPATH\Boot.php(67): CodeIgniter\Boot::runCodeIgniter(Object(CodeIgniter\CodeIgniter))
11 FCPATH\index.php(59): CodeIgniter\Boot::bootWeb(Object(Config\Paths))
CRITICAL - 2025-11-20 00:10:20 --> [Caused by] mysqli_sql_exception: Table 'sunwoo901.DAY_CKUP_MNG' doesn't exist
in SYSTEMPATH\Database\MySQLi\Connection.php on line 327.
 1 SYSTEMPATH\Database\MySQLi\Connection.php(327): mysqli->query('SELECT YEAR(dcm.CKUP_YMD) AS ckup_year, `dcm`.`HSPTL_SN`, `hm`.`HSPTL_NM`, `dcm`.`DAY_CKUP_SE`, `dcm`.`CKUP_SE`, `dcm`.`MAX_CNT`, MAX(dcm.REG_YMD) AS reg_ymd
FROM `DAY_CKUP_MNG` AS `dcm`
LEFT JOIN `HSPTL_MNG` AS `hm` ON `hm`.`HSPTL_SN` = `dcm`.`HSPTL_SN`
GROUP BY YEAR(dcm.CKUP_YMD), `dcm`.`HSPTL_SN`, `dcm`.`DAY_CKUP_SE`, `dcm`.`CKUP_SE`, `dcm`.`MAX_CNT`
ORDER BY `ckup_year` DESC', 0)
 2 SYSTEMPATH\Database\BaseConnection.php(738): CodeIgniter\Database\MySQLi\Connection->execute('SELECT YEAR(dcm.CKUP_YMD) AS ckup_year, `dcm`.`HSPTL_SN`, `hm`.`HSPTL_NM`, `dcm`.`DAY_CKUP_SE`, `dcm`.`CKUP_SE`, `dcm`.`MAX_CNT`, MAX(dcm.REG_YMD) AS reg_ymd
FROM `DAY_CKUP_MNG` AS `dcm`
LEFT JOIN `HSPTL_MNG` AS `hm` ON `hm`.`HSPTL_SN` = `dcm`.`HSPTL_SN`
GROUP BY YEAR(dcm.CKUP_YMD), `dcm`.`HSPTL_SN`, `dcm`.`DAY_CKUP_SE`, `dcm`.`CKUP_SE`, `dcm`.`MAX_CNT`
ORDER BY `ckup_year` DESC')
 3 SYSTEMPATH\Database\BaseConnection.php(652): CodeIgniter\Database\BaseConnection->simpleQuery('SELECT YEAR(dcm.CKUP_YMD) AS ckup_year, `dcm`.`HSPTL_SN`, `hm`.`HSPTL_NM`, `dcm`.`DAY_CKUP_SE`, `dcm`.`CKUP_SE`, `dcm`.`MAX_CNT`, MAX(dcm.REG_YMD) AS reg_ymd
FROM `DAY_CKUP_MNG` AS `dcm`
LEFT JOIN `HSPTL_MNG` AS `hm` ON `hm`.`HSPTL_SN` = `dcm`.`HSPTL_SN`
GROUP BY YEAR(dcm.CKUP_YMD), `dcm`.`HSPTL_SN`, `dcm`.`DAY_CKUP_SE`, `dcm`.`CKUP_SE`, `dcm`.`MAX_CNT`
ORDER BY `ckup_year` DESC')
 4 SYSTEMPATH\Database\BaseBuilder.php(1649): CodeIgniter\Database\BaseConnection->query('SELECT YEAR(dcm.CKUP_YMD) AS ckup_year, `dcm`.`HSPTL_SN`, `hm`.`HSPTL_NM`, `dcm`.`DAY_CKUP_SE`, `dcm`.`CKUP_SE`, `dcm`.`MAX_CNT`, MAX(dcm.REG_YMD) AS reg_ymd
FROM `DAY_CKUP_MNG` AS `dcm`
LEFT JOIN `HSPTL_MNG` AS `hm` ON `hm`.`HSPTL_SN` = `dcm`.`HSPTL_SN`
GROUP BY YEAR(dcm.CKUP_YMD), `dcm`.`HSPTL_SN`, `dcm`.`DAY_CKUP_SE`, `dcm`.`CKUP_SE`, `dcm`.`MAX_CNT`
ORDER BY `ckup_year` DESC', [], false)
 5 APPPATH\Models\DayCkupMngModel.php(61): CodeIgniter\Database\BaseBuilder->get()
 6 APPPATH\Controllers\DayCkupMngController.php(63): App\Models\DayCkupMngModel->getSummaryList([...])
 7 SYSTEMPATH\CodeIgniter.php(933): App\Controllers\DayCkupMngController->getList()
 8 SYSTEMPATH\CodeIgniter.php(507): CodeIgniter\CodeIgniter->runController(Object(App\Controllers\DayCkupMngController))
 9 SYSTEMPATH\CodeIgniter.php(354): CodeIgniter\CodeIgniter->handleRequest(null, Object(Config\Cache), false)
10 SYSTEMPATH\Boot.php(334): CodeIgniter\CodeIgniter->run()
11 SYSTEMPATH\Boot.php(67): CodeIgniter\Boot::runCodeIgniter(Object(CodeIgniter\CodeIgniter))
12 FCPATH\index.php(59): CodeIgniter\Boot::bootWeb(Object(Config\Paths))
DEBUG - 2025-11-20 00:10:26 --> Session: Class initialized using 'CodeIgniter\Session\Handlers\FileHandler' driver.
DEBUG - 2025-11-20 00:10:37 --> Session: Class initialized using 'CodeIgniter\Session\Handlers\FileHandler' driver.
DEBUG - 2025-11-20 00:10:53 --> Session: Class initialized using 'CodeIgniter\Session\Handlers\FileHandler' driver.
DEBUG - 2025-11-20 00:11:58 --> Session: Class initialized using 'CodeIgniter\Session\Handlers\FileHandler' driver.
DEBUG - 2025-11-20 00:12:01 --> Session: Class initialized using 'CodeIgniter\Session\Handlers\FileHandler' driver.
DEBUG - 2025-11-20 00:12:13 --> Session: Class initialized using 'CodeIgniter\Session\Handlers\FileHandler' driver.
DEBUG - 2025-11-20 00:14:43 --> Session: Class initialized using 'CodeIgniter\Session\Handlers\FileHandler' driver.
DEBUG - 2025-11-20 00:14:54 --> Session: Class initialized using 'CodeIgniter\Session\Handlers\FileHandler' driver.
DEBUG - 2025-11-20 00:15:02 --> Session: Class initialized using 'CodeIgniter\Session\Handlers\FileHandler' driver.
DEBUG - 2025-11-20 00:15:38 --> Session: Class initialized using 'CodeIgniter\Session\Handlers\FileHandler' driver.
DEBUG - 2025-11-20 00:16:38 --> Session: Class initialized using 'CodeIgniter\Session\Handlers\FileHandler' driver.
DEBUG - 2025-11-20 00:17:16 --> Session: Class initialized using 'CodeIgniter\Session\Handlers\FileHandler' driver.
DEBUG - 2025-11-20 00:19:07 --> Session: Class initialized using 'CodeIgniter\Session\Handlers\FileHandler' driver.
DEBUG - 2025-11-20 00:19:08 --> Session: Class initialized using 'CodeIgniter\Session\Handlers\FileHandler' driver.
DEBUG - 2025-11-20 00:19:12 --> Session: Class initialized using 'CodeIgniter\Session\Handlers\FileHandler' driver.
DEBUG - 2025-11-20 04:34:56 --> Session: Class initialized using 'CodeIgniter\Session\Handlers\FileHandler' driver.
DEBUG - 2025-11-20 04:35:26 --> Session: Class initialized using 'CodeIgniter\Session\Handlers\FileHandler' driver.
ERROR - 2025-11-20 04:35:27 --> mysqli_sql_exception: Table 'sunwoo901.DAY_CKUP_MNG' doesn't exist in E:\project\namuh\source\system\Database\MySQLi\Connection.php:327
Stack trace:
#0 E:\project\namuh\source\system\Database\MySQLi\Connection.php(327): mysqli->query('SELECT YEAR(dcm...', 0)
#1 E:\project\namuh\source\system\Database\BaseConnection.php(738): CodeIgniter\Database\MySQLi\Connection->execute('SELECT YEAR(dcm...')
#2 E:\project\namuh\source\system\Database\BaseConnection.php(652): CodeIgniter\Database\BaseConnection->simpleQuery('SELECT YEAR(dcm...')
#3 E:\project\namuh\source\system\Database\BaseBuilder.php(1649): CodeIgniter\Database\BaseConnection->query('SELECT YEAR(dcm...', Array, false)
#4 E:\project\namuh\source\app\Models\DayCkupMngModel.php(61): CodeIgniter\Database\BaseBuilder->get()
#5 E:\project\namuh\source\app\Controllers\DayCkupMngController.php(63): App\Models\DayCkupMngModel->getSummaryList(Array)
#6 E:\project\namuh\source\system\CodeIgniter.php(933): App\Controllers\DayCkupMngController->getList()
#7 E:\project\namuh\source\system\CodeIgniter.php(507): CodeIgniter\CodeIgniter->runController(Object(App\Controllers\DayCkupMngController))
#8 E:\project\namuh\source\system\CodeIgniter.php(354): CodeIgniter\CodeIgniter->handleRequest(NULL, Object(Config\Cache), false)
#9 E:\project\namuh\source\system\Boot.php(334): CodeIgniter\CodeIgniter->run()
#10 E:\project\namuh\source\system\Boot.php(67): CodeIgniter\Boot::runCodeIgniter(Object(CodeIgniter\CodeIgniter))
#11 E:\project\namuh\source\index.php(59): CodeIgniter\Boot::bootWeb(Object(Config\Paths))
#12 {main}
CRITICAL - 2025-11-20 04:35:27 --> CodeIgniter\Database\Exceptions\DatabaseException: Table 'sunwoo901.DAY_CKUP_MNG' doesn't exist
[Method: GET, Route: mngr/dayCkupMng/getList]
in SYSTEMPATH\Database\BaseConnection.php on line 692.
 1 SYSTEMPATH\Database\BaseBuilder.php(1649): CodeIgniter\Database\BaseConnection->query('SELECT YEAR(dcm.CKUP_YMD) AS ckup_year, `dcm`.`HSPTL_SN`, `hm`.`HSPTL_NM`, `dcm`.`DAY_CKUP_SE`, `dcm`.`CKUP_SE`, `dcm`.`MAX_CNT`, MAX(dcm.REG_YMD) AS reg_ymd
FROM `DAY_CKUP_MNG` AS `dcm`
LEFT JOIN `HSPTL_MNG` AS `hm` ON `hm`.`HSPTL_SN` = `dcm`.`HSPTL_SN`
GROUP BY YEAR(dcm.CKUP_YMD), `dcm`.`HSPTL_SN`, `dcm`.`DAY_CKUP_SE`, `dcm`.`CKUP_SE`, `dcm`.`MAX_CNT`
ORDER BY `ckup_year` DESC', [], false)
 2 APPPATH\Models\DayCkupMngModel.php(61): CodeIgniter\Database\BaseBuilder->get()
 3 APPPATH\Controllers\DayCkupMngController.php(63): App\Models\DayCkupMngModel->getSummaryList([...])
 4 SYSTEMPATH\CodeIgniter.php(933): App\Controllers\DayCkupMngController->getList()
 5 SYSTEMPATH\CodeIgniter.php(507): CodeIgniter\CodeIgniter->runController(Object(App\Controllers\DayCkupMngController))
 6 SYSTEMPATH\CodeIgniter.php(354): CodeIgniter\CodeIgniter->handleRequest(null, Object(Config\Cache), false)
 7 SYSTEMPATH\Boot.php(334): CodeIgniter\CodeIgniter->run()
 8 SYSTEMPATH\Boot.php(67): CodeIgniter\Boot::runCodeIgniter(Object(CodeIgniter\CodeIgniter))
 9 FCPATH\index.php(59): CodeIgniter\Boot::bootWeb(Object(Config\Paths))
CRITICAL - 2025-11-20 04:35:27 --> [Caused by] CodeIgniter\Database\Exceptions\DatabaseException: Table 'sunwoo901.DAY_CKUP_MNG' doesn't exist
in SYSTEMPATH\Database\MySQLi\Connection.php on line 332.
 1 SYSTEMPATH\Database\BaseConnection.php(738): CodeIgniter\Database\MySQLi\Connection->execute('SELECT YEAR(dcm.CKUP_YMD) AS ckup_year, `dcm`.`HSPTL_SN`, `hm`.`HSPTL_NM`, `dcm`.`DAY_CKUP_SE`, `dcm`.`CKUP_SE`, `dcm`.`MAX_CNT`, MAX(dcm.REG_YMD) AS reg_ymd
FROM `DAY_CKUP_MNG` AS `dcm`
LEFT JOIN `HSPTL_MNG` AS `hm` ON `hm`.`HSPTL_SN` = `dcm`.`HSPTL_SN`
GROUP BY YEAR(dcm.CKUP_YMD), `dcm`.`HSPTL_SN`, `dcm`.`DAY_CKUP_SE`, `dcm`.`CKUP_SE`, `dcm`.`MAX_CNT`
ORDER BY `ckup_year` DESC')
 2 SYSTEMPATH\Database\BaseConnection.php(652): CodeIgniter\Database\BaseConnection->simpleQuery('SELECT YEAR(dcm.CKUP_YMD) AS ckup_year, `dcm`.`HSPTL_SN`, `hm`.`HSPTL_NM`, `dcm`.`DAY_CKUP_SE`, `dcm`.`CKUP_SE`, `dcm`.`MAX_CNT`, MAX(dcm.REG_YMD) AS reg_ymd
FROM `DAY_CKUP_MNG` AS `dcm`
LEFT JOIN `HSPTL_MNG` AS `hm` ON `hm`.`HSPTL_SN` = `dcm`.`HSPTL_SN`
GROUP BY YEAR(dcm.CKUP_YMD), `dcm`.`HSPTL_SN`, `dcm`.`DAY_CKUP_SE`, `dcm`.`CKUP_SE`, `dcm`.`MAX_CNT`
ORDER BY `ckup_year` DESC')
 3 SYSTEMPATH\Database\BaseBuilder.php(1649): CodeIgniter\Database\BaseConnection->query('SELECT YEAR(dcm.CKUP_YMD) AS ckup_year, `dcm`.`HSPTL_SN`, `hm`.`HSPTL_NM`, `dcm`.`DAY_CKUP_SE`, `dcm`.`CKUP_SE`, `dcm`.`MAX_CNT`, MAX(dcm.REG_YMD) AS reg_ymd
FROM `DAY_CKUP_MNG` AS `dcm`
LEFT JOIN `HSPTL_MNG` AS `hm` ON `hm`.`HSPTL_SN` = `dcm`.`HSPTL_SN`
GROUP BY YEAR(dcm.CKUP_YMD), `dcm`.`HSPTL_SN`, `dcm`.`DAY_CKUP_SE`, `dcm`.`CKUP_SE`, `dcm`.`MAX_CNT`
ORDER BY `ckup_year` DESC', [], false)
 4 APPPATH\Models\DayCkupMngModel.php(61): CodeIgniter\Database\BaseBuilder->get()
 5 APPPATH\Controllers\DayCkupMngController.php(63): App\Models\DayCkupMngModel->getSummaryList([...])
 6 SYSTEMPATH\CodeIgniter.php(933): App\Controllers\DayCkupMngController->getList()
 7 SYSTEMPATH\CodeIgniter.php(507): CodeIgniter\CodeIgniter->runController(Object(App\Controllers\DayCkupMngController))
 8 SYSTEMPATH\CodeIgniter.php(354): CodeIgniter\CodeIgniter->handleRequest(null, Object(Config\Cache), false)
 9 SYSTEMPATH\Boot.php(334): CodeIgniter\CodeIgniter->run()
10 SYSTEMPATH\Boot.php(67): CodeIgniter\Boot::runCodeIgniter(Object(CodeIgniter\CodeIgniter))
11 FCPATH\index.php(59): CodeIgniter\Boot::bootWeb(Object(Config\Paths))
CRITICAL - 2025-11-20 04:35:27 --> [Caused by] mysqli_sql_exception: Table 'sunwoo901.DAY_CKUP_MNG' doesn't exist
in SYSTEMPATH\Database\MySQLi\Connection.php on line 327.
 1 SYSTEMPATH\Database\MySQLi\Connection.php(327): mysqli->query('SELECT YEAR(dcm.CKUP_YMD) AS ckup_year, `dcm`.`HSPTL_SN`, `hm`.`HSPTL_NM`, `dcm`.`DAY_CKUP_SE`, `dcm`.`CKUP_SE`, `dcm`.`MAX_CNT`, MAX(dcm.REG_YMD) AS reg_ymd
FROM `DAY_CKUP_MNG` AS `dcm`
LEFT JOIN `HSPTL_MNG` AS `hm` ON `hm`.`HSPTL_SN` = `dcm`.`HSPTL_SN`
GROUP BY YEAR(dcm.CKUP_YMD), `dcm`.`HSPTL_SN`, `dcm`.`DAY_CKUP_SE`, `dcm`.`CKUP_SE`, `dcm`.`MAX_CNT`
ORDER BY `ckup_year` DESC', 0)
 2 SYSTEMPATH\Database\BaseConnection.php(738): CodeIgniter\Database\MySQLi\Connection->execute('SELECT YEAR(dcm.CKUP_YMD) AS ckup_year, `dcm`.`HSPTL_SN`, `hm`.`HSPTL_NM`, `dcm`.`DAY_CKUP_SE`, `dcm`.`CKUP_SE`, `dcm`.`MAX_CNT`, MAX(dcm.REG_YMD) AS reg_ymd
FROM `DAY_CKUP_MNG` AS `dcm`
LEFT JOIN `HSPTL_MNG` AS `hm` ON `hm`.`HSPTL_SN` = `dcm`.`HSPTL_SN`
GROUP BY YEAR(dcm.CKUP_YMD), `dcm`.`HSPTL_SN`, `dcm`.`DAY_CKUP_SE`, `dcm`.`CKUP_SE`, `dcm`.`MAX_CNT`
ORDER BY `ckup_year` DESC')
 3 SYSTEMPATH\Database\BaseConnection.php(652): CodeIgniter\Database\BaseConnection->simpleQuery('SELECT YEAR(dcm.CKUP_YMD) AS ckup_year, `dcm`.`HSPTL_SN`, `hm`.`HSPTL_NM`, `dcm`.`DAY_CKUP_SE`, `dcm`.`CKUP_SE`, `dcm`.`MAX_CNT`, MAX(dcm.REG_YMD) AS reg_ymd
FROM `DAY_CKUP_MNG` AS `dcm`
LEFT JOIN `HSPTL_MNG` AS `hm` ON `hm`.`HSPTL_SN` = `dcm`.`HSPTL_SN`
GROUP BY YEAR(dcm.CKUP_YMD), `dcm`.`HSPTL_SN`, `dcm`.`DAY_CKUP_SE`, `dcm`.`CKUP_SE`, `dcm`.`MAX_CNT`
ORDER BY `ckup_year` DESC')
 4 SYSTEMPATH\Database\BaseBuilder.php(1649): CodeIgniter\Database\BaseConnection->query('SELECT YEAR(dcm.CKUP_YMD) AS ckup_year, `dcm`.`HSPTL_SN`, `hm`.`HSPTL_NM`, `dcm`.`DAY_CKUP_SE`, `dcm`.`CKUP_SE`, `dcm`.`MAX_CNT`, MAX(dcm.REG_YMD) AS reg_ymd
FROM `DAY_CKUP_MNG` AS `dcm`
LEFT JOIN `HSPTL_MNG` AS `hm` ON `hm`.`HSPTL_SN` = `dcm`.`HSPTL_SN`
GROUP BY YEAR(dcm.CKUP_YMD), `dcm`.`HSPTL_SN`, `dcm`.`DAY_CKUP_SE`, `dcm`.`CKUP_SE`, `dcm`.`MAX_CNT`
ORDER BY `ckup_year` DESC', [], false)
 5 APPPATH\Models\DayCkupMngModel.php(61): CodeIgniter\Database\BaseBuilder->get()
 6 APPPATH\Controllers\DayCkupMngController.php(63): App\Models\DayCkupMngModel->getSummaryList([...])
 7 SYSTEMPATH\CodeIgniter.php(933): App\Controllers\DayCkupMngController->getList()
 8 SYSTEMPATH\CodeIgniter.php(507): CodeIgniter\CodeIgniter->runController(Object(App\Controllers\DayCkupMngController))
 9 SYSTEMPATH\CodeIgniter.php(354): CodeIgniter\CodeIgniter->handleRequest(null, Object(Config\Cache), false)
10 SYSTEMPATH\Boot.php(334): CodeIgniter\CodeIgniter->run()
11 SYSTEMPATH\Boot.php(67): CodeIgniter\Boot::runCodeIgniter(Object(CodeIgniter\CodeIgniter))
12 FCPATH\index.php(59): CodeIgniter\Boot::bootWeb(Object(Config\Paths))
DEBUG - 2025-11-20 04:36:04 --> Session: Class initialized using 'CodeIgniter\Session\Handlers\FileHandler' driver.
ERROR - 2025-11-20 04:36:05 --> mysqli_sql_exception: Table 'sunwoo901.DAY_CKUP_MNG' doesn't exist in E:\project\namuh\source\system\Database\MySQLi\Connection.php:327
Stack trace:
#0 E:\project\namuh\source\system\Database\MySQLi\Connection.php(327): mysqli->query('SELECT YEAR(dcm...', 0)
#1 E:\project\namuh\source\system\Database\BaseConnection.php(738): CodeIgniter\Database\MySQLi\Connection->execute('SELECT YEAR(dcm...')
#2 E:\project\namuh\source\system\Database\BaseConnection.php(652): CodeIgniter\Database\BaseConnection->simpleQuery('SELECT YEAR(dcm...')
#3 E:\project\namuh\source\system\Database\BaseBuilder.php(1649): CodeIgniter\Database\BaseConnection->query('SELECT YEAR(dcm...', Array, false)
#4 E:\project\namuh\source\app\Models\DayCkupMngModel.php(61): CodeIgniter\Database\BaseBuilder->get()
#5 E:\project\namuh\source\app\Controllers\DayCkupMngController.php(63): App\Models\DayCkupMngModel->getSummaryList(Array)
#6 E:\project\namuh\source\system\CodeIgniter.php(933): App\Controllers\DayCkupMngController->getList()
#7 E:\project\namuh\source\system\CodeIgniter.php(507): CodeIgniter\CodeIgniter->runController(Object(App\Controllers\DayCkupMngController))
#8 E:\project\namuh\source\system\CodeIgniter.php(354): CodeIgniter\CodeIgniter->handleRequest(NULL, Object(Config\Cache), false)
#9 E:\project\namuh\source\system\Boot.php(334): CodeIgniter\CodeIgniter->run()
#10 E:\project\namuh\source\system\Boot.php(67): CodeIgniter\Boot::runCodeIgniter(Object(CodeIgniter\CodeIgniter))
#11 E:\project\namuh\source\index.php(59): CodeIgniter\Boot::bootWeb(Object(Config\Paths))
#12 {main}
CRITICAL - 2025-11-20 04:36:05 --> CodeIgniter\Database\Exceptions\DatabaseException: Table 'sunwoo901.DAY_CKUP_MNG' doesn't exist
[Method: GET, Route: mngr/dayCkupMng/getList]
in SYSTEMPATH\Database\BaseConnection.php on line 692.
 1 SYSTEMPATH\Database\BaseBuilder.php(1649): CodeIgniter\Database\BaseConnection->query('SELECT YEAR(dcm.CKUP_YMD) AS ckup_year, `dcm`.`HSPTL_SN`, `hm`.`HSPTL_NM`, `dcm`.`DAY_CKUP_SE`, `dcm`.`CKUP_SE`, `dcm`.`MAX_CNT`, MAX(dcm.REG_YMD) AS reg_ymd
FROM `DAY_CKUP_MNG` AS `dcm`
LEFT JOIN `HSPTL_MNG` AS `hm` ON `hm`.`HSPTL_SN` = `dcm`.`HSPTL_SN`
GROUP BY YEAR(dcm.CKUP_YMD), `dcm`.`HSPTL_SN`, `dcm`.`DAY_CKUP_SE`, `dcm`.`CKUP_SE`, `dcm`.`MAX_CNT`
ORDER BY `ckup_year` DESC', [], false)
 2 APPPATH\Models\DayCkupMngModel.php(61): CodeIgniter\Database\BaseBuilder->get()
 3 APPPATH\Controllers\DayCkupMngController.php(63): App\Models\DayCkupMngModel->getSummaryList([...])
 4 SYSTEMPATH\CodeIgniter.php(933): App\Controllers\DayCkupMngController->getList()
 5 SYSTEMPATH\CodeIgniter.php(507): CodeIgniter\CodeIgniter->runController(Object(App\Controllers\DayCkupMngController))
 6 SYSTEMPATH\CodeIgniter.php(354): CodeIgniter\CodeIgniter->handleRequest(null, Object(Config\Cache), false)
 7 SYSTEMPATH\Boot.php(334): CodeIgniter\CodeIgniter->run()
 8 SYSTEMPATH\Boot.php(67): CodeIgniter\Boot::runCodeIgniter(Object(CodeIgniter\CodeIgniter))
 9 FCPATH\index.php(59): CodeIgniter\Boot::bootWeb(Object(Config\Paths))
CRITICAL - 2025-11-20 04:36:05 --> [Caused by] CodeIgniter\Database\Exceptions\DatabaseException: Table 'sunwoo901.DAY_CKUP_MNG' doesn't exist
in SYSTEMPATH\Database\MySQLi\Connection.php on line 332.
 1 SYSTEMPATH\Database\BaseConnection.php(738): CodeIgniter\Database\MySQLi\Connection->execute('SELECT YEAR(dcm.CKUP_YMD) AS ckup_year, `dcm`.`HSPTL_SN`, `hm`.`HSPTL_NM`, `dcm`.`DAY_CKUP_SE`, `dcm`.`CKUP_SE`, `dcm`.`MAX_CNT`, MAX(dcm.REG_YMD) AS reg_ymd
FROM `DAY_CKUP_MNG` AS `dcm`
LEFT JOIN `HSPTL_MNG` AS `hm` ON `hm`.`HSPTL_SN` = `dcm`.`HSPTL_SN`
GROUP BY YEAR(dcm.CKUP_YMD), `dcm`.`HSPTL_SN`, `dcm`.`DAY_CKUP_SE`, `dcm`.`CKUP_SE`, `dcm`.`MAX_CNT`
ORDER BY `ckup_year` DESC')
 2 SYSTEMPATH\Database\BaseConnection.php(652): CodeIgniter\Database\BaseConnection->simpleQuery('SELECT YEAR(dcm.CKUP_YMD) AS ckup_year, `dcm`.`HSPTL_SN`, `hm`.`HSPTL_NM`, `dcm`.`DAY_CKUP_SE`, `dcm`.`CKUP_SE`, `dcm`.`MAX_CNT`, MAX(dcm.REG_YMD) AS reg_ymd
FROM `DAY_CKUP_MNG` AS `dcm`
LEFT JOIN `HSPTL_MNG` AS `hm` ON `hm`.`HSPTL_SN` = `dcm`.`HSPTL_SN`
GROUP BY YEAR(dcm.CKUP_YMD), `dcm`.`HSPTL_SN`, `dcm`.`DAY_CKUP_SE`, `dcm`.`CKUP_SE`, `dcm`.`MAX_CNT`
ORDER BY `ckup_year` DESC')
 3 SYSTEMPATH\Database\BaseBuilder.php(1649): CodeIgniter\Database\BaseConnection->query('SELECT YEAR(dcm.CKUP_YMD) AS ckup_year, `dcm`.`HSPTL_SN`, `hm`.`HSPTL_NM`, `dcm`.`DAY_CKUP_SE`, `dcm`.`CKUP_SE`, `dcm`.`MAX_CNT`, MAX(dcm.REG_YMD) AS reg_ymd
FROM `DAY_CKUP_MNG` AS `dcm`
LEFT JOIN `HSPTL_MNG` AS `hm` ON `hm`.`HSPTL_SN` = `dcm`.`HSPTL_SN`
GROUP BY YEAR(dcm.CKUP_YMD), `dcm`.`HSPTL_SN`, `dcm`.`DAY_CKUP_SE`, `dcm`.`CKUP_SE`, `dcm`.`MAX_CNT`
ORDER BY `ckup_year` DESC', [], false)
 4 APPPATH\Models\DayCkupMngModel.php(61): CodeIgniter\Database\BaseBuilder->get()
 5 APPPATH\Controllers\DayCkupMngController.php(63): App\Models\DayCkupMngModel->getSummaryList([...])
 6 SYSTEMPATH\CodeIgniter.php(933): App\Controllers\DayCkupMngController->getList()
 7 SYSTEMPATH\CodeIgniter.php(507): CodeIgniter\CodeIgniter->runController(Object(App\Controllers\DayCkupMngController))
 8 SYSTEMPATH\CodeIgniter.php(354): CodeIgniter\CodeIgniter->handleRequest(null, Object(Config\Cache), false)
 9 SYSTEMPATH\Boot.php(334): CodeIgniter\CodeIgniter->run()
10 SYSTEMPATH\Boot.php(67): CodeIgniter\Boot::runCodeIgniter(Object(CodeIgniter\CodeIgniter))
11 FCPATH\index.php(59): CodeIgniter\Boot::bootWeb(Object(Config\Paths))
CRITICAL - 2025-11-20 04:36:05 --> [Caused by] mysqli_sql_exception: Table 'sunwoo901.DAY_CKUP_MNG' doesn't exist
in SYSTEMPATH\Database\MySQLi\Connection.php on line 327.
 1 SYSTEMPATH\Database\MySQLi\Connection.php(327): mysqli->query('SELECT YEAR(dcm.CKUP_YMD) AS ckup_year, `dcm`.`HSPTL_SN`, `hm`.`HSPTL_NM`, `dcm`.`DAY_CKUP_SE`, `dcm`.`CKUP_SE`, `dcm`.`MAX_CNT`, MAX(dcm.REG_YMD) AS reg_ymd
FROM `DAY_CKUP_MNG` AS `dcm`
LEFT JOIN `HSPTL_MNG` AS `hm` ON `hm`.`HSPTL_SN` = `dcm`.`HSPTL_SN`
GROUP BY YEAR(dcm.CKUP_YMD), `dcm`.`HSPTL_SN`, `dcm`.`DAY_CKUP_SE`, `dcm`.`CKUP_SE`, `dcm`.`MAX_CNT`
ORDER BY `ckup_year` DESC', 0)
 2 SYSTEMPATH\Database\BaseConnection.php(738): CodeIgniter\Database\MySQLi\Connection->execute('SELECT YEAR(dcm.CKUP_YMD) AS ckup_year, `dcm`.`HSPTL_SN`, `hm`.`HSPTL_NM`, `dcm`.`DAY_CKUP_SE`, `dcm`.`CKUP_SE`, `dcm`.`MAX_CNT`, MAX(dcm.REG_YMD) AS reg_ymd
FROM `DAY_CKUP_MNG` AS `dcm`
LEFT JOIN `HSPTL_MNG` AS `hm` ON `hm`.`HSPTL_SN` = `dcm`.`HSPTL_SN`
GROUP BY YEAR(dcm.CKUP_YMD), `dcm`.`HSPTL_SN`, `dcm`.`DAY_CKUP_SE`, `dcm`.`CKUP_SE`, `dcm`.`MAX_CNT`
ORDER BY `ckup_year` DESC')
 3 SYSTEMPATH\Database\BaseConnection.php(652): CodeIgniter\Database\BaseConnection->simpleQuery('SELECT YEAR(dcm.CKUP_YMD) AS ckup_year, `dcm`.`HSPTL_SN`, `hm`.`HSPTL_NM`, `dcm`.`DAY_CKUP_SE`, `dcm`.`CKUP_SE`, `dcm`.`MAX_CNT`, MAX(dcm.REG_YMD) AS reg_ymd
FROM `DAY_CKUP_MNG` AS `dcm`
LEFT JOIN `HSPTL_MNG` AS `hm` ON `hm`.`HSPTL_SN` = `dcm`.`HSPTL_SN`
GROUP BY YEAR(dcm.CKUP_YMD), `dcm`.`HSPTL_SN`, `dcm`.`DAY_CKUP_SE`, `dcm`.`CKUP_SE`, `dcm`.`MAX_CNT`
ORDER BY `ckup_year` DESC')
 4 SYSTEMPATH\Database\BaseBuilder.php(1649): CodeIgniter\Database\BaseConnection->query('SELECT YEAR(dcm.CKUP_YMD) AS ckup_year, `dcm`.`HSPTL_SN`, `hm`.`HSPTL_NM`, `dcm`.`DAY_CKUP_SE`, `dcm`.`CKUP_SE`, `dcm`.`MAX_CNT`, MAX(dcm.REG_YMD) AS reg_ymd
FROM `DAY_CKUP_MNG` AS `dcm`
LEFT JOIN `HSPTL_MNG` AS `hm` ON `hm`.`HSPTL_SN` = `dcm`.`HSPTL_SN`
GROUP BY YEAR(dcm.CKUP_YMD), `dcm`.`HSPTL_SN`, `dcm`.`DAY_CKUP_SE`, `dcm`.`CKUP_SE`, `dcm`.`MAX_CNT`
ORDER BY `ckup_year` DESC', [], false)
 5 APPPATH\Models\DayCkupMngModel.php(61): CodeIgniter\Database\BaseBuilder->get()
 6 APPPATH\Controllers\DayCkupMngController.php(63): App\Models\DayCkupMngModel->getSummaryList([...])
 7 SYSTEMPATH\CodeIgniter.php(933): App\Controllers\DayCkupMngController->getList()
 8 SYSTEMPATH\CodeIgniter.php(507): CodeIgniter\CodeIgniter->runController(Object(App\Controllers\DayCkupMngController))
 9 SYSTEMPATH\CodeIgniter.php(354): CodeIgniter\CodeIgniter->handleRequest(null, Object(Config\Cache), false)
10 SYSTEMPATH\Boot.php(334): CodeIgniter\CodeIgniter->run()
11 SYSTEMPATH\Boot.php(67): CodeIgniter\Boot::runCodeIgniter(Object(CodeIgniter\CodeIgniter))
12 FCPATH\index.php(59): CodeIgniter\Boot::bootWeb(Object(Config\Paths))
DEBUG - 2025-11-20 04:40:14 --> Session: Class initialized using 'CodeIgniter\Session\Handlers\FileHandler' driver.
ERROR - 2025-11-20 04:40:15 --> mysqli_sql_exception: Table 'sunwoo901.DAY_CKUP_MNG' doesn't exist in E:\project\namuh\source\system\Database\MySQLi\Connection.php:327
Stack trace:
#0 E:\project\namuh\source\system\Database\MySQLi\Connection.php(327): mysqli->query('SELECT YEAR(dcm...', 0)
#1 E:\project\namuh\source\system\Database\BaseConnection.php(738): CodeIgniter\Database\MySQLi\Connection->execute('SELECT YEAR(dcm...')
#2 E:\project\namuh\source\system\Database\BaseConnection.php(652): CodeIgniter\Database\BaseConnection->simpleQuery('SELECT YEAR(dcm...')
#3 E:\project\namuh\source\system\Database\BaseBuilder.php(1649): CodeIgniter\Database\BaseConnection->query('SELECT YEAR(dcm...', Array, false)
#4 E:\project\namuh\source\app\Models\DayCkupMngModel.php(61): CodeIgniter\Database\BaseBuilder->get()
#5 E:\project\namuh\source\app\Controllers\DayCkupMngController.php(63): App\Models\DayCkupMngModel->getSummaryList(Array)
#6 E:\project\namuh\source\system\CodeIgniter.php(933): App\Controllers\DayCkupMngController->getList()
#7 E:\project\namuh\source\system\CodeIgniter.php(507): CodeIgniter\CodeIgniter->runController(Object(App\Controllers\DayCkupMngController))
#8 E:\project\namuh\source\system\CodeIgniter.php(354): CodeIgniter\CodeIgniter->handleRequest(NULL, Object(Config\Cache), false)
#9 E:\project\namuh\source\system\Boot.php(334): CodeIgniter\CodeIgniter->run()
#10 E:\project\namuh\source\system\Boot.php(67): CodeIgniter\Boot::runCodeIgniter(Object(CodeIgniter\CodeIgniter))
#11 E:\project\namuh\source\index.php(59): CodeIgniter\Boot::bootWeb(Object(Config\Paths))
#12 {main}
CRITICAL - 2025-11-20 04:40:15 --> CodeIgniter\Database\Exceptions\DatabaseException: Table 'sunwoo901.DAY_CKUP_MNG' doesn't exist
[Method: GET, Route: mngr/dayCkupMng/getList]
in SYSTEMPATH\Database\BaseConnection.php on line 692.
 1 SYSTEMPATH\Database\BaseBuilder.php(1649): CodeIgniter\Database\BaseConnection->query('SELECT YEAR(dcm.CKUP_YMD) AS ckup_year, `dcm`.`HSPTL_SN`, `hm`.`HSPTL_NM`, `dcm`.`DAY_CKUP_SE`, `dcm`.`CKUP_SE`, `dcm`.`MAX_CNT`, MAX(dcm.REG_YMD) AS reg_ymd
FROM `DAY_CKUP_MNG` AS `dcm`
LEFT JOIN `HSPTL_MNG` AS `hm` ON `hm`.`HSPTL_SN` = `dcm`.`HSPTL_SN`
GROUP BY YEAR(dcm.CKUP_YMD), `dcm`.`HSPTL_SN`, `hm`.`HSPTL_NM`, `dcm`.`DAY_CKUP_SE`, `dcm`.`CKUP_SE`, `dcm`.`MAX_CNT`
ORDER BY `ckup_year` DESC', [], false)
 2 APPPATH\Models\DayCkupMngModel.php(61): CodeIgniter\Database\BaseBuilder->get()
 3 APPPATH\Controllers\DayCkupMngController.php(63): App\Models\DayCkupMngModel->getSummaryList([...])
 4 SYSTEMPATH\CodeIgniter.php(933): App\Controllers\DayCkupMngController->getList()
 5 SYSTEMPATH\CodeIgniter.php(507): CodeIgniter\CodeIgniter->runController(Object(App\Controllers\DayCkupMngController))
 6 SYSTEMPATH\CodeIgniter.php(354): CodeIgniter\CodeIgniter->handleRequest(null, Object(Config\Cache), false)
 7 SYSTEMPATH\Boot.php(334): CodeIgniter\CodeIgniter->run()
 8 SYSTEMPATH\Boot.php(67): CodeIgniter\Boot::runCodeIgniter(Object(CodeIgniter\CodeIgniter))
 9 FCPATH\index.php(59): CodeIgniter\Boot::bootWeb(Object(Config\Paths))
CRITICAL - 2025-11-20 04:40:15 --> [Caused by] CodeIgniter\Database\Exceptions\DatabaseException: Table 'sunwoo901.DAY_CKUP_MNG' doesn't exist
in SYSTEMPATH\Database\MySQLi\Connection.php on line 332.
 1 SYSTEMPATH\Database\BaseConnection.php(738): CodeIgniter\Database\MySQLi\Connection->execute('SELECT YEAR(dcm.CKUP_YMD) AS ckup_year, `dcm`.`HSPTL_SN`, `hm`.`HSPTL_NM`, `dcm`.`DAY_CKUP_SE`, `dcm`.`CKUP_SE`, `dcm`.`MAX_CNT`, MAX(dcm.REG_YMD) AS reg_ymd
FROM `DAY_CKUP_MNG` AS `dcm`
LEFT JOIN `HSPTL_MNG` AS `hm` ON `hm`.`HSPTL_SN` = `dcm`.`HSPTL_SN`
GROUP BY YEAR(dcm.CKUP_YMD), `dcm`.`HSPTL_SN`, `hm`.`HSPTL_NM`, `dcm`.`DAY_CKUP_SE`, `dcm`.`CKUP_SE`, `dcm`.`MAX_CNT`
ORDER BY `ckup_year` DESC')
 2 SYSTEMPATH\Database\BaseConnection.php(652): CodeIgniter\Database\BaseConnection->simpleQuery('SELECT YEAR(dcm.CKUP_YMD) AS ckup_year, `dcm`.`HSPTL_SN`, `hm`.`HSPTL_NM`, `dcm`.`DAY_CKUP_SE`, `dcm`.`CKUP_SE`, `dcm`.`MAX_CNT`, MAX(dcm.REG_YMD) AS reg_ymd
FROM `DAY_CKUP_MNG` AS `dcm`
LEFT JOIN `HSPTL_MNG` AS `hm` ON `hm`.`HSPTL_SN` = `dcm`.`HSPTL_SN`
GROUP BY YEAR(dcm.CKUP_YMD), `dcm`.`HSPTL_SN`, `hm`.`HSPTL_NM`, `dcm`.`DAY_CKUP_SE`, `dcm`.`CKUP_SE`, `dcm`.`MAX_CNT`
ORDER BY `ckup_year` DESC')
 3 SYSTEMPATH\Database\BaseBuilder.php(1649): CodeIgniter\Database\BaseConnection->query('SELECT YEAR(dcm.CKUP_YMD) AS ckup_year, `dcm`.`HSPTL_SN`, `hm`.`HSPTL_NM`, `dcm`.`DAY_CKUP_SE`, `dcm`.`CKUP_SE`, `dcm`.`MAX_CNT`, MAX(dcm.REG_YMD) AS reg_ymd
FROM `DAY_CKUP_MNG` AS `dcm`
LEFT JOIN `HSPTL_MNG` AS `hm` ON `hm`.`HSPTL_SN` = `dcm`.`HSPTL_SN`
GROUP BY YEAR(dcm.CKUP_YMD), `dcm`.`HSPTL_SN`, `hm`.`HSPTL_NM`, `dcm`.`DAY_CKUP_SE`, `dcm`.`CKUP_SE`, `dcm`.`MAX_CNT`
ORDER BY `ckup_year` DESC', [], false)
 4 APPPATH\Models\DayCkupMngModel.php(61): CodeIgniter\Database\BaseBuilder->get()
 5 APPPATH\Controllers\DayCkupMngController.php(63): App\Models\DayCkupMngModel->getSummaryList([...])
 6 SYSTEMPATH\CodeIgniter.php(933): App\Controllers\DayCkupMngController->getList()
 7 SYSTEMPATH\CodeIgniter.php(507): CodeIgniter\CodeIgniter->runController(Object(App\Controllers\DayCkupMngController))
 8 SYSTEMPATH\CodeIgniter.php(354): CodeIgniter\CodeIgniter->handleRequest(null, Object(Config\Cache), false)
 9 SYSTEMPATH\Boot.php(334): CodeIgniter\CodeIgniter->run()
10 SYSTEMPATH\Boot.php(67): CodeIgniter\Boot::runCodeIgniter(Object(CodeIgniter\CodeIgniter))
11 FCPATH\index.php(59): CodeIgniter\Boot::bootWeb(Object(Config\Paths))
CRITICAL - 2025-11-20 04:40:15 --> [Caused by] mysqli_sql_exception: Table 'sunwoo901.DAY_CKUP_MNG' doesn't exist
in SYSTEMPATH\Database\MySQLi\Connection.php on line 327.
 1 SYSTEMPATH\Database\MySQLi\Connection.php(327): mysqli->query('SELECT YEAR(dcm.CKUP_YMD) AS ckup_year, `dcm`.`HSPTL_SN`, `hm`.`HSPTL_NM`, `dcm`.`DAY_CKUP_SE`, `dcm`.`CKUP_SE`, `dcm`.`MAX_CNT`, MAX(dcm.REG_YMD) AS reg_ymd
FROM `DAY_CKUP_MNG` AS `dcm`
LEFT JOIN `HSPTL_MNG` AS `hm` ON `hm`.`HSPTL_SN` = `dcm`.`HSPTL_SN`
GROUP BY YEAR(dcm.CKUP_YMD), `dcm`.`HSPTL_SN`, `hm`.`HSPTL_NM`, `dcm`.`DAY_CKUP_SE`, `dcm`.`CKUP_SE`, `dcm`.`MAX_CNT`
ORDER BY `ckup_year` DESC', 0)
 2 SYSTEMPATH\Database\BaseConnection.php(738): CodeIgniter\Database\MySQLi\Connection->execute('SELECT YEAR(dcm.CKUP_YMD) AS ckup_year, `dcm`.`HSPTL_SN`, `hm`.`HSPTL_NM`, `dcm`.`DAY_CKUP_SE`, `dcm`.`CKUP_SE`, `dcm`.`MAX_CNT`, MAX(dcm.REG_YMD) AS reg_ymd
FROM `DAY_CKUP_MNG` AS `dcm`
LEFT JOIN `HSPTL_MNG` AS `hm` ON `hm`.`HSPTL_SN` = `dcm`.`HSPTL_SN`
GROUP BY YEAR(dcm.CKUP_YMD), `dcm`.`HSPTL_SN`, `hm`.`HSPTL_NM`, `dcm`.`DAY_CKUP_SE`, `dcm`.`CKUP_SE`, `dcm`.`MAX_CNT`
ORDER BY `ckup_year` DESC')
 3 SYSTEMPATH\Database\BaseConnection.php(652): CodeIgniter\Database\BaseConnection->simpleQuery('SELECT YEAR(dcm.CKUP_YMD) AS ckup_year, `dcm`.`HSPTL_SN`, `hm`.`HSPTL_NM`, `dcm`.`DAY_CKUP_SE`, `dcm`.`CKUP_SE`, `dcm`.`MAX_CNT`, MAX(dcm.REG_YMD) AS reg_ymd
FROM `DAY_CKUP_MNG` AS `dcm`
LEFT JOIN `HSPTL_MNG` AS `hm` ON `hm`.`HSPTL_SN` = `dcm`.`HSPTL_SN`
GROUP BY YEAR(dcm.CKUP_YMD), `dcm`.`HSPTL_SN`, `hm`.`HSPTL_NM`, `dcm`.`DAY_CKUP_SE`, `dcm`.`CKUP_SE`, `dcm`.`MAX_CNT`
ORDER BY `ckup_year` DESC')
 4 SYSTEMPATH\Database\BaseBuilder.php(1649): CodeIgniter\Database\BaseConnection->query('SELECT YEAR(dcm.CKUP_YMD) AS ckup_year, `dcm`.`HSPTL_SN`, `hm`.`HSPTL_NM`, `dcm`.`DAY_CKUP_SE`, `dcm`.`CKUP_SE`, `dcm`.`MAX_CNT`, MAX(dcm.REG_YMD) AS reg_ymd
FROM `DAY_CKUP_MNG` AS `dcm`
LEFT JOIN `HSPTL_MNG` AS `hm` ON `hm`.`HSPTL_SN` = `dcm`.`HSPTL_SN`
GROUP BY YEAR(dcm.CKUP_YMD), `dcm`.`HSPTL_SN`, `hm`.`HSPTL_NM`, `dcm`.`DAY_CKUP_SE`, `dcm`.`CKUP_SE`, `dcm`.`MAX_CNT`
ORDER BY `ckup_year` DESC', [], false)
 5 APPPATH\Models\DayCkupMngModel.php(61): CodeIgniter\Database\BaseBuilder->get()
 6 APPPATH\Controllers\DayCkupMngController.php(63): App\Models\DayCkupMngModel->getSummaryList([...])
 7 SYSTEMPATH\CodeIgniter.php(933): App\Controllers\DayCkupMngController->getList()
 8 SYSTEMPATH\CodeIgniter.php(507): CodeIgniter\CodeIgniter->runController(Object(App\Controllers\DayCkupMngController))
 9 SYSTEMPATH\CodeIgniter.php(354): CodeIgniter\CodeIgniter->handleRequest(null, Object(Config\Cache), false)
10 SYSTEMPATH\Boot.php(334): CodeIgniter\CodeIgniter->run()
11 SYSTEMPATH\Boot.php(67): CodeIgniter\Boot::runCodeIgniter(Object(CodeIgniter\CodeIgniter))
12 FCPATH\index.php(59): CodeIgniter\Boot::bootWeb(Object(Config\Paths))
ERROR - 2025-11-20 04:40:20 --> mysqli_sql_exception: Table 'sunwoo901.DAY_CKUP_MNG' doesn't exist in E:\project\namuh\source\system\Database\MySQLi\Connection.php:327
Stack trace:
#0 E:\project\namuh\source\system\Database\MySQLi\Connection.php(327): mysqli->query('SELECT YEAR(dcm...', 0)
#1 E:\project\namuh\source\system\Database\BaseConnection.php(738): CodeIgniter\Database\MySQLi\Connection->execute('SELECT YEAR(dcm...')
#2 E:\project\namuh\source\system\Database\BaseConnection.php(652): CodeIgniter\Database\BaseConnection->simpleQuery('SELECT YEAR(dcm...')
#3 E:\project\namuh\source\system\Database\BaseBuilder.php(1649): CodeIgniter\Database\BaseConnection->query('SELECT YEAR(dcm...', Array, false)
#4 E:\project\namuh\source\app\Models\DayCkupMngModel.php(61): CodeIgniter\Database\BaseBuilder->get()
#5 E:\project\namuh\source\app\Controllers\DayCkupMngController.php(63): App\Models\DayCkupMngModel->getSummaryList(Array)
#6 E:\project\namuh\source\system\CodeIgniter.php(933): App\Controllers\DayCkupMngController->getList()
#7 E:\project\namuh\source\system\CodeIgniter.php(507): CodeIgniter\CodeIgniter->runController(Object(App\Controllers\DayCkupMngController))
#8 E:\project\namuh\source\system\CodeIgniter.php(354): CodeIgniter\CodeIgniter->handleRequest(NULL, Object(Config\Cache), false)
#9 E:\project\namuh\source\system\Boot.php(334): CodeIgniter\CodeIgniter->run()
#10 E:\project\namuh\source\system\Boot.php(67): CodeIgniter\Boot::runCodeIgniter(Object(CodeIgniter\CodeIgniter))
#11 E:\project\namuh\source\index.php(59): CodeIgniter\Boot::bootWeb(Object(Config\Paths))
#12 {main}
CRITICAL - 2025-11-20 04:40:20 --> CodeIgniter\Database\Exceptions\DatabaseException: Table 'sunwoo901.DAY_CKUP_MNG' doesn't exist
[Method: GET, Route: mngr/dayCkupMng/getList]
in SYSTEMPATH\Database\BaseConnection.php on line 692.
 1 SYSTEMPATH\Database\BaseBuilder.php(1649): CodeIgniter\Database\BaseConnection->query('SELECT YEAR(dcm.CKUP_YMD) AS ckup_year, `dcm`.`HSPTL_SN`, `hm`.`HSPTL_NM`, `dcm`.`DAY_CKUP_SE`, `dcm`.`CKUP_SE`, `dcm`.`MAX_CNT`, MAX(dcm.REG_YMD) AS reg_ymd
FROM `DAY_CKUP_MNG` AS `dcm`
LEFT JOIN `HSPTL_MNG` AS `hm` ON `hm`.`HSPTL_SN` = `dcm`.`HSPTL_SN`
WHERE `dcm`.`HSPTL_SN` = :dcm.HSPTL_SN:
GROUP BY YEAR(dcm.CKUP_YMD), `dcm`.`HSPTL_SN`, `hm`.`HSPTL_NM`, `dcm`.`DAY_CKUP_SE`, `dcm`.`CKUP_SE`, `dcm`.`MAX_CNT`
ORDER BY `ckup_year` DESC', [...], false)
 2 APPPATH\Models\DayCkupMngModel.php(61): CodeIgniter\Database\BaseBuilder->get()
 3 APPPATH\Controllers\DayCkupMngController.php(63): App\Models\DayCkupMngModel->getSummaryList([...])
 4 SYSTEMPATH\CodeIgniter.php(933): App\Controllers\DayCkupMngController->getList()
 5 SYSTEMPATH\CodeIgniter.php(507): CodeIgniter\CodeIgniter->runController(Object(App\Controllers\DayCkupMngController))
 6 SYSTEMPATH\CodeIgniter.php(354): CodeIgniter\CodeIgniter->handleRequest(null, Object(Config\Cache), false)
 7 SYSTEMPATH\Boot.php(334): CodeIgniter\CodeIgniter->run()
 8 SYSTEMPATH\Boot.php(67): CodeIgniter\Boot::runCodeIgniter(Object(CodeIgniter\CodeIgniter))
 9 FCPATH\index.php(59): CodeIgniter\Boot::bootWeb(Object(Config\Paths))
CRITICAL - 2025-11-20 04:40:20 --> [Caused by] CodeIgniter\Database\Exceptions\DatabaseException: Table 'sunwoo901.DAY_CKUP_MNG' doesn't exist
in SYSTEMPATH\Database\MySQLi\Connection.php on line 332.
 1 SYSTEMPATH\Database\BaseConnection.php(738): CodeIgniter\Database\MySQLi\Connection->execute('SELECT YEAR(dcm.CKUP_YMD) AS ckup_year, `dcm`.`HSPTL_SN`, `hm`.`HSPTL_NM`, `dcm`.`DAY_CKUP_SE`, `dcm`.`CKUP_SE`, `dcm`.`MAX_CNT`, MAX(dcm.REG_YMD) AS reg_ymd
FROM `DAY_CKUP_MNG` AS `dcm`
LEFT JOIN `HSPTL_MNG` AS `hm` ON `hm`.`HSPTL_SN` = `dcm`.`HSPTL_SN`
WHERE `dcm`.`HSPTL_SN` = \'1\'
GROUP BY YEAR(dcm.CKUP_YMD), `dcm`.`HSPTL_SN`, `hm`.`HSPTL_NM`, `dcm`.`DAY_CKUP_SE`, `dcm`.`CKUP_SE`, `dcm`.`MAX_CNT`
ORDER BY `ckup_year` DESC')
 2 SYSTEMPATH\Database\BaseConnection.php(652): CodeIgniter\Database\BaseConnection->simpleQuery('SELECT YEAR(dcm.CKUP_YMD) AS ckup_year, `dcm`.`HSPTL_SN`, `hm`.`HSPTL_NM`, `dcm`.`DAY_CKUP_SE`, `dcm`.`CKUP_SE`, `dcm`.`MAX_CNT`, MAX(dcm.REG_YMD) AS reg_ymd
FROM `DAY_CKUP_MNG` AS `dcm`
LEFT JOIN `HSPTL_MNG` AS `hm` ON `hm`.`HSPTL_SN` = `dcm`.`HSPTL_SN`
WHERE `dcm`.`HSPTL_SN` = \'1\'
GROUP BY YEAR(dcm.CKUP_YMD), `dcm`.`HSPTL_SN`, `hm`.`HSPTL_NM`, `dcm`.`DAY_CKUP_SE`, `dcm`.`CKUP_SE`, `dcm`.`MAX_CNT`
ORDER BY `ckup_year` DESC')
 3 SYSTEMPATH\Database\BaseBuilder.php(1649): CodeIgniter\Database\BaseConnection->query('SELECT YEAR(dcm.CKUP_YMD) AS ckup_year, `dcm`.`HSPTL_SN`, `hm`.`HSPTL_NM`, `dcm`.`DAY_CKUP_SE`, `dcm`.`CKUP_SE`, `dcm`.`MAX_CNT`, MAX(dcm.REG_YMD) AS reg_ymd
FROM `DAY_CKUP_MNG` AS `dcm`
LEFT JOIN `HSPTL_MNG` AS `hm` ON `hm`.`HSPTL_SN` = `dcm`.`HSPTL_SN`
WHERE `dcm`.`HSPTL_SN` = :dcm.HSPTL_SN:
GROUP BY YEAR(dcm.CKUP_YMD), `dcm`.`HSPTL_SN`, `hm`.`HSPTL_NM`, `dcm`.`DAY_CKUP_SE`, `dcm`.`CKUP_SE`, `dcm`.`MAX_CNT`
ORDER BY `ckup_year` DESC', [...], false)
 4 APPPATH\Models\DayCkupMngModel.php(61): CodeIgniter\Database\BaseBuilder->get()
 5 APPPATH\Controllers\DayCkupMngController.php(63): App\Models\DayCkupMngModel->getSummaryList([...])
 6 SYSTEMPATH\CodeIgniter.php(933): App\Controllers\DayCkupMngController->getList()
 7 SYSTEMPATH\CodeIgniter.php(507): CodeIgniter\CodeIgniter->runController(Object(App\Controllers\DayCkupMngController))
 8 SYSTEMPATH\CodeIgniter.php(354): CodeIgniter\CodeIgniter->handleRequest(null, Object(Config\Cache), false)
 9 SYSTEMPATH\Boot.php(334): CodeIgniter\CodeIgniter->run()
10 SYSTEMPATH\Boot.php(67): CodeIgniter\Boot::runCodeIgniter(Object(CodeIgniter\CodeIgniter))
11 FCPATH\index.php(59): CodeIgniter\Boot::bootWeb(Object(Config\Paths))
CRITICAL - 2025-11-20 04:40:20 --> [Caused by] mysqli_sql_exception: Table 'sunwoo901.DAY_CKUP_MNG' doesn't exist
in SYSTEMPATH\Database\MySQLi\Connection.php on line 327.
 1 SYSTEMPATH\Database\MySQLi\Connection.php(327): mysqli->query('SELECT YEAR(dcm.CKUP_YMD) AS ckup_year, `dcm`.`HSPTL_SN`, `hm`.`HSPTL_NM`, `dcm`.`DAY_CKUP_SE`, `dcm`.`CKUP_SE`, `dcm`.`MAX_CNT`, MAX(dcm.REG_YMD) AS reg_ymd
FROM `DAY_CKUP_MNG` AS `dcm`
LEFT JOIN `HSPTL_MNG` AS `hm` ON `hm`.`HSPTL_SN` = `dcm`.`HSPTL_SN`
WHERE `dcm`.`HSPTL_SN` = \'1\'
GROUP BY YEAR(dcm.CKUP_YMD), `dcm`.`HSPTL_SN`, `hm`.`HSPTL_NM`, `dcm`.`DAY_CKUP_SE`, `dcm`.`CKUP_SE`, `dcm`.`MAX_CNT`
ORDER BY `ckup_year` DESC', 0)
 2 SYSTEMPATH\Database\BaseConnection.php(738): CodeIgniter\Database\MySQLi\Connection->execute('SELECT YEAR(dcm.CKUP_YMD) AS ckup_year, `dcm`.`HSPTL_SN`, `hm`.`HSPTL_NM`, `dcm`.`DAY_CKUP_SE`, `dcm`.`CKUP_SE`, `dcm`.`MAX_CNT`, MAX(dcm.REG_YMD) AS reg_ymd
FROM `DAY_CKUP_MNG` AS `dcm`
LEFT JOIN `HSPTL_MNG` AS `hm` ON `hm`.`HSPTL_SN` = `dcm`.`HSPTL_SN`
WHERE `dcm`.`HSPTL_SN` = \'1\'
GROUP BY YEAR(dcm.CKUP_YMD), `dcm`.`HSPTL_SN`, `hm`.`HSPTL_NM`, `dcm`.`DAY_CKUP_SE`, `dcm`.`CKUP_SE`, `dcm`.`MAX_CNT`
ORDER BY `ckup_year` DESC')
 3 SYSTEMPATH\Database\BaseConnection.php(652): CodeIgniter\Database\BaseConnection->simpleQuery('SELECT YEAR(dcm.CKUP_YMD) AS ckup_year, `dcm`.`HSPTL_SN`, `hm`.`HSPTL_NM`, `dcm`.`DAY_CKUP_SE`, `dcm`.`CKUP_SE`, `dcm`.`MAX_CNT`, MAX(dcm.REG_YMD) AS reg_ymd
FROM `DAY_CKUP_MNG` AS `dcm`
LEFT JOIN `HSPTL_MNG` AS `hm` ON `hm`.`HSPTL_SN` = `dcm`.`HSPTL_SN`
WHERE `dcm`.`HSPTL_SN` = \'1\'
GROUP BY YEAR(dcm.CKUP_YMD), `dcm`.`HSPTL_SN`, `hm`.`HSPTL_NM`, `dcm`.`DAY_CKUP_SE`, `dcm`.`CKUP_SE`, `dcm`.`MAX_CNT`
ORDER BY `ckup_year` DESC')
 4 SYSTEMPATH\Database\BaseBuilder.php(1649): CodeIgniter\Database\BaseConnection->query('SELECT YEAR(dcm.CKUP_YMD) AS ckup_year, `dcm`.`HSPTL_SN`, `hm`.`HSPTL_NM`, `dcm`.`DAY_CKUP_SE`, `dcm`.`CKUP_SE`, `dcm`.`MAX_CNT`, MAX(dcm.REG_YMD) AS reg_ymd
FROM `DAY_CKUP_MNG` AS `dcm`
LEFT JOIN `HSPTL_MNG` AS `hm` ON `hm`.`HSPTL_SN` = `dcm`.`HSPTL_SN`
WHERE `dcm`.`HSPTL_SN` = :dcm.HSPTL_SN:
GROUP BY YEAR(dcm.CKUP_YMD), `dcm`.`HSPTL_SN`, `hm`.`HSPTL_NM`, `dcm`.`DAY_CKUP_SE`, `dcm`.`CKUP_SE`, `dcm`.`MAX_CNT`
ORDER BY `ckup_year` DESC', [...], false)
 5 APPPATH\Models\DayCkupMngModel.php(61): CodeIgniter\Database\BaseBuilder->get()
 6 APPPATH\Controllers\DayCkupMngController.php(63): App\Models\DayCkupMngModel->getSummaryList([...])
 7 SYSTEMPATH\CodeIgniter.php(933): App\Controllers\DayCkupMngController->getList()
 8 SYSTEMPATH\CodeIgniter.php(507): CodeIgniter\CodeIgniter->runController(Object(App\Controllers\DayCkupMngController))
 9 SYSTEMPATH\CodeIgniter.php(354): CodeIgniter\CodeIgniter->handleRequest(null, Object(Config\Cache), false)
10 SYSTEMPATH\Boot.php(334): CodeIgniter\CodeIgniter->run()
11 SYSTEMPATH\Boot.php(67): CodeIgniter\Boot::runCodeIgniter(Object(CodeIgniter\CodeIgniter))
12 FCPATH\index.php(59): CodeIgniter\Boot::bootWeb(Object(Config\Paths))
DEBUG - 2025-11-20 04:42:19 --> Session: Class initialized using 'CodeIgniter\Session\Handlers\FileHandler' driver.
DEBUG - 2025-11-20 04:43:23 --> Session: Class initialized using 'CodeIgniter\Session\Handlers\FileHandler' driver.
DEBUG - 2025-11-20 04:43:39 --> Session: Class initialized using 'CodeIgniter\Session\Handlers\FileHandler' driver.
DEBUG - 2025-11-20 04:44:07 --> Session: Class initialized using 'CodeIgniter\Session\Handlers\FileHandler' driver.
DEBUG - 2025-11-20 04:44:48 --> Session: Class initialized using 'CodeIgniter\Session\Handlers\FileHandler' driver.
DEBUG - 2025-11-20 04:49:30 --> Session: Class initialized using 'CodeIgniter\Session\Handlers\FileHandler' driver.
DEBUG - 2025-11-20 04:49:34 --> Session: Class initialized using 'CodeIgniter\Session\Handlers\FileHandler' driver.
DEBUG - 2025-11-20 04:49:59 --> Session: Class initialized using 'CodeIgniter\Session\Handlers\FileHandler' driver.
DEBUG - 2025-11-20 04:52:13 --> Session: Class initialized using 'CodeIgniter\Session\Handlers\FileHandler' driver.
DEBUG - 2025-11-20 04:52:36 --> Session: Class initialized using 'CodeIgniter\Session\Handlers\FileHandler' driver.
DEBUG - 2025-11-20 04:52:39 --> Session: Class initialized using 'CodeIgniter\Session\Handlers\FileHandler' driver.
DEBUG - 2025-11-20 04:54:07 --> Session: Class initialized using 'CodeIgniter\Session\Handlers\FileHandler' driver.
DEBUG - 2025-11-20 04:55:30 --> Session: Class initialized using 'CodeIgniter\Session\Handlers\FileHandler' driver.
DEBUG - 2025-11-20 04:56:32 --> Session: Class initialized using 'CodeIgniter\Session\Handlers\FileHandler' driver.
DEBUG - 2025-11-20 04:56:55 --> Session: Class initialized using 'CodeIgniter\Session\Handlers\FileHandler' driver.
ERROR - 2025-11-20 04:56:58 --> mysqli_sql_exception: Table 'sunwoo901.CO_HSPTL_LNKNG' doesn't exist in E:\project\namuh\source\system\Database\MySQLi\Connection.php:327
Stack trace:
#0 E:\project\namuh\source\system\Database\MySQLi\Connection.php(327): mysqli->query('SELECT `HSPTL_S...', 0)
#1 E:\project\namuh\source\system\Database\BaseConnection.php(738): CodeIgniter\Database\MySQLi\Connection->execute('SELECT `HSPTL_S...')
#2 E:\project\namuh\source\system\Database\BaseConnection.php(652): CodeIgniter\Database\BaseConnection->simpleQuery('SELECT `HSPTL_S...')
#3 E:\project\namuh\source\system\Database\BaseBuilder.php(1649): CodeIgniter\Database\BaseConnection->query('SELECT `HSPTL_S...', Array, false)
#4 E:\project\namuh\source\system\Model.php(286): CodeIgniter\Database\BaseBuilder->get()
#5 E:\project\namuh\source\system\BaseModel.php(679): CodeIgniter\Model->doFindAll(0, 0)
#6 E:\project\namuh\source\app\Models\CoHsptlLnkngModel.php(25): CodeIgniter\BaseModel->findAll()
#7 E:\project\namuh\source\app\Controllers\CoMngController.php(216): App\Models\CoHsptlLnkngModel->getLinkedHsptlSnsByCoSn('1')
#8 E:\project\namuh\source\system\CodeIgniter.php(933): App\Controllers\CoMngController->ajax_get_hsptls_for_linking('1')
#9 E:\project\namuh\source\system\CodeIgniter.php(507): CodeIgniter\CodeIgniter->runController(Object(App\Controllers\CoMngController))
#10 E:\project\namuh\source\system\CodeIgniter.php(354): CodeIgniter\CodeIgniter->handleRequest(NULL, Object(Config\Cache), false)
#11 E:\project\namuh\source\system\Boot.php(334): CodeIgniter\CodeIgniter->run()
#12 E:\project\namuh\source\system\Boot.php(67): CodeIgniter\Boot::runCodeIgniter(Object(CodeIgniter\CodeIgniter))
#13 E:\project\namuh\source\index.php(59): CodeIgniter\Boot::bootWeb(Object(Config\Paths))
#14 {main}
CRITICAL - 2025-11-20 04:56:58 --> CodeIgniter\Database\Exceptions\DatabaseException: Table 'sunwoo901.CO_HSPTL_LNKNG' doesn't exist
[Method: GET, Route: mngr/coMng/ajax_get_hsptls_for_linking/1]
in SYSTEMPATH\Database\BaseConnection.php on line 692.
 1 SYSTEMPATH\Database\BaseBuilder.php(1649): CodeIgniter\Database\BaseConnection->query('SELECT `HSPTL_SN`
FROM `CO_HSPTL_LNKNG`
WHERE `CO_SN` = :CO_SN:', [...], false)
 2 SYSTEMPATH\Model.php(286): CodeIgniter\Database\BaseBuilder->get()
 3 SYSTEMPATH\BaseModel.php(679): CodeIgniter\Model->doFindAll(0, 0)
 4 APPPATH\Models\CoHsptlLnkngModel.php(25): CodeIgniter\BaseModel->findAll()
 5 APPPATH\Controllers\CoMngController.php(216): App\Models\CoHsptlLnkngModel->getLinkedHsptlSnsByCoSn('1')
 6 SYSTEMPATH\CodeIgniter.php(933): App\Controllers\CoMngController->ajax_get_hsptls_for_linking('1')
 7 SYSTEMPATH\CodeIgniter.php(507): CodeIgniter\CodeIgniter->runController(Object(App\Controllers\CoMngController))
 8 SYSTEMPATH\CodeIgniter.php(354): CodeIgniter\CodeIgniter->handleRequest(null, Object(Config\Cache), false)
 9 SYSTEMPATH\Boot.php(334): CodeIgniter\CodeIgniter->run()
10 SYSTEMPATH\Boot.php(67): CodeIgniter\Boot::runCodeIgniter(Object(CodeIgniter\CodeIgniter))
11 FCPATH\index.php(59): CodeIgniter\Boot::bootWeb(Object(Config\Paths))
CRITICAL - 2025-11-20 04:56:58 --> [Caused by] CodeIgniter\Database\Exceptions\DatabaseException: Table 'sunwoo901.CO_HSPTL_LNKNG' doesn't exist
in SYSTEMPATH\Database\MySQLi\Connection.php on line 332.
 1 SYSTEMPATH\Database\BaseConnection.php(738): CodeIgniter\Database\MySQLi\Connection->execute('SELECT `HSPTL_SN`
FROM `CO_HSPTL_LNKNG`
WHERE `CO_SN` = \'1\'')
 2 SYSTEMPATH\Database\BaseConnection.php(652): CodeIgniter\Database\BaseConnection->simpleQuery('SELECT `HSPTL_SN`
FROM `CO_HSPTL_LNKNG`
WHERE `CO_SN` = \'1\'')
 3 SYSTEMPATH\Database\BaseBuilder.php(1649): CodeIgniter\Database\BaseConnection->query('SELECT `HSPTL_SN`
FROM `CO_HSPTL_LNKNG`
WHERE `CO_SN` = :CO_SN:', [...], false)
 4 SYSTEMPATH\Model.php(286): CodeIgniter\Database\BaseBuilder->get()
 5 SYSTEMPATH\BaseModel.php(679): CodeIgniter\Model->doFindAll(0, 0)
 6 APPPATH\Models\CoHsptlLnkngModel.php(25): CodeIgniter\BaseModel->findAll()
 7 APPPATH\Controllers\CoMngController.php(216): App\Models\CoHsptlLnkngModel->getLinkedHsptlSnsByCoSn('1')
 8 SYSTEMPATH\CodeIgniter.php(933): App\Controllers\CoMngController->ajax_get_hsptls_for_linking('1')
 9 SYSTEMPATH\CodeIgniter.php(507): CodeIgniter\CodeIgniter->runController(Object(App\Controllers\CoMngController))
10 SYSTEMPATH\CodeIgniter.php(354): CodeIgniter\CodeIgniter->handleRequest(null, Object(Config\Cache), false)
11 SYSTEMPATH\Boot.php(334): CodeIgniter\CodeIgniter->run()
12 SYSTEMPATH\Boot.php(67): CodeIgniter\Boot::runCodeIgniter(Object(CodeIgniter\CodeIgniter))
13 FCPATH\index.php(59): CodeIgniter\Boot::bootWeb(Object(Config\Paths))
CRITICAL - 2025-11-20 04:56:58 --> [Caused by] mysqli_sql_exception: Table 'sunwoo901.CO_HSPTL_LNKNG' doesn't exist
in SYSTEMPATH\Database\MySQLi\Connection.php on line 327.
 1 SYSTEMPATH\Database\MySQLi\Connection.php(327): mysqli->query('SELECT `HSPTL_SN`
FROM `CO_HSPTL_LNKNG`
WHERE `CO_SN` = \'1\'', 0)
 2 SYSTEMPATH\Database\BaseConnection.php(738): CodeIgniter\Database\MySQLi\Connection->execute('SELECT `HSPTL_SN`
FROM `CO_HSPTL_LNKNG`
WHERE `CO_SN` = \'1\'')
 3 SYSTEMPATH\Database\BaseConnection.php(652): CodeIgniter\Database\BaseConnection->simpleQuery('SELECT `HSPTL_SN`
FROM `CO_HSPTL_LNKNG`
WHERE `CO_SN` = \'1\'')
 4 SYSTEMPATH\Database\BaseBuilder.php(1649): CodeIgniter\Database\BaseConnection->query('SELECT `HSPTL_SN`
FROM `CO_HSPTL_LNKNG`
WHERE `CO_SN` = :CO_SN:', [...], false)
 5 SYSTEMPATH\Model.php(286): CodeIgniter\Database\BaseBuilder->get()
 6 SYSTEMPATH\BaseModel.php(679): CodeIgniter\Model->doFindAll(0, 0)
 7 APPPATH\Models\CoHsptlLnkngModel.php(25): CodeIgniter\BaseModel->findAll()
 8 APPPATH\Controllers\CoMngController.php(216): App\Models\CoHsptlLnkngModel->getLinkedHsptlSnsByCoSn('1')
 9 SYSTEMPATH\CodeIgniter.php(933): App\Controllers\CoMngController->ajax_get_hsptls_for_linking('1')
10 SYSTEMPATH\CodeIgniter.php(507): CodeIgniter\CodeIgniter->runController(Object(App\Controllers\CoMngController))
11 SYSTEMPATH\CodeIgniter.php(354): CodeIgniter\CodeIgniter->handleRequest(null, Object(Config\Cache), false)
12 SYSTEMPATH\Boot.php(334): CodeIgniter\CodeIgniter->run()
13 SYSTEMPATH\Boot.php(67): CodeIgniter\Boot::runCodeIgniter(Object(CodeIgniter\CodeIgniter))
14 FCPATH\index.php(59): CodeIgniter\Boot::bootWeb(Object(Config\Paths))
ERROR - 2025-11-20 04:57:24 --> mysqli_sql_exception: Table 'sunwoo901.CO_HSPTL_LNKNG' doesn't exist in E:\project\namuh\source\system\Database\MySQLi\Connection.php:327
Stack trace:
#0 E:\project\namuh\source\system\Database\MySQLi\Connection.php(327): mysqli->query('SELECT `HSPTL_S...', 0)
#1 E:\project\namuh\source\system\Database\BaseConnection.php(738): CodeIgniter\Database\MySQLi\Connection->execute('SELECT `HSPTL_S...')
#2 E:\project\namuh\source\system\Database\BaseConnection.php(652): CodeIgniter\Database\BaseConnection->simpleQuery('SELECT `HSPTL_S...')
#3 E:\project\namuh\source\system\Database\BaseBuilder.php(1649): CodeIgniter\Database\BaseConnection->query('SELECT `HSPTL_S...', Array, false)
#4 E:\project\namuh\source\system\Model.php(286): CodeIgniter\Database\BaseBuilder->get()
#5 E:\project\namuh\source\system\BaseModel.php(679): CodeIgniter\Model->doFindAll(0, 0)
#6 E:\project\namuh\source\app\Models\CoHsptlLnkngModel.php(25): CodeIgniter\BaseModel->findAll()
#7 E:\project\namuh\source\app\Controllers\CoMngController.php(216): App\Models\CoHsptlLnkngModel->getLinkedHsptlSnsByCoSn('1')
#8 E:\project\namuh\source\system\CodeIgniter.php(933): App\Controllers\CoMngController->ajax_get_hsptls_for_linking('1')
#9 E:\project\namuh\source\system\CodeIgniter.php(507): CodeIgniter\CodeIgniter->runController(Object(App\Controllers\CoMngController))
#10 E:\project\namuh\source\system\CodeIgniter.php(354): CodeIgniter\CodeIgniter->handleRequest(NULL, Object(Config\Cache), false)
#11 E:\project\namuh\source\system\Boot.php(334): CodeIgniter\CodeIgniter->run()
#12 E:\project\namuh\source\system\Boot.php(67): CodeIgniter\Boot::runCodeIgniter(Object(CodeIgniter\CodeIgniter))
#13 E:\project\namuh\source\index.php(59): CodeIgniter\Boot::bootWeb(Object(Config\Paths))
#14 {main}
CRITICAL - 2025-11-20 04:57:24 --> CodeIgniter\Database\Exceptions\DatabaseException: Table 'sunwoo901.CO_HSPTL_LNKNG' doesn't exist
[Method: GET, Route: mngr/coMng/ajax_get_hsptls_for_linking/1]
in SYSTEMPATH\Database\BaseConnection.php on line 692.
 1 SYSTEMPATH\Database\BaseBuilder.php(1649): CodeIgniter\Database\BaseConnection->query('SELECT `HSPTL_SN`
FROM `CO_HSPTL_LNKNG`
WHERE `CO_SN` = :CO_SN:', [...], false)
 2 SYSTEMPATH\Model.php(286): CodeIgniter\Database\BaseBuilder->get()
 3 SYSTEMPATH\BaseModel.php(679): CodeIgniter\Model->doFindAll(0, 0)
 4 APPPATH\Models\CoHsptlLnkngModel.php(25): CodeIgniter\BaseModel->findAll()
 5 APPPATH\Controllers\CoMngController.php(216): App\Models\CoHsptlLnkngModel->getLinkedHsptlSnsByCoSn('1')
 6 SYSTEMPATH\CodeIgniter.php(933): App\Controllers\CoMngController->ajax_get_hsptls_for_linking('1')
 7 SYSTEMPATH\CodeIgniter.php(507): CodeIgniter\CodeIgniter->runController(Object(App\Controllers\CoMngController))
 8 SYSTEMPATH\CodeIgniter.php(354): CodeIgniter\CodeIgniter->handleRequest(null, Object(Config\Cache), false)
 9 SYSTEMPATH\Boot.php(334): CodeIgniter\CodeIgniter->run()
10 SYSTEMPATH\Boot.php(67): CodeIgniter\Boot::runCodeIgniter(Object(CodeIgniter\CodeIgniter))
11 FCPATH\index.php(59): CodeIgniter\Boot::bootWeb(Object(Config\Paths))
CRITICAL - 2025-11-20 04:57:24 --> [Caused by] CodeIgniter\Database\Exceptions\DatabaseException: Table 'sunwoo901.CO_HSPTL_LNKNG' doesn't exist
in SYSTEMPATH\Database\MySQLi\Connection.php on line 332.
 1 SYSTEMPATH\Database\BaseConnection.php(738): CodeIgniter\Database\MySQLi\Connection->execute('SELECT `HSPTL_SN`
FROM `CO_HSPTL_LNKNG`
WHERE `CO_SN` = \'1\'')
 2 SYSTEMPATH\Database\BaseConnection.php(652): CodeIgniter\Database\BaseConnection->simpleQuery('SELECT `HSPTL_SN`
FROM `CO_HSPTL_LNKNG`
WHERE `CO_SN` = \'1\'')
 3 SYSTEMPATH\Database\BaseBuilder.php(1649): CodeIgniter\Database\BaseConnection->query('SELECT `HSPTL_SN`
FROM `CO_HSPTL_LNKNG`
WHERE `CO_SN` = :CO_SN:', [...], false)
 4 SYSTEMPATH\Model.php(286): CodeIgniter\Database\BaseBuilder->get()
 5 SYSTEMPATH\BaseModel.php(679): CodeIgniter\Model->doFindAll(0, 0)
 6 APPPATH\Models\CoHsptlLnkngModel.php(25): CodeIgniter\BaseModel->findAll()
 7 APPPATH\Controllers\CoMngController.php(216): App\Models\CoHsptlLnkngModel->getLinkedHsptlSnsByCoSn('1')
 8 SYSTEMPATH\CodeIgniter.php(933): App\Controllers\CoMngController->ajax_get_hsptls_for_linking('1')
 9 SYSTEMPATH\CodeIgniter.php(507): CodeIgniter\CodeIgniter->runController(Object(App\Controllers\CoMngController))
10 SYSTEMPATH\CodeIgniter.php(354): CodeIgniter\CodeIgniter->handleRequest(null, Object(Config\Cache), false)
11 SYSTEMPATH\Boot.php(334): CodeIgniter\CodeIgniter->run()
12 SYSTEMPATH\Boot.php(67): CodeIgniter\Boot::runCodeIgniter(Object(CodeIgniter\CodeIgniter))
13 FCPATH\index.php(59): CodeIgniter\Boot::bootWeb(Object(Config\Paths))
CRITICAL - 2025-11-20 04:57:24 --> [Caused by] mysqli_sql_exception: Table 'sunwoo901.CO_HSPTL_LNKNG' doesn't exist
in SYSTEMPATH\Database\MySQLi\Connection.php on line 327.
 1 SYSTEMPATH\Database\MySQLi\Connection.php(327): mysqli->query('SELECT `HSPTL_SN`
FROM `CO_HSPTL_LNKNG`
WHERE `CO_SN` = \'1\'', 0)
 2 SYSTEMPATH\Database\BaseConnection.php(738): CodeIgniter\Database\MySQLi\Connection->execute('SELECT `HSPTL_SN`
FROM `CO_HSPTL_LNKNG`
WHERE `CO_SN` = \'1\'')
 3 SYSTEMPATH\Database\BaseConnection.php(652): CodeIgniter\Database\BaseConnection->simpleQuery('SELECT `HSPTL_SN`
FROM `CO_HSPTL_LNKNG`
WHERE `CO_SN` = \'1\'')
 4 SYSTEMPATH\Database\BaseBuilder.php(1649): CodeIgniter\Database\BaseConnection->query('SELECT `HSPTL_SN`
FROM `CO_HSPTL_LNKNG`
WHERE `CO_SN` = :CO_SN:', [...], false)
 5 SYSTEMPATH\Model.php(286): CodeIgniter\Database\BaseBuilder->get()
 6 SYSTEMPATH\BaseModel.php(679): CodeIgniter\Model->doFindAll(0, 0)
 7 APPPATH\Models\CoHsptlLnkngModel.php(25): CodeIgniter\BaseModel->findAll()
 8 APPPATH\Controllers\CoMngController.php(216): App\Models\CoHsptlLnkngModel->getLinkedHsptlSnsByCoSn('1')
 9 SYSTEMPATH\CodeIgniter.php(933): App\Controllers\CoMngController->ajax_get_hsptls_for_linking('1')
10 SYSTEMPATH\CodeIgniter.php(507): CodeIgniter\CodeIgniter->runController(Object(App\Controllers\CoMngController))
11 SYSTEMPATH\CodeIgniter.php(354): CodeIgniter\CodeIgniter->handleRequest(null, Object(Config\Cache), false)
12 SYSTEMPATH\Boot.php(334): CodeIgniter\CodeIgniter->run()
13 SYSTEMPATH\Boot.php(67): CodeIgniter\Boot::runCodeIgniter(Object(CodeIgniter\CodeIgniter))
14 FCPATH\index.php(59): CodeIgniter\Boot::bootWeb(Object(Config\Paths))
ERROR - 2025-11-20 04:58:39 --> mysqli_sql_exception: Table 'sunwoo901.CO_HSPTL_LNKNG' doesn't exist in E:\project\namuh\source\system\Database\MySQLi\Connection.php:327
Stack trace:
#0 E:\project\namuh\source\system\Database\MySQLi\Connection.php(327): mysqli->query('SELECT `HSPTL_S...', 0)
#1 E:\project\namuh\source\system\Database\BaseConnection.php(738): CodeIgniter\Database\MySQLi\Connection->execute('SELECT `HSPTL_S...')
#2 E:\project\namuh\source\system\Database\BaseConnection.php(652): CodeIgniter\Database\BaseConnection->simpleQuery('SELECT `HSPTL_S...')
#3 E:\project\namuh\source\system\Database\BaseBuilder.php(1649): CodeIgniter\Database\BaseConnection->query('SELECT `HSPTL_S...', Array, false)
#4 E:\project\namuh\source\system\Model.php(286): CodeIgniter\Database\BaseBuilder->get()
#5 E:\project\namuh\source\system\BaseModel.php(679): CodeIgniter\Model->doFindAll(0, 0)
#6 E:\project\namuh\source\app\Models\CoHsptlLnkngModel.php(25): CodeIgniter\BaseModel->findAll()
#7 E:\project\namuh\source\app\Controllers\CoMngController.php(216): App\Models\CoHsptlLnkngModel->getLinkedHsptlSnsByCoSn('1')
#8 E:\project\namuh\source\system\CodeIgniter.php(933): App\Controllers\CoMngController->ajax_get_hsptls_for_linking('1')
#9 E:\project\namuh\source\system\CodeIgniter.php(507): CodeIgniter\CodeIgniter->runController(Object(App\Controllers\CoMngController))
#10 E:\project\namuh\source\system\CodeIgniter.php(354): CodeIgniter\CodeIgniter->handleRequest(NULL, Object(Config\Cache), false)
#11 E:\project\namuh\source\system\Boot.php(334): CodeIgniter\CodeIgniter->run()
#12 E:\project\namuh\source\system\Boot.php(67): CodeIgniter\Boot::runCodeIgniter(Object(CodeIgniter\CodeIgniter))
#13 E:\project\namuh\source\index.php(59): CodeIgniter\Boot::bootWeb(Object(Config\Paths))
#14 {main}
CRITICAL - 2025-11-20 04:58:39 --> CodeIgniter\Database\Exceptions\DatabaseException: Table 'sunwoo901.CO_HSPTL_LNKNG' doesn't exist
[Method: GET, Route: mngr/coMng/ajax_get_hsptls_for_linking/1]
in SYSTEMPATH\Database\BaseConnection.php on line 692.
 1 SYSTEMPATH\Database\BaseBuilder.php(1649): CodeIgniter\Database\BaseConnection->query('SELECT `HSPTL_SN`
FROM `CO_HSPTL_LNKNG`
WHERE `CO_SN` = :CO_SN:', [...], false)
 2 SYSTEMPATH\Model.php(286): CodeIgniter\Database\BaseBuilder->get()
 3 SYSTEMPATH\BaseModel.php(679): CodeIgniter\Model->doFindAll(0, 0)
 4 APPPATH\Models\CoHsptlLnkngModel.php(25): CodeIgniter\BaseModel->findAll()
 5 APPPATH\Controllers\CoMngController.php(216): App\Models\CoHsptlLnkngModel->getLinkedHsptlSnsByCoSn('1')
 6 SYSTEMPATH\CodeIgniter.php(933): App\Controllers\CoMngController->ajax_get_hsptls_for_linking('1')
 7 SYSTEMPATH\CodeIgniter.php(507): CodeIgniter\CodeIgniter->runController(Object(App\Controllers\CoMngController))
 8 SYSTEMPATH\CodeIgniter.php(354): CodeIgniter\CodeIgniter->handleRequest(null, Object(Config\Cache), false)
 9 SYSTEMPATH\Boot.php(334): CodeIgniter\CodeIgniter->run()
10 SYSTEMPATH\Boot.php(67): CodeIgniter\Boot::runCodeIgniter(Object(CodeIgniter\CodeIgniter))
11 FCPATH\index.php(59): CodeIgniter\Boot::bootWeb(Object(Config\Paths))
CRITICAL - 2025-11-20 04:58:39 --> [Caused by] CodeIgniter\Database\Exceptions\DatabaseException: Table 'sunwoo901.CO_HSPTL_LNKNG' doesn't exist
in SYSTEMPATH\Database\MySQLi\Connection.php on line 332.
 1 SYSTEMPATH\Database\BaseConnection.php(738): CodeIgniter\Database\MySQLi\Connection->execute('SELECT `HSPTL_SN`
FROM `CO_HSPTL_LNKNG`
WHERE `CO_SN` = \'1\'')
 2 SYSTEMPATH\Database\BaseConnection.php(652): CodeIgniter\Database\BaseConnection->simpleQuery('SELECT `HSPTL_SN`
FROM `CO_HSPTL_LNKNG`
WHERE `CO_SN` = \'1\'')
 3 SYSTEMPATH\Database\BaseBuilder.php(1649): CodeIgniter\Database\BaseConnection->query('SELECT `HSPTL_SN`
FROM `CO_HSPTL_LNKNG`
WHERE `CO_SN` = :CO_SN:', [...], false)
 4 SYSTEMPATH\Model.php(286): CodeIgniter\Database\BaseBuilder->get()
 5 SYSTEMPATH\BaseModel.php(679): CodeIgniter\Model->doFindAll(0, 0)
 6 APPPATH\Models\CoHsptlLnkngModel.php(25): CodeIgniter\BaseModel->findAll()
 7 APPPATH\Controllers\CoMngController.php(216): App\Models\CoHsptlLnkngModel->getLinkedHsptlSnsByCoSn('1')
 8 SYSTEMPATH\CodeIgniter.php(933): App\Controllers\CoMngController->ajax_get_hsptls_for_linking('1')
 9 SYSTEMPATH\CodeIgniter.php(507): CodeIgniter\CodeIgniter->runController(Object(App\Controllers\CoMngController))
10 SYSTEMPATH\CodeIgniter.php(354): CodeIgniter\CodeIgniter->handleRequest(null, Object(Config\Cache), false)
11 SYSTEMPATH\Boot.php(334): CodeIgniter\CodeIgniter->run()
12 SYSTEMPATH\Boot.php(67): CodeIgniter\Boot::runCodeIgniter(Object(CodeIgniter\CodeIgniter))
13 FCPATH\index.php(59): CodeIgniter\Boot::bootWeb(Object(Config\Paths))
CRITICAL - 2025-11-20 04:58:39 --> [Caused by] mysqli_sql_exception: Table 'sunwoo901.CO_HSPTL_LNKNG' doesn't exist
in SYSTEMPATH\Database\MySQLi\Connection.php on line 327.
 1 SYSTEMPATH\Database\MySQLi\Connection.php(327): mysqli->query('SELECT `HSPTL_SN`
FROM `CO_HSPTL_LNKNG`
WHERE `CO_SN` = \'1\'', 0)
 2 SYSTEMPATH\Database\BaseConnection.php(738): CodeIgniter\Database\MySQLi\Connection->execute('SELECT `HSPTL_SN`
FROM `CO_HSPTL_LNKNG`
WHERE `CO_SN` = \'1\'')
 3 SYSTEMPATH\Database\BaseConnection.php(652): CodeIgniter\Database\BaseConnection->simpleQuery('SELECT `HSPTL_SN`
FROM `CO_HSPTL_LNKNG`
WHERE `CO_SN` = \'1\'')
 4 SYSTEMPATH\Database\BaseBuilder.php(1649): CodeIgniter\Database\BaseConnection->query('SELECT `HSPTL_SN`
FROM `CO_HSPTL_LNKNG`
WHERE `CO_SN` = :CO_SN:', [...], false)
 5 SYSTEMPATH\Model.php(286): CodeIgniter\Database\BaseBuilder->get()
 6 SYSTEMPATH\BaseModel.php(679): CodeIgniter\Model->doFindAll(0, 0)
 7 APPPATH\Models\CoHsptlLnkngModel.php(25): CodeIgniter\BaseModel->findAll()
 8 APPPATH\Controllers\CoMngController.php(216): App\Models\CoHsptlLnkngModel->getLinkedHsptlSnsByCoSn('1')
 9 SYSTEMPATH\CodeIgniter.php(933): App\Controllers\CoMngController->ajax_get_hsptls_for_linking('1')
10 SYSTEMPATH\CodeIgniter.php(507): CodeIgniter\CodeIgniter->runController(Object(App\Controllers\CoMngController))
11 SYSTEMPATH\CodeIgniter.php(354): CodeIgniter\CodeIgniter->handleRequest(null, Object(Config\Cache), false)
12 SYSTEMPATH\Boot.php(334): CodeIgniter\CodeIgniter->run()
13 SYSTEMPATH\Boot.php(67): CodeIgniter\Boot::runCodeIgniter(Object(CodeIgniter\CodeIgniter))
14 FCPATH\index.php(59): CodeIgniter\Boot::bootWeb(Object(Config\Paths))
DEBUG - 2025-11-20 05:00:24 --> Session: Class initialized using 'CodeIgniter\Session\Handlers\FileHandler' driver.
DEBUG - 2025-11-20 05:00:49 --> Session: Class initialized using 'CodeIgniter\Session\Handlers\FileHandler' driver.
DEBUG - 2025-11-20 05:00:53 --> Session: Class initialized using 'CodeIgniter\Session\Handlers\FileHandler' driver.
DEBUG - 2025-11-20 05:03:03 --> Session: Class initialized using 'CodeIgniter\Session\Handlers\FileHandler' driver.
DEBUG - 2025-11-20 05:03:49 --> Session: Class initialized using 'CodeIgniter\Session\Handlers\FileHandler' driver.
DEBUG - 2025-11-20 05:03:52 --> Session: Class initialized using 'CodeIgniter\Session\Handlers\FileHandler' driver.
DEBUG - 2025-11-20 05:05:03 --> Session: Class initialized using 'CodeIgniter\Session\Handlers\FileHandler' driver.
DEBUG - 2025-11-20 05:05:07 --> Session: Class initialized using 'CodeIgniter\Session\Handlers\FileHandler' driver.
DEBUG - 2025-11-20 05:05:52 --> Session: Class initialized using 'CodeIgniter\Session\Handlers\FileHandler' driver.
DEBUG - 2025-11-20 05:05:56 --> Session: Class initialized using 'CodeIgniter\Session\Handlers\FileHandler' driver.
DEBUG - 2025-11-20 05:06:33 --> Session: Class initialized using 'CodeIgniter\Session\Handlers\FileHandler' driver.
DEBUG - 2025-11-20 05:06:37 --> Session: Class initialized using 'CodeIgniter\Session\Handlers\FileHandler' driver.
DEBUG - 2025-11-20 05:08:01 --> Session: Class initialized using 'CodeIgniter\Session\Handlers\FileHandler' driver.
DEBUG - 2025-11-20 05:08:33 --> Session: Class initialized using 'CodeIgniter\Session\Handlers\FileHandler' driver.
DEBUG - 2025-11-20 05:08:37 --> Session: Class initialized using 'CodeIgniter\Session\Handlers\FileHandler' driver.
DEBUG - 2025-11-20 05:08:38 --> Session: Class initialized using 'CodeIgniter\Session\Handlers\FileHandler' driver.
DEBUG - 2025-11-20 05:08:40 --> Session: Class initialized using 'CodeIgniter\Session\Handlers\FileHandler' driver.
DEBUG - 2025-11-20 05:09:10 --> Session: Class initialized using 'CodeIgniter\Session\Handlers\FileHandler' driver.
DEBUG - 2025-11-20 05:25:22 --> Session: Class initialized using 'CodeIgniter\Session\Handlers\FileHandler' driver.
DEBUG - 2025-11-20 05:26:11 --> Session: Class initialized using 'CodeIgniter\Session\Handlers\FileHandler' driver.
DEBUG - 2025-11-20 05:27:56 --> Session: Class initialized using 'CodeIgniter\Session\Handlers\FileHandler' driver.
DEBUG - 2025-11-20 05:28:09 --> Session: Class initialized using 'CodeIgniter\Session\Handlers\FileHandler' driver.
