DEBUG - 2025-12-05 00:02:47 --> Session: Class initialized using 'CodeIgniter\Session\Handlers\FileHandler' driver.
DEBUG - 2025-12-05 00:02:50 --> Session: Class initialized using 'CodeIgniter\Session\Handlers\FileHandler' driver.
DEBUG - 2025-12-05 00:02:55 --> === Product Query Debug ===
DEBUG - 2025-12-05 00:02:55 --> HSPTL_SN: 3
DEBUG - 2025-12-05 00:02:55 --> CKUP_YYYY: 2025
DEBUG - 2025-12-05 00:02:55 --> RELATION: C
DEBUG - 2025-12-05 00:02:55 --> SUPPORT_FUND: NULL
DEBUG - 2025-12-05 00:02:55 --> FAMILY_SUPPORT_FUND: NULL
DEBUG - 2025-12-05 00:02:55 --> Selected SPRT_SE: 
DEBUG - 2025-12-05 00:02:55 --> Filtering by FAM_SPRT_SE: 
DEBUG - 2025-12-05 00:02:55 --> Products found: 0
DEBUG - 2025-12-05 00:02:55 --> SQL Query: SELECT *
FROM `CKUP_GDS_EXCEL_MNG`
WHERE `HSPTL_SN` = '3'
AND `CKUP_YYYY` = '2025'
AND `DEL_YN` = 'N'
AND `FAM_SPRT_SE` IS NULL
DEBUG - 2025-12-05 00:02:55 --> =========================
DEBUG - 2025-12-05 00:03:05 --> Session: Class initialized using 'CodeIgniter\Session\Handlers\FileHandler' driver.
DEBUG - 2025-12-05 00:03:11 --> Session: Class initialized using 'CodeIgniter\Session\Handlers\FileHandler' driver.
DEBUG - 2025-12-05 00:03:15 --> === Product Query Debug ===
DEBUG - 2025-12-05 00:03:15 --> HSPTL_SN: 3
DEBUG - 2025-12-05 00:03:15 --> CKUP_YYYY: 2025
DEBUG - 2025-12-05 00:03:15 --> RELATION: C
DEBUG - 2025-12-05 00:03:15 --> SUPPORT_FUND: NULL
DEBUG - 2025-12-05 00:03:15 --> FAMILY_SUPPORT_FUND: NULL
DEBUG - 2025-12-05 00:03:15 --> Selected SPRT_SE: 
DEBUG - 2025-12-05 00:03:15 --> Filtering by FAM_SPRT_SE: 
DEBUG - 2025-12-05 00:03:15 --> Products found: 0
DEBUG - 2025-12-05 00:03:15 --> SQL Query: SELECT *
FROM `CKUP_GDS_EXCEL_MNG`
WHERE `HSPTL_SN` = '3'
AND `CKUP_YYYY` = '2025'
AND `DEL_YN` = 'N'
AND `FAM_SPRT_SE` IS NULL
DEBUG - 2025-12-05 00:03:15 --> =========================
DEBUG - 2025-12-05 00:08:50 --> === Product Query Debug ===
DEBUG - 2025-12-05 00:08:50 --> HSPTL_SN: 3
DEBUG - 2025-12-05 00:08:50 --> CKUP_YYYY: 2025
DEBUG - 2025-12-05 00:08:50 --> RELATION: C
DEBUG - 2025-12-05 00:08:50 --> SUPPORT_FUND: 5
DEBUG - 2025-12-05 00:08:50 --> FAMILY_SUPPORT_FUND: 10
DEBUG - 2025-12-05 00:08:50 --> Selected SPRT_SE: 10
DEBUG - 2025-12-05 00:08:50 --> Filtering by FAM_SPRT_SE: 10
DEBUG - 2025-12-05 00:08:50 --> Products found: 0
DEBUG - 2025-12-05 00:08:50 --> SQL Query: SELECT *
FROM `CKUP_GDS_EXCEL_MNG`
WHERE `HSPTL_SN` = '3'
AND `CKUP_YYYY` = '2025'
AND `DEL_YN` = 'N'
AND `FAM_SPRT_SE` = '10'
DEBUG - 2025-12-05 00:08:50 --> =========================
DEBUG - 2025-12-05 00:09:08 --> Session: Class initialized using 'CodeIgniter\Session\Handlers\FileHandler' driver.
DEBUG - 2025-12-05 00:09:09 --> Session: Class initialized using 'CodeIgniter\Session\Handlers\FileHandler' driver.
DEBUG - 2025-12-05 00:09:12 --> Session: Class initialized using 'CodeIgniter\Session\Handlers\FileHandler' driver.
DEBUG - 2025-12-05 00:09:16 --> === Product Query Debug ===
DEBUG - 2025-12-05 00:09:16 --> HSPTL_SN: 3
DEBUG - 2025-12-05 00:09:16 --> CKUP_YYYY: 2025
DEBUG - 2025-12-05 00:09:16 --> RELATION: W
DEBUG - 2025-12-05 00:09:16 --> SUPPORT_FUND: 5
DEBUG - 2025-12-05 00:09:16 --> FAMILY_SUPPORT_FUND: 10
DEBUG - 2025-12-05 00:09:16 --> Selected SPRT_SE: 10
DEBUG - 2025-12-05 00:09:16 --> Filtering by FAM_SPRT_SE: 10
DEBUG - 2025-12-05 00:09:16 --> Products found: 0
DEBUG - 2025-12-05 00:09:16 --> SQL Query: SELECT *
FROM `CKUP_GDS_EXCEL_MNG`
WHERE `HSPTL_SN` = '3'
AND `CKUP_YYYY` = '2025'
AND `DEL_YN` = 'N'
AND `FAM_SPRT_SE` = '10'
DEBUG - 2025-12-05 00:09:16 --> =========================
DEBUG - 2025-12-05 00:09:26 --> Session: Class initialized using 'CodeIgniter\Session\Handlers\FileHandler' driver.
DEBUG - 2025-12-05 00:09:30 --> === Product Query Debug ===
DEBUG - 2025-12-05 00:09:30 --> HSPTL_SN: 3
DEBUG - 2025-12-05 00:09:30 --> CKUP_YYYY: 2025
DEBUG - 2025-12-05 00:09:30 --> RELATION: S
DEBUG - 2025-12-05 00:09:30 --> SUPPORT_FUND: 5
DEBUG - 2025-12-05 00:09:30 --> FAMILY_SUPPORT_FUND: 10
DEBUG - 2025-12-05 00:09:30 --> Selected SPRT_SE: 5
DEBUG - 2025-12-05 00:09:30 --> Filtering by SPRT_SE: 5
DEBUG - 2025-12-05 00:09:30 --> Products found: 2
DEBUG - 2025-12-05 00:09:30 --> SQL Query: SELECT *
FROM `CKUP_GDS_EXCEL_MNG`
WHERE `HSPTL_SN` = '3'
AND `CKUP_YYYY` = '2025'
AND `DEL_YN` = 'N'
AND `SPRT_SE` = '5'
DEBUG - 2025-12-05 00:09:30 --> =========================
INFO - 2025-12-05 00:11:15 --> REDIRECTED ROUTE at http://localhost/user/login
DEBUG - 2025-12-05 00:11:15 --> Session: Class initialized using 'CodeIgniter\Session\Handlers\FileHandler' driver.
DEBUG - 2025-12-05 00:11:18 --> Session: Class initialized using 'CodeIgniter\Session\Handlers\FileHandler' driver.
DEBUG - 2025-12-05 00:11:29 --> Session: Class initialized using 'CodeIgniter\Session\Handlers\FileHandler' driver.
DEBUG - 2025-12-05 00:11:29 --> Session: Class initialized using 'CodeIgniter\Session\Handlers\FileHandler' driver.
DEBUG - 2025-12-05 00:11:34 --> Session: Class initialized using 'CodeIgniter\Session\Handlers\FileHandler' driver.
DEBUG - 2025-12-05 00:11:35 --> Session: Class initialized using 'CodeIgniter\Session\Handlers\FileHandler' driver.
DEBUG - 2025-12-05 00:11:40 --> Session: Class initialized using 'CodeIgniter\Session\Handlers\FileHandler' driver.
DEBUG - 2025-12-05 00:11:46 --> Session: Class initialized using 'CodeIgniter\Session\Handlers\FileHandler' driver.
DEBUG - 2025-12-05 00:11:48 --> Session: Class initialized using 'CodeIgniter\Session\Handlers\FileHandler' driver.
DEBUG - 2025-12-05 00:11:55 --> Session: Class initialized using 'CodeIgniter\Session\Handlers\FileHandler' driver.
DEBUG - 2025-12-05 00:11:59 --> === Product Query Debug ===
DEBUG - 2025-12-05 00:11:59 --> HSPTL_SN: 3
DEBUG - 2025-12-05 00:11:59 --> CKUP_YYYY: 2025
DEBUG - 2025-12-05 00:11:59 --> RELATION: C
DEBUG - 2025-12-05 00:11:59 --> SUPPORT_FUND: 5
DEBUG - 2025-12-05 00:11:59 --> FAMILY_SUPPORT_FUND: 10
DEBUG - 2025-12-05 00:11:59 --> Selected SPRT_SE: 10
DEBUG - 2025-12-05 00:11:59 --> Filtering by FAM_SPRT_SE: 10
DEBUG - 2025-12-05 00:11:59 --> Products found: 1
DEBUG - 2025-12-05 00:11:59 --> SQL Query: SELECT *
FROM `CKUP_GDS_EXCEL_MNG`
WHERE `HSPTL_SN` = '3'
AND `CKUP_YYYY` = '2025'
AND `DEL_YN` = 'N'
AND `FAM_SPRT_SE` = '10'
DEBUG - 2025-12-05 00:11:59 --> =========================
DEBUG - 2025-12-05 01:09:46 --> === Product Query Debug ===
DEBUG - 2025-12-05 01:09:46 --> HSPTL_SN: 3
DEBUG - 2025-12-05 01:09:46 --> CKUP_YYYY: 2025
DEBUG - 2025-12-05 01:09:46 --> RELATION: C
DEBUG - 2025-12-05 01:09:46 --> SUPPORT_FUND: 5
DEBUG - 2025-12-05 01:09:46 --> FAMILY_SUPPORT_FUND: 10
DEBUG - 2025-12-05 01:09:46 --> Selected SPRT_SE: 10
DEBUG - 2025-12-05 01:09:46 --> Filtering by FAM_SPRT_SE: 10
DEBUG - 2025-12-05 01:09:46 --> Products found: 1
DEBUG - 2025-12-05 01:09:46 --> SQL Query: SELECT *
FROM `CKUP_GDS_EXCEL_MNG`
WHERE `HSPTL_SN` = '3'
AND `CKUP_YYYY` = '2025'
AND `DEL_YN` = 'N'
AND `FAM_SPRT_SE` = '10'
DEBUG - 2025-12-05 01:09:46 --> =========================
DEBUG - 2025-12-05 01:25:05 --> Session: Class initialized using 'CodeIgniter\Session\Handlers\FileHandler' driver.
DEBUG - 2025-12-05 01:25:09 --> === Product Query Debug ===
DEBUG - 2025-12-05 01:25:09 --> HSPTL_SN: 3
DEBUG - 2025-12-05 01:25:09 --> CKUP_YYYY: 2025
DEBUG - 2025-12-05 01:25:09 --> RELATION: C
DEBUG - 2025-12-05 01:25:09 --> SUPPORT_FUND: 5
DEBUG - 2025-12-05 01:25:09 --> FAMILY_SUPPORT_FUND: 10
DEBUG - 2025-12-05 01:25:09 --> Selected SPRT_SE: 10
DEBUG - 2025-12-05 01:25:09 --> Filtering by FAM_SPRT_SE: 10
DEBUG - 2025-12-05 01:25:09 --> Products found: 1
DEBUG - 2025-12-05 01:25:09 --> SQL Query: SELECT *
FROM `CKUP_GDS_EXCEL_MNG`
WHERE `HSPTL_SN` = '3'
AND `CKUP_YYYY` = '2025'
AND `DEL_YN` = 'N'
AND `FAM_SPRT_SE` = '10'
DEBUG - 2025-12-05 01:25:09 --> =========================
DEBUG - 2025-12-05 01:26:31 --> Session: Class initialized using 'CodeIgniter\Session\Handlers\FileHandler' driver.
DEBUG - 2025-12-05 01:26:37 --> Session: Class initialized using 'CodeIgniter\Session\Handlers\FileHandler' driver.
DEBUG - 2025-12-05 01:27:03 --> Session: Class initialized using 'CodeIgniter\Session\Handlers\FileHandler' driver.
DEBUG - 2025-12-05 01:27:08 --> === Product Query Debug ===
DEBUG - 2025-12-05 01:27:08 --> HSPTL_SN: 3
DEBUG - 2025-12-05 01:27:08 --> CKUP_YYYY: 2025
DEBUG - 2025-12-05 01:27:08 --> RELATION: S
DEBUG - 2025-12-05 01:27:08 --> SUPPORT_FUND: 5
DEBUG - 2025-12-05 01:27:08 --> FAMILY_SUPPORT_FUND: 10
DEBUG - 2025-12-05 01:27:08 --> Selected SPRT_SE: 5
DEBUG - 2025-12-05 01:27:08 --> Filtering by SPRT_SE: 5
DEBUG - 2025-12-05 01:27:08 --> Products found: 2
DEBUG - 2025-12-05 01:27:08 --> SQL Query: SELECT *
FROM `CKUP_GDS_EXCEL_MNG`
WHERE `HSPTL_SN` = '3'
AND `CKUP_YYYY` = '2025'
AND `DEL_YN` = 'N'
AND `SPRT_SE` = '5'
DEBUG - 2025-12-05 01:27:08 --> =========================
DEBUG - 2025-12-05 01:28:31 --> Session: Class initialized using 'CodeIgniter\Session\Handlers\FileHandler' driver.
DEBUG - 2025-12-05 01:28:34 --> Session: Class initialized using 'CodeIgniter\Session\Handlers\FileHandler' driver.
DEBUG - 2025-12-05 01:53:48 --> Session: Class initialized using 'CodeIgniter\Session\Handlers\FileHandler' driver.
DEBUG - 2025-12-05 01:55:53 --> Session: Class initialized using 'CodeIgniter\Session\Handlers\FileHandler' driver.
DEBUG - 2025-12-05 01:56:11 --> Session: Class initialized using 'CodeIgniter\Session\Handlers\FileHandler' driver.
DEBUG - 2025-12-05 01:56:19 --> Session: Class initialized using 'CodeIgniter\Session\Handlers\FileHandler' driver.
DEBUG - 2025-12-05 02:13:13 --> Session: Class initialized using 'CodeIgniter\Session\Handlers\FileHandler' driver.
ERROR - 2025-12-05 02:13:13 --> mysqli_sql_exception: Unknown column 'R.CKUP_GDS_ADD_ARTCL_SN' in 'on clause' in E:\project\namuh\source\system\Database\MySQLi\Connection.php:327
Stack trace:
#0 E:\project\namuh\source\system\Database\MySQLi\Connection.php(327): mysqli->query('SELECT SUM(`C`....', 0)
#1 E:\project\namuh\source\system\Database\BaseConnection.php(738): CodeIgniter\Database\MySQLi\Connection->execute('SELECT SUM(`C`....')
#2 E:\project\namuh\source\system\Database\BaseConnection.php(652): CodeIgniter\Database\BaseConnection->simpleQuery('SELECT SUM(`C`....')
#3 E:\project\namuh\source\system\Database\BaseBuilder.php(1649): CodeIgniter\Database\BaseConnection->query('SELECT SUM(`C`....', Array, false)
#4 E:\project\namuh\source\app\Controllers\UserAuthController.php(253): CodeIgniter\Database\BaseBuilder->get()
#5 E:\project\namuh\source\system\CodeIgniter.php(933): App\Controllers\UserAuthController->rsvn()
#6 E:\project\namuh\source\system\CodeIgniter.php(507): CodeIgniter\CodeIgniter->runController(Object(App\Controllers\UserAuthController))
#7 E:\project\namuh\source\system\CodeIgniter.php(354): CodeIgniter\CodeIgniter->handleRequest(NULL, Object(Config\Cache), false)
#8 E:\project\namuh\source\system\Boot.php(334): CodeIgniter\CodeIgniter->run()
#9 E:\project\namuh\source\system\Boot.php(67): CodeIgniter\Boot::runCodeIgniter(Object(CodeIgniter\CodeIgniter))
#10 E:\project\namuh\source\index.php(59): CodeIgniter\Boot::bootWeb(Object(Config\Paths))
#11 {main}
CRITICAL - 2025-12-05 02:13:13 --> CodeIgniter\Database\Exceptions\DatabaseException: Unknown column 'R.CKUP_GDS_ADD_ARTCL_SN' in 'on clause'
[Method: GET, Route: user/rsvn]
in SYSTEMPATH\Database\BaseConnection.php on line 692.
 1 SYSTEMPATH\Database\BaseBuilder.php(1649): CodeIgniter\Database\BaseConnection->query('SELECT SUM(`C`.`CKUP_CST`) AS `total_cost`
FROM `RSVN_CKUP_GDS_ADD_CHC` `R`
JOIN `CKUP_GDS_EXCEL_ADD_CHC` `C` ON `C`.`CKUP_GDS_EXCEL_ADD_CHC_SN` = `R`.`CKUP_GDS_ADD_ARTCL_SN`
WHERE `R`.`CKUP_TRGT_SN` = :R.CKUP_TRGT_SN:', [...], false)
 2 APPPATH\Controllers\UserAuthController.php(253): CodeIgniter\Database\BaseBuilder->get()
 3 SYSTEMPATH\CodeIgniter.php(933): App\Controllers\UserAuthController->rsvn()
 4 SYSTEMPATH\CodeIgniter.php(507): CodeIgniter\CodeIgniter->runController(Object(App\Controllers\UserAuthController))
 5 SYSTEMPATH\CodeIgniter.php(354): CodeIgniter\CodeIgniter->handleRequest(null, Object(Config\Cache), false)
 6 SYSTEMPATH\Boot.php(334): CodeIgniter\CodeIgniter->run()
 7 SYSTEMPATH\Boot.php(67): CodeIgniter\Boot::runCodeIgniter(Object(CodeIgniter\CodeIgniter))
 8 FCPATH\index.php(59): CodeIgniter\Boot::bootWeb(Object(Config\Paths))
CRITICAL - 2025-12-05 02:13:13 --> [Caused by] CodeIgniter\Database\Exceptions\DatabaseException: Unknown column 'R.CKUP_GDS_ADD_ARTCL_SN' in 'on clause'
in SYSTEMPATH\Database\MySQLi\Connection.php on line 332.
 1 SYSTEMPATH\Database\BaseConnection.php(738): CodeIgniter\Database\MySQLi\Connection->execute('SELECT SUM(`C`.`CKUP_CST`) AS `total_cost`
FROM `RSVN_CKUP_GDS_ADD_CHC` `R`
JOIN `CKUP_GDS_EXCEL_ADD_CHC` `C` ON `C`.`CKUP_GDS_EXCEL_ADD_CHC_SN` = `R`.`CKUP_GDS_ADD_ARTCL_SN`
WHERE `R`.`CKUP_TRGT_SN` = \'38\'')
 2 SYSTEMPATH\Database\BaseConnection.php(652): CodeIgniter\Database\BaseConnection->simpleQuery('SELECT SUM(`C`.`CKUP_CST`) AS `total_cost`
FROM `RSVN_CKUP_GDS_ADD_CHC` `R`
JOIN `CKUP_GDS_EXCEL_ADD_CHC` `C` ON `C`.`CKUP_GDS_EXCEL_ADD_CHC_SN` = `R`.`CKUP_GDS_ADD_ARTCL_SN`
WHERE `R`.`CKUP_TRGT_SN` = \'38\'')
 3 SYSTEMPATH\Database\BaseBuilder.php(1649): CodeIgniter\Database\BaseConnection->query('SELECT SUM(`C`.`CKUP_CST`) AS `total_cost`
FROM `RSVN_CKUP_GDS_ADD_CHC` `R`
JOIN `CKUP_GDS_EXCEL_ADD_CHC` `C` ON `C`.`CKUP_GDS_EXCEL_ADD_CHC_SN` = `R`.`CKUP_GDS_ADD_ARTCL_SN`
WHERE `R`.`CKUP_TRGT_SN` = :R.CKUP_TRGT_SN:', [...], false)
 4 APPPATH\Controllers\UserAuthController.php(253): CodeIgniter\Database\BaseBuilder->get()
 5 SYSTEMPATH\CodeIgniter.php(933): App\Controllers\UserAuthController->rsvn()
 6 SYSTEMPATH\CodeIgniter.php(507): CodeIgniter\CodeIgniter->runController(Object(App\Controllers\UserAuthController))
 7 SYSTEMPATH\CodeIgniter.php(354): CodeIgniter\CodeIgniter->handleRequest(null, Object(Config\Cache), false)
 8 SYSTEMPATH\Boot.php(334): CodeIgniter\CodeIgniter->run()
 9 SYSTEMPATH\Boot.php(67): CodeIgniter\Boot::runCodeIgniter(Object(CodeIgniter\CodeIgniter))
10 FCPATH\index.php(59): CodeIgniter\Boot::bootWeb(Object(Config\Paths))
CRITICAL - 2025-12-05 02:13:13 --> [Caused by] mysqli_sql_exception: Unknown column 'R.CKUP_GDS_ADD_ARTCL_SN' in 'on clause'
in SYSTEMPATH\Database\MySQLi\Connection.php on line 327.
 1 SYSTEMPATH\Database\MySQLi\Connection.php(327): mysqli->query('SELECT SUM(`C`.`CKUP_CST`) AS `total_cost`
FROM `RSVN_CKUP_GDS_ADD_CHC` `R`
JOIN `CKUP_GDS_EXCEL_ADD_CHC` `C` ON `C`.`CKUP_GDS_EXCEL_ADD_CHC_SN` = `R`.`CKUP_GDS_ADD_ARTCL_SN`
WHERE `R`.`CKUP_TRGT_SN` = \'38\'', 0)
 2 SYSTEMPATH\Database\BaseConnection.php(738): CodeIgniter\Database\MySQLi\Connection->execute('SELECT SUM(`C`.`CKUP_CST`) AS `total_cost`
FROM `RSVN_CKUP_GDS_ADD_CHC` `R`
JOIN `CKUP_GDS_EXCEL_ADD_CHC` `C` ON `C`.`CKUP_GDS_EXCEL_ADD_CHC_SN` = `R`.`CKUP_GDS_ADD_ARTCL_SN`
WHERE `R`.`CKUP_TRGT_SN` = \'38\'')
 3 SYSTEMPATH\Database\BaseConnection.php(652): CodeIgniter\Database\BaseConnection->simpleQuery('SELECT SUM(`C`.`CKUP_CST`) AS `total_cost`
FROM `RSVN_CKUP_GDS_ADD_CHC` `R`
JOIN `CKUP_GDS_EXCEL_ADD_CHC` `C` ON `C`.`CKUP_GDS_EXCEL_ADD_CHC_SN` = `R`.`CKUP_GDS_ADD_ARTCL_SN`
WHERE `R`.`CKUP_TRGT_SN` = \'38\'')
 4 SYSTEMPATH\Database\BaseBuilder.php(1649): CodeIgniter\Database\BaseConnection->query('SELECT SUM(`C`.`CKUP_CST`) AS `total_cost`
FROM `RSVN_CKUP_GDS_ADD_CHC` `R`
JOIN `CKUP_GDS_EXCEL_ADD_CHC` `C` ON `C`.`CKUP_GDS_EXCEL_ADD_CHC_SN` = `R`.`CKUP_GDS_ADD_ARTCL_SN`
WHERE `R`.`CKUP_TRGT_SN` = :R.CKUP_TRGT_SN:', [...], false)
 5 APPPATH\Controllers\UserAuthController.php(253): CodeIgniter\Database\BaseBuilder->get()
 6 SYSTEMPATH\CodeIgniter.php(933): App\Controllers\UserAuthController->rsvn()
 7 SYSTEMPATH\CodeIgniter.php(507): CodeIgniter\CodeIgniter->runController(Object(App\Controllers\UserAuthController))
 8 SYSTEMPATH\CodeIgniter.php(354): CodeIgniter\CodeIgniter->handleRequest(null, Object(Config\Cache), false)
 9 SYSTEMPATH\Boot.php(334): CodeIgniter\CodeIgniter->run()
10 SYSTEMPATH\Boot.php(67): CodeIgniter\Boot::runCodeIgniter(Object(CodeIgniter\CodeIgniter))
11 FCPATH\index.php(59): CodeIgniter\Boot::bootWeb(Object(Config\Paths))
DEBUG - 2025-12-05 02:13:15 --> Session: Class initialized using 'CodeIgniter\Session\Handlers\FileHandler' driver.
ERROR - 2025-12-05 02:13:15 --> mysqli_sql_exception: Unknown column 'R.CKUP_GDS_ADD_ARTCL_SN' in 'on clause' in E:\project\namuh\source\system\Database\MySQLi\Connection.php:327
Stack trace:
#0 E:\project\namuh\source\system\Database\MySQLi\Connection.php(327): mysqli->query('SELECT SUM(`C`....', 0)
#1 E:\project\namuh\source\system\Database\BaseConnection.php(738): CodeIgniter\Database\MySQLi\Connection->execute('SELECT SUM(`C`....')
#2 E:\project\namuh\source\system\Database\BaseConnection.php(652): CodeIgniter\Database\BaseConnection->simpleQuery('SELECT SUM(`C`....')
#3 E:\project\namuh\source\system\Database\BaseBuilder.php(1649): CodeIgniter\Database\BaseConnection->query('SELECT SUM(`C`....', Array, false)
#4 E:\project\namuh\source\app\Controllers\UserAuthController.php(253): CodeIgniter\Database\BaseBuilder->get()
#5 E:\project\namuh\source\system\CodeIgniter.php(933): App\Controllers\UserAuthController->rsvn()
#6 E:\project\namuh\source\system\CodeIgniter.php(507): CodeIgniter\CodeIgniter->runController(Object(App\Controllers\UserAuthController))
#7 E:\project\namuh\source\system\CodeIgniter.php(354): CodeIgniter\CodeIgniter->handleRequest(NULL, Object(Config\Cache), false)
#8 E:\project\namuh\source\system\Boot.php(334): CodeIgniter\CodeIgniter->run()
#9 E:\project\namuh\source\system\Boot.php(67): CodeIgniter\Boot::runCodeIgniter(Object(CodeIgniter\CodeIgniter))
#10 E:\project\namuh\source\index.php(59): CodeIgniter\Boot::bootWeb(Object(Config\Paths))
#11 {main}
CRITICAL - 2025-12-05 02:13:15 --> CodeIgniter\Database\Exceptions\DatabaseException: Unknown column 'R.CKUP_GDS_ADD_ARTCL_SN' in 'on clause'
[Method: GET, Route: user/rsvn]
in SYSTEMPATH\Database\BaseConnection.php on line 692.
 1 SYSTEMPATH\Database\BaseBuilder.php(1649): CodeIgniter\Database\BaseConnection->query('SELECT SUM(`C`.`CKUP_CST`) AS `total_cost`
FROM `RSVN_CKUP_GDS_ADD_CHC` `R`
JOIN `CKUP_GDS_EXCEL_ADD_CHC` `C` ON `C`.`CKUP_GDS_EXCEL_ADD_CHC_SN` = `R`.`CKUP_GDS_ADD_ARTCL_SN`
WHERE `R`.`CKUP_TRGT_SN` = :R.CKUP_TRGT_SN:', [...], false)
 2 APPPATH\Controllers\UserAuthController.php(253): CodeIgniter\Database\BaseBuilder->get()
 3 SYSTEMPATH\CodeIgniter.php(933): App\Controllers\UserAuthController->rsvn()
 4 SYSTEMPATH\CodeIgniter.php(507): CodeIgniter\CodeIgniter->runController(Object(App\Controllers\UserAuthController))
 5 SYSTEMPATH\CodeIgniter.php(354): CodeIgniter\CodeIgniter->handleRequest(null, Object(Config\Cache), false)
 6 SYSTEMPATH\Boot.php(334): CodeIgniter\CodeIgniter->run()
 7 SYSTEMPATH\Boot.php(67): CodeIgniter\Boot::runCodeIgniter(Object(CodeIgniter\CodeIgniter))
 8 FCPATH\index.php(59): CodeIgniter\Boot::bootWeb(Object(Config\Paths))
CRITICAL - 2025-12-05 02:13:15 --> [Caused by] CodeIgniter\Database\Exceptions\DatabaseException: Unknown column 'R.CKUP_GDS_ADD_ARTCL_SN' in 'on clause'
in SYSTEMPATH\Database\MySQLi\Connection.php on line 332.
 1 SYSTEMPATH\Database\BaseConnection.php(738): CodeIgniter\Database\MySQLi\Connection->execute('SELECT SUM(`C`.`CKUP_CST`) AS `total_cost`
FROM `RSVN_CKUP_GDS_ADD_CHC` `R`
JOIN `CKUP_GDS_EXCEL_ADD_CHC` `C` ON `C`.`CKUP_GDS_EXCEL_ADD_CHC_SN` = `R`.`CKUP_GDS_ADD_ARTCL_SN`
WHERE `R`.`CKUP_TRGT_SN` = \'38\'')
 2 SYSTEMPATH\Database\BaseConnection.php(652): CodeIgniter\Database\BaseConnection->simpleQuery('SELECT SUM(`C`.`CKUP_CST`) AS `total_cost`
FROM `RSVN_CKUP_GDS_ADD_CHC` `R`
JOIN `CKUP_GDS_EXCEL_ADD_CHC` `C` ON `C`.`CKUP_GDS_EXCEL_ADD_CHC_SN` = `R`.`CKUP_GDS_ADD_ARTCL_SN`
WHERE `R`.`CKUP_TRGT_SN` = \'38\'')
 3 SYSTEMPATH\Database\BaseBuilder.php(1649): CodeIgniter\Database\BaseConnection->query('SELECT SUM(`C`.`CKUP_CST`) AS `total_cost`
FROM `RSVN_CKUP_GDS_ADD_CHC` `R`
JOIN `CKUP_GDS_EXCEL_ADD_CHC` `C` ON `C`.`CKUP_GDS_EXCEL_ADD_CHC_SN` = `R`.`CKUP_GDS_ADD_ARTCL_SN`
WHERE `R`.`CKUP_TRGT_SN` = :R.CKUP_TRGT_SN:', [...], false)
 4 APPPATH\Controllers\UserAuthController.php(253): CodeIgniter\Database\BaseBuilder->get()
 5 SYSTEMPATH\CodeIgniter.php(933): App\Controllers\UserAuthController->rsvn()
 6 SYSTEMPATH\CodeIgniter.php(507): CodeIgniter\CodeIgniter->runController(Object(App\Controllers\UserAuthController))
 7 SYSTEMPATH\CodeIgniter.php(354): CodeIgniter\CodeIgniter->handleRequest(null, Object(Config\Cache), false)
 8 SYSTEMPATH\Boot.php(334): CodeIgniter\CodeIgniter->run()
 9 SYSTEMPATH\Boot.php(67): CodeIgniter\Boot::runCodeIgniter(Object(CodeIgniter\CodeIgniter))
10 FCPATH\index.php(59): CodeIgniter\Boot::bootWeb(Object(Config\Paths))
CRITICAL - 2025-12-05 02:13:15 --> [Caused by] mysqli_sql_exception: Unknown column 'R.CKUP_GDS_ADD_ARTCL_SN' in 'on clause'
in SYSTEMPATH\Database\MySQLi\Connection.php on line 327.
 1 SYSTEMPATH\Database\MySQLi\Connection.php(327): mysqli->query('SELECT SUM(`C`.`CKUP_CST`) AS `total_cost`
FROM `RSVN_CKUP_GDS_ADD_CHC` `R`
JOIN `CKUP_GDS_EXCEL_ADD_CHC` `C` ON `C`.`CKUP_GDS_EXCEL_ADD_CHC_SN` = `R`.`CKUP_GDS_ADD_ARTCL_SN`
WHERE `R`.`CKUP_TRGT_SN` = \'38\'', 0)
 2 SYSTEMPATH\Database\BaseConnection.php(738): CodeIgniter\Database\MySQLi\Connection->execute('SELECT SUM(`C`.`CKUP_CST`) AS `total_cost`
FROM `RSVN_CKUP_GDS_ADD_CHC` `R`
JOIN `CKUP_GDS_EXCEL_ADD_CHC` `C` ON `C`.`CKUP_GDS_EXCEL_ADD_CHC_SN` = `R`.`CKUP_GDS_ADD_ARTCL_SN`
WHERE `R`.`CKUP_TRGT_SN` = \'38\'')
 3 SYSTEMPATH\Database\BaseConnection.php(652): CodeIgniter\Database\BaseConnection->simpleQuery('SELECT SUM(`C`.`CKUP_CST`) AS `total_cost`
FROM `RSVN_CKUP_GDS_ADD_CHC` `R`
JOIN `CKUP_GDS_EXCEL_ADD_CHC` `C` ON `C`.`CKUP_GDS_EXCEL_ADD_CHC_SN` = `R`.`CKUP_GDS_ADD_ARTCL_SN`
WHERE `R`.`CKUP_TRGT_SN` = \'38\'')
 4 SYSTEMPATH\Database\BaseBuilder.php(1649): CodeIgniter\Database\BaseConnection->query('SELECT SUM(`C`.`CKUP_CST`) AS `total_cost`
FROM `RSVN_CKUP_GDS_ADD_CHC` `R`
JOIN `CKUP_GDS_EXCEL_ADD_CHC` `C` ON `C`.`CKUP_GDS_EXCEL_ADD_CHC_SN` = `R`.`CKUP_GDS_ADD_ARTCL_SN`
WHERE `R`.`CKUP_TRGT_SN` = :R.CKUP_TRGT_SN:', [...], false)
 5 APPPATH\Controllers\UserAuthController.php(253): CodeIgniter\Database\BaseBuilder->get()
 6 SYSTEMPATH\CodeIgniter.php(933): App\Controllers\UserAuthController->rsvn()
 7 SYSTEMPATH\CodeIgniter.php(507): CodeIgniter\CodeIgniter->runController(Object(App\Controllers\UserAuthController))
 8 SYSTEMPATH\CodeIgniter.php(354): CodeIgniter\CodeIgniter->handleRequest(null, Object(Config\Cache), false)
 9 SYSTEMPATH\Boot.php(334): CodeIgniter\CodeIgniter->run()
10 SYSTEMPATH\Boot.php(67): CodeIgniter\Boot::runCodeIgniter(Object(CodeIgniter\CodeIgniter))
11 FCPATH\index.php(59): CodeIgniter\Boot::bootWeb(Object(Config\Paths))
DEBUG - 2025-12-05 02:13:41 --> Session: Class initialized using 'CodeIgniter\Session\Handlers\FileHandler' driver.
ERROR - 2025-12-05 02:13:41 --> mysqli_sql_exception: Unknown column 'R.CKUP_GDS_ADD_ARTCL_SN' in 'on clause' in E:\project\namuh\source\system\Database\MySQLi\Connection.php:327
Stack trace:
#0 E:\project\namuh\source\system\Database\MySQLi\Connection.php(327): mysqli->query('SELECT SUM(`C`....', 0)
#1 E:\project\namuh\source\system\Database\BaseConnection.php(738): CodeIgniter\Database\MySQLi\Connection->execute('SELECT SUM(`C`....')
#2 E:\project\namuh\source\system\Database\BaseConnection.php(652): CodeIgniter\Database\BaseConnection->simpleQuery('SELECT SUM(`C`....')
#3 E:\project\namuh\source\system\Database\BaseBuilder.php(1649): CodeIgniter\Database\BaseConnection->query('SELECT SUM(`C`....', Array, false)
#4 E:\project\namuh\source\app\Controllers\UserAuthController.php(253): CodeIgniter\Database\BaseBuilder->get()
#5 E:\project\namuh\source\system\CodeIgniter.php(933): App\Controllers\UserAuthController->rsvn()
#6 E:\project\namuh\source\system\CodeIgniter.php(507): CodeIgniter\CodeIgniter->runController(Object(App\Controllers\UserAuthController))
#7 E:\project\namuh\source\system\CodeIgniter.php(354): CodeIgniter\CodeIgniter->handleRequest(NULL, Object(Config\Cache), false)
#8 E:\project\namuh\source\system\Boot.php(334): CodeIgniter\CodeIgniter->run()
#9 E:\project\namuh\source\system\Boot.php(67): CodeIgniter\Boot::runCodeIgniter(Object(CodeIgniter\CodeIgniter))
#10 E:\project\namuh\source\index.php(59): CodeIgniter\Boot::bootWeb(Object(Config\Paths))
#11 {main}
CRITICAL - 2025-12-05 02:13:41 --> CodeIgniter\Database\Exceptions\DatabaseException: Unknown column 'R.CKUP_GDS_ADD_ARTCL_SN' in 'on clause'
[Method: GET, Route: user/rsvn]
in SYSTEMPATH\Database\BaseConnection.php on line 692.
 1 SYSTEMPATH\Database\BaseBuilder.php(1649): CodeIgniter\Database\BaseConnection->query('SELECT SUM(`C`.`CKUP_CST`) AS `total_cost`
FROM `RSVN_CKUP_GDS_ADD_CHC` `R`
JOIN `CKUP_GDS_EXCEL_ADD_CHC` `C` ON `C`.`CKUP_GDS_EXCEL_ADD_CHC_SN` = `R`.`CKUP_GDS_ADD_ARTCL_SN`
WHERE `R`.`CKUP_TRGT_SN` = :R.CKUP_TRGT_SN:', [...], false)
 2 APPPATH\Controllers\UserAuthController.php(253): CodeIgniter\Database\BaseBuilder->get()
 3 SYSTEMPATH\CodeIgniter.php(933): App\Controllers\UserAuthController->rsvn()
 4 SYSTEMPATH\CodeIgniter.php(507): CodeIgniter\CodeIgniter->runController(Object(App\Controllers\UserAuthController))
 5 SYSTEMPATH\CodeIgniter.php(354): CodeIgniter\CodeIgniter->handleRequest(null, Object(Config\Cache), false)
 6 SYSTEMPATH\Boot.php(334): CodeIgniter\CodeIgniter->run()
 7 SYSTEMPATH\Boot.php(67): CodeIgniter\Boot::runCodeIgniter(Object(CodeIgniter\CodeIgniter))
 8 FCPATH\index.php(59): CodeIgniter\Boot::bootWeb(Object(Config\Paths))
CRITICAL - 2025-12-05 02:13:41 --> [Caused by] CodeIgniter\Database\Exceptions\DatabaseException: Unknown column 'R.CKUP_GDS_ADD_ARTCL_SN' in 'on clause'
in SYSTEMPATH\Database\MySQLi\Connection.php on line 332.
 1 SYSTEMPATH\Database\BaseConnection.php(738): CodeIgniter\Database\MySQLi\Connection->execute('SELECT SUM(`C`.`CKUP_CST`) AS `total_cost`
FROM `RSVN_CKUP_GDS_ADD_CHC` `R`
JOIN `CKUP_GDS_EXCEL_ADD_CHC` `C` ON `C`.`CKUP_GDS_EXCEL_ADD_CHC_SN` = `R`.`CKUP_GDS_ADD_ARTCL_SN`
WHERE `R`.`CKUP_TRGT_SN` = \'38\'')
 2 SYSTEMPATH\Database\BaseConnection.php(652): CodeIgniter\Database\BaseConnection->simpleQuery('SELECT SUM(`C`.`CKUP_CST`) AS `total_cost`
FROM `RSVN_CKUP_GDS_ADD_CHC` `R`
JOIN `CKUP_GDS_EXCEL_ADD_CHC` `C` ON `C`.`CKUP_GDS_EXCEL_ADD_CHC_SN` = `R`.`CKUP_GDS_ADD_ARTCL_SN`
WHERE `R`.`CKUP_TRGT_SN` = \'38\'')
 3 SYSTEMPATH\Database\BaseBuilder.php(1649): CodeIgniter\Database\BaseConnection->query('SELECT SUM(`C`.`CKUP_CST`) AS `total_cost`
FROM `RSVN_CKUP_GDS_ADD_CHC` `R`
JOIN `CKUP_GDS_EXCEL_ADD_CHC` `C` ON `C`.`CKUP_GDS_EXCEL_ADD_CHC_SN` = `R`.`CKUP_GDS_ADD_ARTCL_SN`
WHERE `R`.`CKUP_TRGT_SN` = :R.CKUP_TRGT_SN:', [...], false)
 4 APPPATH\Controllers\UserAuthController.php(253): CodeIgniter\Database\BaseBuilder->get()
 5 SYSTEMPATH\CodeIgniter.php(933): App\Controllers\UserAuthController->rsvn()
 6 SYSTEMPATH\CodeIgniter.php(507): CodeIgniter\CodeIgniter->runController(Object(App\Controllers\UserAuthController))
 7 SYSTEMPATH\CodeIgniter.php(354): CodeIgniter\CodeIgniter->handleRequest(null, Object(Config\Cache), false)
 8 SYSTEMPATH\Boot.php(334): CodeIgniter\CodeIgniter->run()
 9 SYSTEMPATH\Boot.php(67): CodeIgniter\Boot::runCodeIgniter(Object(CodeIgniter\CodeIgniter))
10 FCPATH\index.php(59): CodeIgniter\Boot::bootWeb(Object(Config\Paths))
CRITICAL - 2025-12-05 02:13:41 --> [Caused by] mysqli_sql_exception: Unknown column 'R.CKUP_GDS_ADD_ARTCL_SN' in 'on clause'
in SYSTEMPATH\Database\MySQLi\Connection.php on line 327.
 1 SYSTEMPATH\Database\MySQLi\Connection.php(327): mysqli->query('SELECT SUM(`C`.`CKUP_CST`) AS `total_cost`
FROM `RSVN_CKUP_GDS_ADD_CHC` `R`
JOIN `CKUP_GDS_EXCEL_ADD_CHC` `C` ON `C`.`CKUP_GDS_EXCEL_ADD_CHC_SN` = `R`.`CKUP_GDS_ADD_ARTCL_SN`
WHERE `R`.`CKUP_TRGT_SN` = \'38\'', 0)
 2 SYSTEMPATH\Database\BaseConnection.php(738): CodeIgniter\Database\MySQLi\Connection->execute('SELECT SUM(`C`.`CKUP_CST`) AS `total_cost`
FROM `RSVN_CKUP_GDS_ADD_CHC` `R`
JOIN `CKUP_GDS_EXCEL_ADD_CHC` `C` ON `C`.`CKUP_GDS_EXCEL_ADD_CHC_SN` = `R`.`CKUP_GDS_ADD_ARTCL_SN`
WHERE `R`.`CKUP_TRGT_SN` = \'38\'')
 3 SYSTEMPATH\Database\BaseConnection.php(652): CodeIgniter\Database\BaseConnection->simpleQuery('SELECT SUM(`C`.`CKUP_CST`) AS `total_cost`
FROM `RSVN_CKUP_GDS_ADD_CHC` `R`
JOIN `CKUP_GDS_EXCEL_ADD_CHC` `C` ON `C`.`CKUP_GDS_EXCEL_ADD_CHC_SN` = `R`.`CKUP_GDS_ADD_ARTCL_SN`
WHERE `R`.`CKUP_TRGT_SN` = \'38\'')
 4 SYSTEMPATH\Database\BaseBuilder.php(1649): CodeIgniter\Database\BaseConnection->query('SELECT SUM(`C`.`CKUP_CST`) AS `total_cost`
FROM `RSVN_CKUP_GDS_ADD_CHC` `R`
JOIN `CKUP_GDS_EXCEL_ADD_CHC` `C` ON `C`.`CKUP_GDS_EXCEL_ADD_CHC_SN` = `R`.`CKUP_GDS_ADD_ARTCL_SN`
WHERE `R`.`CKUP_TRGT_SN` = :R.CKUP_TRGT_SN:', [...], false)
 5 APPPATH\Controllers\UserAuthController.php(253): CodeIgniter\Database\BaseBuilder->get()
 6 SYSTEMPATH\CodeIgniter.php(933): App\Controllers\UserAuthController->rsvn()
 7 SYSTEMPATH\CodeIgniter.php(507): CodeIgniter\CodeIgniter->runController(Object(App\Controllers\UserAuthController))
 8 SYSTEMPATH\CodeIgniter.php(354): CodeIgniter\CodeIgniter->handleRequest(null, Object(Config\Cache), false)
 9 SYSTEMPATH\Boot.php(334): CodeIgniter\CodeIgniter->run()
10 SYSTEMPATH\Boot.php(67): CodeIgniter\Boot::runCodeIgniter(Object(CodeIgniter\CodeIgniter))
11 FCPATH\index.php(59): CodeIgniter\Boot::bootWeb(Object(Config\Paths))
DEBUG - 2025-12-05 02:15:32 --> Session: Class initialized using 'CodeIgniter\Session\Handlers\FileHandler' driver.
DEBUG - 2025-12-05 02:15:35 --> Session: Class initialized using 'CodeIgniter\Session\Handlers\FileHandler' driver.
DEBUG - 2025-12-05 02:15:39 --> === Product Query Debug ===
DEBUG - 2025-12-05 02:15:39 --> HSPTL_SN: 3
DEBUG - 2025-12-05 02:15:39 --> CKUP_YYYY: 2025
DEBUG - 2025-12-05 02:15:39 --> RELATION: S
DEBUG - 2025-12-05 02:15:39 --> SUPPORT_FUND: 5
DEBUG - 2025-12-05 02:15:39 --> FAMILY_SUPPORT_FUND: 10
DEBUG - 2025-12-05 02:15:39 --> Selected SPRT_SE: 5
DEBUG - 2025-12-05 02:15:39 --> Filtering by SPRT_SE: 5
DEBUG - 2025-12-05 02:15:39 --> Products found: 2
DEBUG - 2025-12-05 02:15:39 --> SQL Query: SELECT *
FROM `CKUP_GDS_EXCEL_MNG`
WHERE `HSPTL_SN` = '3'
AND `CKUP_YYYY` = '2025'
AND `DEL_YN` = 'N'
AND `SPRT_SE` = '5'
DEBUG - 2025-12-05 02:15:39 --> =========================
DEBUG - 2025-12-05 02:16:39 --> Session: Class initialized using 'CodeIgniter\Session\Handlers\FileHandler' driver.
DEBUG - 2025-12-05 02:16:41 --> Session: Class initialized using 'CodeIgniter\Session\Handlers\FileHandler' driver.
DEBUG - 2025-12-05 02:17:52 --> Session: Class initialized using 'CodeIgniter\Session\Handlers\FileHandler' driver.
DEBUG - 2025-12-05 02:17:55 --> === Product Query Debug ===
DEBUG - 2025-12-05 02:17:55 --> HSPTL_SN: 3
DEBUG - 2025-12-05 02:17:55 --> CKUP_YYYY: 2025
DEBUG - 2025-12-05 02:17:55 --> RELATION: C
DEBUG - 2025-12-05 02:17:55 --> SUPPORT_FUND: 5
DEBUG - 2025-12-05 02:17:55 --> FAMILY_SUPPORT_FUND: 10
DEBUG - 2025-12-05 02:17:55 --> Selected SPRT_SE: 10
DEBUG - 2025-12-05 02:17:55 --> Filtering by FAM_SPRT_SE: 10
DEBUG - 2025-12-05 02:17:55 --> Products found: 1
DEBUG - 2025-12-05 02:17:55 --> SQL Query: SELECT *
FROM `CKUP_GDS_EXCEL_MNG`
WHERE `HSPTL_SN` = '3'
AND `CKUP_YYYY` = '2025'
AND `DEL_YN` = 'N'
AND `FAM_SPRT_SE` = '10'
DEBUG - 2025-12-05 02:17:55 --> =========================
DEBUG - 2025-12-05 02:30:22 --> Session: Class initialized using 'CodeIgniter\Session\Handlers\FileHandler' driver.
DEBUG - 2025-12-05 02:30:29 --> Session: Class initialized using 'CodeIgniter\Session\Handlers\FileHandler' driver.
DEBUG - 2025-12-05 02:30:31 --> Session: Class initialized using 'CodeIgniter\Session\Handlers\FileHandler' driver.
DEBUG - 2025-12-05 02:32:44 --> Session: Class initialized using 'CodeIgniter\Session\Handlers\FileHandler' driver.
DEBUG - 2025-12-05 02:32:46 --> Session: Class initialized using 'CodeIgniter\Session\Handlers\FileHandler' driver.
DEBUG - 2025-12-05 02:32:50 --> === Product Query Debug ===
DEBUG - 2025-12-05 02:32:50 --> HSPTL_SN: 3
DEBUG - 2025-12-05 02:32:50 --> CKUP_YYYY: 2025
DEBUG - 2025-12-05 02:32:50 --> RELATION: S
DEBUG - 2025-12-05 02:32:50 --> SUPPORT_FUND: 5
DEBUG - 2025-12-05 02:32:50 --> FAMILY_SUPPORT_FUND: 10
DEBUG - 2025-12-05 02:32:50 --> Selected SPRT_SE: 5
DEBUG - 2025-12-05 02:32:50 --> Filtering by SPRT_SE: 5
DEBUG - 2025-12-05 02:32:50 --> Products found: 2
DEBUG - 2025-12-05 02:32:50 --> SQL Query: SELECT *
FROM `CKUP_GDS_EXCEL_MNG`
WHERE `HSPTL_SN` = '3'
AND `CKUP_YYYY` = '2025'
AND `DEL_YN` = 'N'
AND `SPRT_SE` = '5'
DEBUG - 2025-12-05 02:32:50 --> =========================
DEBUG - 2025-12-05 03:55:57 --> Session: Class initialized using 'CodeIgniter\Session\Handlers\FileHandler' driver.
DEBUG - 2025-12-05 03:56:00 --> === Product Query Debug ===
DEBUG - 2025-12-05 03:56:00 --> HSPTL_SN: 3
DEBUG - 2025-12-05 03:56:00 --> CKUP_YYYY: 2025
DEBUG - 2025-12-05 03:56:00 --> RELATION: S
DEBUG - 2025-12-05 03:56:00 --> SUPPORT_FUND: 5
DEBUG - 2025-12-05 03:56:00 --> FAMILY_SUPPORT_FUND: 10
DEBUG - 2025-12-05 03:56:00 --> Selected SPRT_SE: 5
DEBUG - 2025-12-05 03:56:00 --> Filtering by SPRT_SE: 5
DEBUG - 2025-12-05 03:56:00 --> Products found: 2
DEBUG - 2025-12-05 03:56:00 --> SQL Query: SELECT *
FROM `CKUP_GDS_EXCEL_MNG`
WHERE `HSPTL_SN` = '3'
AND `CKUP_YYYY` = '2025'
AND `DEL_YN` = 'N'
AND `SPRT_SE` = '5'
DEBUG - 2025-12-05 03:56:00 --> =========================
DEBUG - 2025-12-05 03:56:49 --> Session: Class initialized using 'CodeIgniter\Session\Handlers\FileHandler' driver.
DEBUG - 2025-12-05 03:56:51 --> Session: Class initialized using 'CodeIgniter\Session\Handlers\FileHandler' driver.
DEBUG - 2025-12-05 03:58:58 --> Session: Class initialized using 'CodeIgniter\Session\Handlers\FileHandler' driver.
DEBUG - 2025-12-05 03:59:02 --> Session: Class initialized using 'CodeIgniter\Session\Handlers\FileHandler' driver.
DEBUG - 2025-12-05 03:59:29 --> Session: Class initialized using 'CodeIgniter\Session\Handlers\FileHandler' driver.
DEBUG - 2025-12-05 04:02:41 --> Session: Class initialized using 'CodeIgniter\Session\Handlers\FileHandler' driver.
DEBUG - 2025-12-05 04:02:47 --> Session: Class initialized using 'CodeIgniter\Session\Handlers\FileHandler' driver.
DEBUG - 2025-12-05 04:02:56 --> === Product Query Debug ===
DEBUG - 2025-12-05 04:02:56 --> HSPTL_SN: 3
DEBUG - 2025-12-05 04:02:56 --> CKUP_YYYY: 2025
DEBUG - 2025-12-05 04:02:56 --> RELATION: S
DEBUG - 2025-12-05 04:02:56 --> SUPPORT_FUND: 5
DEBUG - 2025-12-05 04:02:56 --> FAMILY_SUPPORT_FUND: 10
DEBUG - 2025-12-05 04:02:56 --> Selected SPRT_SE: 5
DEBUG - 2025-12-05 04:02:56 --> Filtering by SPRT_SE: 5
DEBUG - 2025-12-05 04:02:56 --> Products found: 2
DEBUG - 2025-12-05 04:02:56 --> SQL Query: SELECT *
FROM `CKUP_GDS_EXCEL_MNG`
WHERE `HSPTL_SN` = '3'
AND `CKUP_YYYY` = '2025'
AND `DEL_YN` = 'N'
AND `SPRT_SE` = '5'
DEBUG - 2025-12-05 04:02:56 --> =========================
DEBUG - 2025-12-05 04:02:57 --> Session: Class initialized using 'CodeIgniter\Session\Handlers\FileHandler' driver.
DEBUG - 2025-12-05 04:03:01 --> === Product Query Debug ===
DEBUG - 2025-12-05 04:03:01 --> HSPTL_SN: 3
DEBUG - 2025-12-05 04:03:01 --> CKUP_YYYY: 2025
DEBUG - 2025-12-05 04:03:01 --> RELATION: S
DEBUG - 2025-12-05 04:03:01 --> SUPPORT_FUND: 5
DEBUG - 2025-12-05 04:03:01 --> FAMILY_SUPPORT_FUND: 10
DEBUG - 2025-12-05 04:03:01 --> Selected SPRT_SE: 5
DEBUG - 2025-12-05 04:03:01 --> Filtering by SPRT_SE: 5
DEBUG - 2025-12-05 04:03:01 --> Products found: 2
DEBUG - 2025-12-05 04:03:01 --> SQL Query: SELECT *
FROM `CKUP_GDS_EXCEL_MNG`
WHERE `HSPTL_SN` = '3'
AND `CKUP_YYYY` = '2025'
AND `DEL_YN` = 'N'
AND `SPRT_SE` = '5'
DEBUG - 2025-12-05 04:03:01 --> =========================
DEBUG - 2025-12-05 04:06:57 --> Session: Class initialized using 'CodeIgniter\Session\Handlers\FileHandler' driver.
DEBUG - 2025-12-05 04:07:00 --> === Product Query Debug ===
DEBUG - 2025-12-05 04:07:00 --> HSPTL_SN: 3
DEBUG - 2025-12-05 04:07:00 --> CKUP_YYYY: 2025
DEBUG - 2025-12-05 04:07:00 --> RELATION: S
DEBUG - 2025-12-05 04:07:00 --> SUPPORT_FUND: 5
DEBUG - 2025-12-05 04:07:00 --> FAMILY_SUPPORT_FUND: 10
DEBUG - 2025-12-05 04:07:00 --> Selected SPRT_SE: 5
DEBUG - 2025-12-05 04:07:00 --> Filtering by SPRT_SE: 5
DEBUG - 2025-12-05 04:07:00 --> Products found: 2
DEBUG - 2025-12-05 04:07:00 --> SQL Query: SELECT *
FROM `CKUP_GDS_EXCEL_MNG`
WHERE `HSPTL_SN` = '3'
AND `CKUP_YYYY` = '2025'
AND `DEL_YN` = 'N'
AND `SPRT_SE` = '5'
DEBUG - 2025-12-05 04:07:00 --> =========================
DEBUG - 2025-12-05 04:10:57 --> Session: Class initialized using 'CodeIgniter\Session\Handlers\FileHandler' driver.
DEBUG - 2025-12-05 04:11:00 --> === Product Query Debug ===
DEBUG - 2025-12-05 04:11:00 --> HSPTL_SN: 3
DEBUG - 2025-12-05 04:11:00 --> CKUP_YYYY: 2025
DEBUG - 2025-12-05 04:11:00 --> RELATION: S
DEBUG - 2025-12-05 04:11:00 --> SUPPORT_FUND: 5
DEBUG - 2025-12-05 04:11:00 --> FAMILY_SUPPORT_FUND: 10
DEBUG - 2025-12-05 04:11:00 --> Selected SPRT_SE: 5
DEBUG - 2025-12-05 04:11:00 --> Filtering by SPRT_SE: 5
DEBUG - 2025-12-05 04:11:00 --> Products found: 2
DEBUG - 2025-12-05 04:11:00 --> SQL Query: SELECT *
FROM `CKUP_GDS_EXCEL_MNG`
WHERE `HSPTL_SN` = '3'
AND `CKUP_YYYY` = '2025'
AND `DEL_YN` = 'N'
AND `SPRT_SE` = '5'
DEBUG - 2025-12-05 04:11:00 --> =========================
DEBUG - 2025-12-05 04:16:10 --> Session: Class initialized using 'CodeIgniter\Session\Handlers\FileHandler' driver.
DEBUG - 2025-12-05 04:16:13 --> === Product Query Debug ===
DEBUG - 2025-12-05 04:16:13 --> HSPTL_SN: 3
DEBUG - 2025-12-05 04:16:13 --> CKUP_YYYY: 2025
DEBUG - 2025-12-05 04:16:13 --> RELATION: S
DEBUG - 2025-12-05 04:16:13 --> SUPPORT_FUND: 5
DEBUG - 2025-12-05 04:16:13 --> FAMILY_SUPPORT_FUND: 10
DEBUG - 2025-12-05 04:16:13 --> Selected SPRT_SE: 5
DEBUG - 2025-12-05 04:16:13 --> Filtering by SPRT_SE: 5
DEBUG - 2025-12-05 04:16:13 --> Products found: 2
DEBUG - 2025-12-05 04:16:13 --> SQL Query: SELECT *
FROM `CKUP_GDS_EXCEL_MNG`
WHERE `HSPTL_SN` = '3'
AND `CKUP_YYYY` = '2025'
AND `DEL_YN` = 'N'
AND `SPRT_SE` = '5'
DEBUG - 2025-12-05 04:16:13 --> =========================
DEBUG - 2025-12-05 04:22:19 --> Session: Class initialized using 'CodeIgniter\Session\Handlers\FileHandler' driver.
DEBUG - 2025-12-05 04:22:22 --> === Product Query Debug ===
DEBUG - 2025-12-05 04:22:22 --> HSPTL_SN: 3
DEBUG - 2025-12-05 04:22:22 --> CKUP_YYYY: 2025
DEBUG - 2025-12-05 04:22:22 --> RELATION: S
DEBUG - 2025-12-05 04:22:22 --> SUPPORT_FUND: 5
DEBUG - 2025-12-05 04:22:22 --> FAMILY_SUPPORT_FUND: 10
DEBUG - 2025-12-05 04:22:22 --> Selected SPRT_SE: 5
DEBUG - 2025-12-05 04:22:23 --> Filtering by SPRT_SE: 5
DEBUG - 2025-12-05 04:22:23 --> Products found: 2
DEBUG - 2025-12-05 04:22:23 --> SQL Query: SELECT *
FROM `CKUP_GDS_EXCEL_MNG`
WHERE `HSPTL_SN` = '3'
AND `CKUP_YYYY` = '2025'
AND `DEL_YN` = 'N'
AND `SPRT_SE` = '5'
DEBUG - 2025-12-05 04:22:23 --> =========================
DEBUG - 2025-12-05 04:23:04 --> Session: Class initialized using 'CodeIgniter\Session\Handlers\FileHandler' driver.
DEBUG - 2025-12-05 04:23:06 --> Session: Class initialized using 'CodeIgniter\Session\Handlers\FileHandler' driver.
DEBUG - 2025-12-05 04:27:16 --> Session: Class initialized using 'CodeIgniter\Session\Handlers\FileHandler' driver.
DEBUG - 2025-12-05 04:29:01 --> Session: Class initialized using 'CodeIgniter\Session\Handlers\FileHandler' driver.
DEBUG - 2025-12-05 04:29:16 --> Session: Class initialized using 'CodeIgniter\Session\Handlers\FileHandler' driver.
DEBUG - 2025-12-05 04:29:20 --> Session: Class initialized using 'CodeIgniter\Session\Handlers\FileHandler' driver.
DEBUG - 2025-12-05 05:09:53 --> Session: Class initialized using 'CodeIgniter\Session\Handlers\FileHandler' driver.
DEBUG - 2025-12-05 05:09:53 --> Session: Class initialized using 'CodeIgniter\Session\Handlers\FileHandler' driver.
DEBUG - 2025-12-05 05:15:11 --> Session: Class initialized using 'CodeIgniter\Session\Handlers\FileHandler' driver.
DEBUG - 2025-12-05 05:15:17 --> Session: Class initialized using 'CodeIgniter\Session\Handlers\FileHandler' driver.
DEBUG - 2025-12-05 05:15:19 --> Session: Class initialized using 'CodeIgniter\Session\Handlers\FileHandler' driver.
DEBUG - 2025-12-05 05:19:56 --> Session: Class initialized using 'CodeIgniter\Session\Handlers\FileHandler' driver.
DEBUG - 2025-12-05 05:20:48 --> Session: Class initialized using 'CodeIgniter\Session\Handlers\FileHandler' driver.
DEBUG - 2025-12-05 05:22:48 --> Session: Class initialized using 'CodeIgniter\Session\Handlers\FileHandler' driver.
DEBUG - 2025-12-05 05:24:15 --> Session: Class initialized using 'CodeIgniter\Session\Handlers\FileHandler' driver.
DEBUG - 2025-12-05 05:24:54 --> Session: Class initialized using 'CodeIgniter\Session\Handlers\FileHandler' driver.
INFO - 2025-12-05 21:33:30 --> REDIRECTED ROUTE at http://localhost/user/login
DEBUG - 2025-12-05 21:33:32 --> Session: Class initialized using 'CodeIgniter\Session\Handlers\FileHandler' driver.
DEBUG - 2025-12-05 21:34:37 --> Session: Class initialized using 'CodeIgniter\Session\Handlers\FileHandler' driver.
DEBUG - 2025-12-05 21:34:37 --> Session: Class initialized using 'CodeIgniter\Session\Handlers\FileHandler' driver.
DEBUG - 2025-12-05 21:34:50 --> User CO_SN: 1
DEBUG - 2025-12-05 21:34:50 --> Company data: {"CO_SN":"1","CO_NM":"\ud050\ub809\uc18c","PIC_NM":"\ud050\ub809\uc18c\ub2f4\ub2f9\uc790","CNPL":"01012341234","BGNG_YMD":"2025-11-22","END_YMD":"2025-12-31","CO_MNGR_ID":"qtest","CO_MNGR_PSWD":"$2y$10$DRiLqSX5gdY7m0orAuWOU.RKWthFVjWfVpoy6G\/xOFSHDHZt6RXN2","REG_ID":"SYSTEM","MDFCN_ID":"vievisadmin","DEL_YN":"N","REG_YMD":"2025-11-20 00:00:00","MDFCN_YMD":"2025-12-01 00:00:00"}
DEBUG - 2025-12-05 21:34:50 --> Session: Class initialized using 'CodeIgniter\Session\Handlers\FileHandler' driver.
DEBUG - 2025-12-05 21:34:50 --> Session: Class initialized using 'CodeIgniter\Session\Handlers\FileHandler' driver.
DEBUG - 2025-12-05 21:36:48 --> Session: Class initialized using 'CodeIgniter\Session\Handlers\FileHandler' driver.
DEBUG - 2025-12-05 21:38:15 --> Session: Class initialized using 'CodeIgniter\Session\Handlers\FileHandler' driver.
DEBUG - 2025-12-05 21:39:00 --> Session: Class initialized using 'CodeIgniter\Session\Handlers\FileHandler' driver.
DEBUG - 2025-12-05 21:39:21 --> Session: Class initialized using 'CodeIgniter\Session\Handlers\FileHandler' driver.
DEBUG - 2025-12-05 21:40:17 --> Session: Class initialized using 'CodeIgniter\Session\Handlers\FileHandler' driver.
DEBUG - 2025-12-05 21:42:09 --> Session: Class initialized using 'CodeIgniter\Session\Handlers\FileHandler' driver.
DEBUG - 2025-12-05 21:42:36 --> Session: Class initialized using 'CodeIgniter\Session\Handlers\FileHandler' driver.
DEBUG - 2025-12-05 21:42:50 --> Session: Class initialized using 'CodeIgniter\Session\Handlers\FileHandler' driver.
DEBUG - 2025-12-05 21:44:32 --> Session: Class initialized using 'CodeIgniter\Session\Handlers\FileHandler' driver.
DEBUG - 2025-12-05 21:45:08 --> Session: Class initialized using 'CodeIgniter\Session\Handlers\FileHandler' driver.
DEBUG - 2025-12-05 21:46:59 --> Session: Class initialized using 'CodeIgniter\Session\Handlers\FileHandler' driver.
DEBUG - 2025-12-05 21:48:25 --> Session: Class initialized using 'CodeIgniter\Session\Handlers\FileHandler' driver.
DEBUG - 2025-12-05 21:49:05 --> Session: Class initialized using 'CodeIgniter\Session\Handlers\FileHandler' driver.
DEBUG - 2025-12-05 21:49:21 --> === Product Query Debug ===
DEBUG - 2025-12-05 21:49:21 --> HSPTL_SN: 3
DEBUG - 2025-12-05 21:49:21 --> CKUP_YYYY: 2025
DEBUG - 2025-12-05 21:49:21 --> RELATION: C
DEBUG - 2025-12-05 21:49:21 --> SUPPORT_FUND: 5
DEBUG - 2025-12-05 21:49:21 --> FAMILY_SUPPORT_FUND: 10
DEBUG - 2025-12-05 21:49:21 --> Selected SPRT_SE: 10
DEBUG - 2025-12-05 21:49:21 --> Filtering by FAM_SPRT_SE: 10
DEBUG - 2025-12-05 21:49:21 --> Products found: 1
DEBUG - 2025-12-05 21:49:21 --> SQL Query: SELECT *
FROM `CKUP_GDS_EXCEL_MNG`
WHERE `HSPTL_SN` = '3'
AND `CKUP_YYYY` = '2025'
AND `DEL_YN` = 'N'
AND `FAM_SPRT_SE` = '10'
DEBUG - 2025-12-05 21:49:21 --> =========================
DEBUG - 2025-12-05 21:49:39 --> Session: Class initialized using 'CodeIgniter\Session\Handlers\FileHandler' driver.
DEBUG - 2025-12-05 21:49:39 --> Session: Class initialized using 'CodeIgniter\Session\Handlers\FileHandler' driver.
DEBUG - 2025-12-05 21:49:39 --> Session: Class initialized using 'CodeIgniter\Session\Handlers\FileHandler' driver.
DEBUG - 2025-12-05 21:49:50 --> Session: Class initialized using 'CodeIgniter\Session\Handlers\FileHandler' driver.
DEBUG - 2025-12-05 21:49:51 --> Session: Class initialized using 'CodeIgniter\Session\Handlers\FileHandler' driver.
DEBUG - 2025-12-05 21:49:51 --> Session: Class initialized using 'CodeIgniter\Session\Handlers\FileHandler' driver.
DEBUG - 2025-12-05 21:52:57 --> Session: Class initialized using 'CodeIgniter\Session\Handlers\FileHandler' driver.
DEBUG - 2025-12-05 21:59:08 --> Session: Class initialized using 'CodeIgniter\Session\Handlers\FileHandler' driver.
DEBUG - 2025-12-05 21:59:09 --> Session: Class initialized using 'CodeIgniter\Session\Handlers\FileHandler' driver.
DEBUG - 2025-12-05 22:04:30 --> Session: Class initialized using 'CodeIgniter\Session\Handlers\FileHandler' driver.
DEBUG - 2025-12-05 22:04:31 --> Session: Class initialized using 'CodeIgniter\Session\Handlers\FileHandler' driver.
DEBUG - 2025-12-05 22:05:21 --> Session: Class initialized using 'CodeIgniter\Session\Handlers\FileHandler' driver.
DEBUG - 2025-12-05 22:07:16 --> Session: Class initialized using 'CodeIgniter\Session\Handlers\FileHandler' driver.
DEBUG - 2025-12-05 22:07:17 --> Session: Class initialized using 'CodeIgniter\Session\Handlers\FileHandler' driver.
DEBUG - 2025-12-05 22:14:27 --> Session: Class initialized using 'CodeIgniter\Session\Handlers\FileHandler' driver.
DEBUG - 2025-12-05 22:14:27 --> Session: Class initialized using 'CodeIgniter\Session\Handlers\FileHandler' driver.
DEBUG - 2025-12-05 22:15:13 --> Session: Class initialized using 'CodeIgniter\Session\Handlers\FileHandler' driver.
DEBUG - 2025-12-05 22:15:15 --> Session: Class initialized using 'CodeIgniter\Session\Handlers\FileHandler' driver.
DEBUG - 2025-12-05 22:15:23 --> Session: Class initialized using 'CodeIgniter\Session\Handlers\FileHandler' driver.
DEBUG - 2025-12-05 22:15:23 --> Session: Class initialized using 'CodeIgniter\Session\Handlers\FileHandler' driver.
INFO - 2025-12-05 22:16:58 --> REDIRECTED ROUTE at http://localhost/user/login
DEBUG - 2025-12-05 22:16:58 --> Session: Class initialized using 'CodeIgniter\Session\Handlers\FileHandler' driver.
DEBUG - 2025-12-05 22:17:12 --> User CO_SN: 1
DEBUG - 2025-12-05 22:17:12 --> Company data: {"CO_SN":"1","CO_NM":"\ud050\ub809\uc18c","PIC_NM":"\ud050\ub809\uc18c\ub2f4\ub2f9\uc790","CNPL":"01012341234","BGNG_YMD":"2025-11-22","END_YMD":"2025-12-31","CO_MNGR_ID":"qtest","CO_MNGR_PSWD":"$2y$10$DRiLqSX5gdY7m0orAuWOU.RKWthFVjWfVpoy6G\/xOFSHDHZt6RXN2","REG_ID":"SYSTEM","MDFCN_ID":"vievisadmin","DEL_YN":"N","REG_YMD":"2025-11-20 00:00:00","MDFCN_YMD":"2025-12-01 00:00:00"}
DEBUG - 2025-12-05 22:17:12 --> Session: Class initialized using 'CodeIgniter\Session\Handlers\FileHandler' driver.
DEBUG - 2025-12-05 22:17:12 --> Session: Class initialized using 'CodeIgniter\Session\Handlers\FileHandler' driver.
DEBUG - 2025-12-05 22:26:15 --> Session: Class initialized using 'CodeIgniter\Session\Handlers\FileHandler' driver.
DEBUG - 2025-12-05 22:26:15 --> Session: Class initialized using 'CodeIgniter\Session\Handlers\FileHandler' driver.
ERROR - 2025-12-05 22:26:16 --> mysqli_sql_exception: Unknown column 'CGEM.CKUP_GDS_SN' in 'on clause' in E:\project\namuh\source\system\Database\MySQLi\Connection.php:327
Stack trace:
#0 E:\project\namuh\source\system\Database\MySQLi\Connection.php(327): mysqli->query('SELECT COUNT(*)...', 0)
#1 E:\project\namuh\source\system\Database\BaseConnection.php(738): CodeIgniter\Database\MySQLi\Connection->execute('SELECT COUNT(*)...')
#2 E:\project\namuh\source\system\Database\BaseConnection.php(652): CodeIgniter\Database\BaseConnection->simpleQuery('SELECT COUNT(*)...')
#3 E:\project\namuh\source\system\Database\BaseBuilder.php(1733): CodeIgniter\Database\BaseConnection->query('SELECT COUNT(*)...', Array, false)
#4 E:\project\namuh\source\app\Models\CkupTrgtModel.php(149): CodeIgniter\Database\BaseBuilder->countAllResults(false)
#5 E:\project\namuh\source\app\Controllers\UserCkupTrgtController.php(74): App\Models\CkupTrgtModel->getDataTableList(Array, Array)
#6 E:\project\namuh\source\system\CodeIgniter.php(933): App\Controllers\UserCkupTrgtController->ajax_list()
#7 E:\project\namuh\source\system\CodeIgniter.php(507): CodeIgniter\CodeIgniter->runController(Object(App\Controllers\UserCkupTrgtController))
#8 E:\project\namuh\source\system\CodeIgniter.php(354): CodeIgniter\CodeIgniter->handleRequest(NULL, Object(Config\Cache), false)
#9 E:\project\namuh\source\system\Boot.php(334): CodeIgniter\CodeIgniter->run()
#10 E:\project\namuh\source\system\Boot.php(67): CodeIgniter\Boot::runCodeIgniter(Object(CodeIgniter\CodeIgniter))
#11 E:\project\namuh\source\index.php(59): CodeIgniter\Boot::bootWeb(Object(Config\Paths))
#12 {main}
CRITICAL - 2025-12-05 22:26:16 --> CodeIgniter\Database\Exceptions\DatabaseException: Unknown column 'CGEM.CKUP_GDS_SN' in 'on clause'
[Method: POST, Route: user/ckupTrgt/ajax_list]
in SYSTEMPATH\Database\BaseConnection.php on line 692.
 1 SYSTEMPATH\Database\BaseBuilder.php(1733): CodeIgniter\Database\BaseConnection->query('SELECT COUNT(*) AS `numrows`
FROM `CKUP_TRGT` `CT`
LEFT JOIN `CO_MNG` `CM` ON `CM`.`CO_SN` = `CT`.`CO_SN`
LEFT JOIN `HSPTL_MNG` `HM` ON `CT`.`CKUP_HSPTL_SN` = `HM`.`HSPTL_SN`
LEFT JOIN `CKUP_GDS_EXCEL_MNG` `CGEM` ON `CT`.`CKUP_GDS_SN` = `CGEM`.`CKUP_GDS_SN`
WHERE `CT`.`DEL_YN` = :CT.DEL_YN:
AND `CT`.`CO_SN` = :CT.CO_SN:', [...], false)
 2 APPPATH\Models\CkupTrgtModel.php(149): CodeIgniter\Database\BaseBuilder->countAllResults(false)
 3 APPPATH\Controllers\UserCkupTrgtController.php(74): App\Models\CkupTrgtModel->getDataTableList([...], [...])
 4 SYSTEMPATH\CodeIgniter.php(933): App\Controllers\UserCkupTrgtController->ajax_list()
 5 SYSTEMPATH\CodeIgniter.php(507): CodeIgniter\CodeIgniter->runController(Object(App\Controllers\UserCkupTrgtController))
 6 SYSTEMPATH\CodeIgniter.php(354): CodeIgniter\CodeIgniter->handleRequest(null, Object(Config\Cache), false)
 7 SYSTEMPATH\Boot.php(334): CodeIgniter\CodeIgniter->run()
 8 SYSTEMPATH\Boot.php(67): CodeIgniter\Boot::runCodeIgniter(Object(CodeIgniter\CodeIgniter))
 9 FCPATH\index.php(59): CodeIgniter\Boot::bootWeb(Object(Config\Paths))
CRITICAL - 2025-12-05 22:26:16 --> [Caused by] CodeIgniter\Database\Exceptions\DatabaseException: Unknown column 'CGEM.CKUP_GDS_SN' in 'on clause'
in SYSTEMPATH\Database\MySQLi\Connection.php on line 332.
 1 SYSTEMPATH\Database\BaseConnection.php(738): CodeIgniter\Database\MySQLi\Connection->execute('SELECT COUNT(*) AS `numrows`
FROM `CKUP_TRGT` `CT`
LEFT JOIN `CO_MNG` `CM` ON `CM`.`CO_SN` = `CT`.`CO_SN`
LEFT JOIN `HSPTL_MNG` `HM` ON `CT`.`CKUP_HSPTL_SN` = `HM`.`HSPTL_SN`
LEFT JOIN `CKUP_GDS_EXCEL_MNG` `CGEM` ON `CT`.`CKUP_GDS_SN` = `CGEM`.`CKUP_GDS_SN`
WHERE `CT`.`DEL_YN` = \'N\'
AND `CT`.`CO_SN` = \'1\'')
 2 SYSTEMPATH\Database\BaseConnection.php(652): CodeIgniter\Database\BaseConnection->simpleQuery('SELECT COUNT(*) AS `numrows`
FROM `CKUP_TRGT` `CT`
LEFT JOIN `CO_MNG` `CM` ON `CM`.`CO_SN` = `CT`.`CO_SN`
LEFT JOIN `HSPTL_MNG` `HM` ON `CT`.`CKUP_HSPTL_SN` = `HM`.`HSPTL_SN`
LEFT JOIN `CKUP_GDS_EXCEL_MNG` `CGEM` ON `CT`.`CKUP_GDS_SN` = `CGEM`.`CKUP_GDS_SN`
WHERE `CT`.`DEL_YN` = \'N\'
AND `CT`.`CO_SN` = \'1\'')
 3 SYSTEMPATH\Database\BaseBuilder.php(1733): CodeIgniter\Database\BaseConnection->query('SELECT COUNT(*) AS `numrows`
FROM `CKUP_TRGT` `CT`
LEFT JOIN `CO_MNG` `CM` ON `CM`.`CO_SN` = `CT`.`CO_SN`
LEFT JOIN `HSPTL_MNG` `HM` ON `CT`.`CKUP_HSPTL_SN` = `HM`.`HSPTL_SN`
LEFT JOIN `CKUP_GDS_EXCEL_MNG` `CGEM` ON `CT`.`CKUP_GDS_SN` = `CGEM`.`CKUP_GDS_SN`
WHERE `CT`.`DEL_YN` = :CT.DEL_YN:
AND `CT`.`CO_SN` = :CT.CO_SN:', [...], false)
 4 APPPATH\Models\CkupTrgtModel.php(149): CodeIgniter\Database\BaseBuilder->countAllResults(false)
 5 APPPATH\Controllers\UserCkupTrgtController.php(74): App\Models\CkupTrgtModel->getDataTableList([...], [...])
 6 SYSTEMPATH\CodeIgniter.php(933): App\Controllers\UserCkupTrgtController->ajax_list()
 7 SYSTEMPATH\CodeIgniter.php(507): CodeIgniter\CodeIgniter->runController(Object(App\Controllers\UserCkupTrgtController))
 8 SYSTEMPATH\CodeIgniter.php(354): CodeIgniter\CodeIgniter->handleRequest(null, Object(Config\Cache), false)
 9 SYSTEMPATH\Boot.php(334): CodeIgniter\CodeIgniter->run()
10 SYSTEMPATH\Boot.php(67): CodeIgniter\Boot::runCodeIgniter(Object(CodeIgniter\CodeIgniter))
11 FCPATH\index.php(59): CodeIgniter\Boot::bootWeb(Object(Config\Paths))
CRITICAL - 2025-12-05 22:26:16 --> [Caused by] mysqli_sql_exception: Unknown column 'CGEM.CKUP_GDS_SN' in 'on clause'
in SYSTEMPATH\Database\MySQLi\Connection.php on line 327.
 1 SYSTEMPATH\Database\MySQLi\Connection.php(327): mysqli->query('SELECT COUNT(*) AS `numrows`
FROM `CKUP_TRGT` `CT`
LEFT JOIN `CO_MNG` `CM` ON `CM`.`CO_SN` = `CT`.`CO_SN`
LEFT JOIN `HSPTL_MNG` `HM` ON `CT`.`CKUP_HSPTL_SN` = `HM`.`HSPTL_SN`
LEFT JOIN `CKUP_GDS_EXCEL_MNG` `CGEM` ON `CT`.`CKUP_GDS_SN` = `CGEM`.`CKUP_GDS_SN`
WHERE `CT`.`DEL_YN` = \'N\'
AND `CT`.`CO_SN` = \'1\'', 0)
 2 SYSTEMPATH\Database\BaseConnection.php(738): CodeIgniter\Database\MySQLi\Connection->execute('SELECT COUNT(*) AS `numrows`
FROM `CKUP_TRGT` `CT`
LEFT JOIN `CO_MNG` `CM` ON `CM`.`CO_SN` = `CT`.`CO_SN`
LEFT JOIN `HSPTL_MNG` `HM` ON `CT`.`CKUP_HSPTL_SN` = `HM`.`HSPTL_SN`
LEFT JOIN `CKUP_GDS_EXCEL_MNG` `CGEM` ON `CT`.`CKUP_GDS_SN` = `CGEM`.`CKUP_GDS_SN`
WHERE `CT`.`DEL_YN` = \'N\'
AND `CT`.`CO_SN` = \'1\'')
 3 SYSTEMPATH\Database\BaseConnection.php(652): CodeIgniter\Database\BaseConnection->simpleQuery('SELECT COUNT(*) AS `numrows`
FROM `CKUP_TRGT` `CT`
LEFT JOIN `CO_MNG` `CM` ON `CM`.`CO_SN` = `CT`.`CO_SN`
LEFT JOIN `HSPTL_MNG` `HM` ON `CT`.`CKUP_HSPTL_SN` = `HM`.`HSPTL_SN`
LEFT JOIN `CKUP_GDS_EXCEL_MNG` `CGEM` ON `CT`.`CKUP_GDS_SN` = `CGEM`.`CKUP_GDS_SN`
WHERE `CT`.`DEL_YN` = \'N\'
AND `CT`.`CO_SN` = \'1\'')
 4 SYSTEMPATH\Database\BaseBuilder.php(1733): CodeIgniter\Database\BaseConnection->query('SELECT COUNT(*) AS `numrows`
FROM `CKUP_TRGT` `CT`
LEFT JOIN `CO_MNG` `CM` ON `CM`.`CO_SN` = `CT`.`CO_SN`
LEFT JOIN `HSPTL_MNG` `HM` ON `CT`.`CKUP_HSPTL_SN` = `HM`.`HSPTL_SN`
LEFT JOIN `CKUP_GDS_EXCEL_MNG` `CGEM` ON `CT`.`CKUP_GDS_SN` = `CGEM`.`CKUP_GDS_SN`
WHERE `CT`.`DEL_YN` = :CT.DEL_YN:
AND `CT`.`CO_SN` = :CT.CO_SN:', [...], false)
 5 APPPATH\Models\CkupTrgtModel.php(149): CodeIgniter\Database\BaseBuilder->countAllResults(false)
 6 APPPATH\Controllers\UserCkupTrgtController.php(74): App\Models\CkupTrgtModel->getDataTableList([...], [...])
 7 SYSTEMPATH\CodeIgniter.php(933): App\Controllers\UserCkupTrgtController->ajax_list()
 8 SYSTEMPATH\CodeIgniter.php(507): CodeIgniter\CodeIgniter->runController(Object(App\Controllers\UserCkupTrgtController))
 9 SYSTEMPATH\CodeIgniter.php(354): CodeIgniter\CodeIgniter->handleRequest(null, Object(Config\Cache), false)
10 SYSTEMPATH\Boot.php(334): CodeIgniter\CodeIgniter->run()
11 SYSTEMPATH\Boot.php(67): CodeIgniter\Boot::runCodeIgniter(Object(CodeIgniter\CodeIgniter))
12 FCPATH\index.php(59): CodeIgniter\Boot::bootWeb(Object(Config\Paths))
DEBUG - 2025-12-05 22:27:43 --> Session: Class initialized using 'CodeIgniter\Session\Handlers\FileHandler' driver.
DEBUG - 2025-12-05 22:27:44 --> Session: Class initialized using 'CodeIgniter\Session\Handlers\FileHandler' driver.
DEBUG - 2025-12-05 22:30:33 --> Session: Class initialized using 'CodeIgniter\Session\Handlers\FileHandler' driver.
DEBUG - 2025-12-05 22:30:34 --> Session: Class initialized using 'CodeIgniter\Session\Handlers\FileHandler' driver.
DEBUG - 2025-12-05 22:42:40 --> Session: Class initialized using 'CodeIgniter\Session\Handlers\FileHandler' driver.
DEBUG - 2025-12-05 22:42:41 --> Session: Class initialized using 'CodeIgniter\Session\Handlers\FileHandler' driver.
DEBUG - 2025-12-05 22:44:57 --> Session: Class initialized using 'CodeIgniter\Session\Handlers\FileHandler' driver.
DEBUG - 2025-12-05 22:44:57 --> Session: Class initialized using 'CodeIgniter\Session\Handlers\FileHandler' driver.
DEBUG - 2025-12-05 22:52:58 --> Session: Class initialized using 'CodeIgniter\Session\Handlers\FileHandler' driver.
DEBUG - 2025-12-05 22:52:58 --> Session: Class initialized using 'CodeIgniter\Session\Handlers\FileHandler' driver.
DEBUG - 2025-12-05 22:55:18 --> Session: Class initialized using 'CodeIgniter\Session\Handlers\FileHandler' driver.
DEBUG - 2025-12-05 22:58:42 --> Session: Class initialized using 'CodeIgniter\Session\Handlers\FileHandler' driver.
DEBUG - 2025-12-05 22:58:42 --> Session: Class initialized using 'CodeIgniter\Session\Handlers\FileHandler' driver.
DEBUG - 2025-12-05 22:58:49 --> Session: Class initialized using 'CodeIgniter\Session\Handlers\FileHandler' driver.
DEBUG - 2025-12-05 22:59:00 --> === Product Query Debug ===
DEBUG - 2025-12-05 22:59:00 --> HSPTL_SN: 3
DEBUG - 2025-12-05 22:59:00 --> CKUP_YYYY: 2025
DEBUG - 2025-12-05 22:59:00 --> RELATION: S
DEBUG - 2025-12-05 22:59:00 --> SUPPORT_FUND: 15
DEBUG - 2025-12-05 22:59:00 --> FAMILY_SUPPORT_FUND: 10
DEBUG - 2025-12-05 22:59:00 --> Selected SPRT_SE: 15
DEBUG - 2025-12-05 22:59:00 --> Filtering by SPRT_SE: 15
DEBUG - 2025-12-05 22:59:00 --> Products found: 0
DEBUG - 2025-12-05 22:59:00 --> SQL Query: SELECT *
FROM `CKUP_GDS_EXCEL_MNG`
WHERE `HSPTL_SN` = '3'
AND `CKUP_YYYY` = '2025'
AND `DEL_YN` = 'N'
AND `SPRT_SE` = '15'
DEBUG - 2025-12-05 22:59:00 --> =========================
DEBUG - 2025-12-05 22:59:12 --> Session: Class initialized using 'CodeIgniter\Session\Handlers\FileHandler' driver.
DEBUG - 2025-12-05 22:59:12 --> Session: Class initialized using 'CodeIgniter\Session\Handlers\FileHandler' driver.
DEBUG - 2025-12-05 22:59:50 --> Session: Class initialized using 'CodeIgniter\Session\Handlers\FileHandler' driver.
DEBUG - 2025-12-05 23:10:43 --> Session: Class initialized using 'CodeIgniter\Session\Handlers\FileHandler' driver.
DEBUG - 2025-12-05 23:10:43 --> Session: Class initialized using 'CodeIgniter\Session\Handlers\FileHandler' driver.
DEBUG - 2025-12-05 23:10:49 --> Session: Class initialized using 'CodeIgniter\Session\Handlers\FileHandler' driver.
DEBUG - 2025-12-05 23:10:53 --> Session: Class initialized using 'CodeIgniter\Session\Handlers\FileHandler' driver.
DEBUG - 2025-12-05 23:10:53 --> Session: Class initialized using 'CodeIgniter\Session\Handlers\FileHandler' driver.
DEBUG - 2025-12-05 23:10:57 --> Session: Class initialized using 'CodeIgniter\Session\Handlers\FileHandler' driver.
DEBUG - 2025-12-05 23:11:08 --> Session: Class initialized using 'CodeIgniter\Session\Handlers\FileHandler' driver.
DEBUG - 2025-12-05 23:11:08 --> Session: Class initialized using 'CodeIgniter\Session\Handlers\FileHandler' driver.
DEBUG - 2025-12-05 23:11:28 --> Session: Class initialized using 'CodeIgniter\Session\Handlers\FileHandler' driver.
DEBUG - 2025-12-05 23:11:28 --> Session: Class initialized using 'CodeIgniter\Session\Handlers\FileHandler' driver.
DEBUG - 2025-12-05 23:11:30 --> Session: Class initialized using 'CodeIgniter\Session\Handlers\FileHandler' driver.
DEBUG - 2025-12-05 23:15:15 --> Session: Class initialized using 'CodeIgniter\Session\Handlers\FileHandler' driver.
DEBUG - 2025-12-05 23:17:09 --> Session: Class initialized using 'CodeIgniter\Session\Handlers\FileHandler' driver.
DEBUG - 2025-12-05 23:17:09 --> === Product Query Debug ===
DEBUG - 2025-12-05 23:17:09 --> HSPTL_SN: 3
DEBUG - 2025-12-05 23:17:09 --> CKUP_YYYY: 2025
DEBUG - 2025-12-05 23:17:09 --> RELATION: S
DEBUG - 2025-12-05 23:17:09 --> SUPPORT_FUND: 5
DEBUG - 2025-12-05 23:17:09 --> FAMILY_SUPPORT_FUND: 10
DEBUG - 2025-12-05 23:17:09 --> Selected SPRT_SE: 5
DEBUG - 2025-12-05 23:17:09 --> Filtering by SPRT_SE: 5
DEBUG - 2025-12-05 23:17:09 --> Products found: 2
DEBUG - 2025-12-05 23:17:09 --> SQL Query: SELECT *
FROM `CKUP_GDS_EXCEL_MNG`
WHERE `HSPTL_SN` = '3'
AND `CKUP_YYYY` = '2025'
AND `DEL_YN` = 'N'
AND `SPRT_SE` = '5'
DEBUG - 2025-12-05 23:17:09 --> =========================
DEBUG - 2025-12-05 23:18:09 --> Session: Class initialized using 'CodeIgniter\Session\Handlers\FileHandler' driver.
DEBUG - 2025-12-05 23:27:50 --> Session: Class initialized using 'CodeIgniter\Session\Handlers\FileHandler' driver.
DEBUG - 2025-12-05 23:27:51 --> === Product Query Debug ===
DEBUG - 2025-12-05 23:27:51 --> HSPTL_SN: 3
DEBUG - 2025-12-05 23:27:51 --> CKUP_YYYY: 2025
DEBUG - 2025-12-05 23:27:51 --> RELATION: S
DEBUG - 2025-12-05 23:27:51 --> SUPPORT_FUND: 5
DEBUG - 2025-12-05 23:27:51 --> FAMILY_SUPPORT_FUND: 10
DEBUG - 2025-12-05 23:27:51 --> Selected SPRT_SE: 5
DEBUG - 2025-12-05 23:27:51 --> Filtering by SPRT_SE: 5
DEBUG - 2025-12-05 23:27:51 --> Products found: 2
DEBUG - 2025-12-05 23:27:51 --> SQL Query: SELECT *
FROM `CKUP_GDS_EXCEL_MNG`
WHERE `HSPTL_SN` = '3'
AND `CKUP_YYYY` = '2025'
AND `DEL_YN` = 'N'
AND `SPRT_SE` = '5'
DEBUG - 2025-12-05 23:27:51 --> =========================
DEBUG - 2025-12-05 23:29:14 --> Session: Class initialized using 'CodeIgniter\Session\Handlers\FileHandler' driver.
DEBUG - 2025-12-05 23:29:15 --> === Product Query Debug ===
DEBUG - 2025-12-05 23:29:15 --> HSPTL_SN: 3
DEBUG - 2025-12-05 23:29:15 --> CKUP_YYYY: 2025
DEBUG - 2025-12-05 23:29:15 --> RELATION: S
DEBUG - 2025-12-05 23:29:15 --> SUPPORT_FUND: 5
DEBUG - 2025-12-05 23:29:15 --> FAMILY_SUPPORT_FUND: 10
DEBUG - 2025-12-05 23:29:15 --> Selected SPRT_SE: 5
DEBUG - 2025-12-05 23:29:15 --> Filtering by SPRT_SE: 5
DEBUG - 2025-12-05 23:29:15 --> Products found: 2
DEBUG - 2025-12-05 23:29:15 --> SQL Query: SELECT *
FROM `CKUP_GDS_EXCEL_MNG`
WHERE `HSPTL_SN` = '3'
AND `CKUP_YYYY` = '2025'
AND `DEL_YN` = 'N'
AND `SPRT_SE` = '5'
DEBUG - 2025-12-05 23:29:15 --> =========================
DEBUG - 2025-12-05 23:35:39 --> Session: Class initialized using 'CodeIgniter\Session\Handlers\FileHandler' driver.
DEBUG - 2025-12-05 23:35:40 --> === Product Query Debug ===
DEBUG - 2025-12-05 23:35:40 --> HSPTL_SN: 3
DEBUG - 2025-12-05 23:35:40 --> CKUP_YYYY: 2025
DEBUG - 2025-12-05 23:35:40 --> RELATION: S
DEBUG - 2025-12-05 23:35:40 --> SUPPORT_FUND: 5
DEBUG - 2025-12-05 23:35:40 --> FAMILY_SUPPORT_FUND: 10
DEBUG - 2025-12-05 23:35:40 --> Selected SPRT_SE: 5
DEBUG - 2025-12-05 23:35:40 --> Filtering by SPRT_SE: 5
DEBUG - 2025-12-05 23:35:40 --> Products found: 2
DEBUG - 2025-12-05 23:35:40 --> SQL Query: SELECT *
FROM `CKUP_GDS_EXCEL_MNG`
WHERE `HSPTL_SN` = '3'
AND `CKUP_YYYY` = '2025'
AND `DEL_YN` = 'N'
AND `SPRT_SE` = '5'
DEBUG - 2025-12-05 23:35:40 --> =========================
DEBUG - 2025-12-05 23:37:00 --> Session: Class initialized using 'CodeIgniter\Session\Handlers\FileHandler' driver.
DEBUG - 2025-12-05 23:37:02 --> Session: Class initialized using 'CodeIgniter\Session\Handlers\FileHandler' driver.
DEBUG - 2025-12-05 23:37:07 --> Session: Class initialized using 'CodeIgniter\Session\Handlers\FileHandler' driver.
DEBUG - 2025-12-05 23:37:08 --> Session: Class initialized using 'CodeIgniter\Session\Handlers\FileHandler' driver.
DEBUG - 2025-12-05 23:37:12 --> Session: Class initialized using 'CodeIgniter\Session\Handlers\FileHandler' driver.
DEBUG - 2025-12-05 23:37:14 --> === Product Query Debug ===
DEBUG - 2025-12-05 23:37:14 --> HSPTL_SN: 3
DEBUG - 2025-12-05 23:37:14 --> CKUP_YYYY: 2025
DEBUG - 2025-12-05 23:37:14 --> RELATION: S
DEBUG - 2025-12-05 23:37:14 --> SUPPORT_FUND: 5
DEBUG - 2025-12-05 23:37:14 --> FAMILY_SUPPORT_FUND: 10
DEBUG - 2025-12-05 23:37:14 --> Selected SPRT_SE: 5
DEBUG - 2025-12-05 23:37:14 --> Filtering by SPRT_SE: 5
DEBUG - 2025-12-05 23:37:14 --> Products found: 2
DEBUG - 2025-12-05 23:37:14 --> SQL Query: SELECT *
FROM `CKUP_GDS_EXCEL_MNG`
WHERE `HSPTL_SN` = '3'
AND `CKUP_YYYY` = '2025'
AND `DEL_YN` = 'N'
AND `SPRT_SE` = '5'
DEBUG - 2025-12-05 23:37:14 --> =========================
DEBUG - 2025-12-05 23:46:08 --> Session: Class initialized using 'CodeIgniter\Session\Handlers\FileHandler' driver.
DEBUG - 2025-12-05 23:46:09 --> Session: Class initialized using 'CodeIgniter\Session\Handlers\FileHandler' driver.
DEBUG - 2025-12-05 23:51:04 --> Session: Class initialized using 'CodeIgniter\Session\Handlers\FileHandler' driver.
DEBUG - 2025-12-05 23:51:05 --> === Product Query Debug ===
DEBUG - 2025-12-05 23:51:05 --> HSPTL_SN: 3
DEBUG - 2025-12-05 23:51:05 --> CKUP_YYYY: 2025
DEBUG - 2025-12-05 23:51:05 --> RELATION: S
DEBUG - 2025-12-05 23:51:05 --> SUPPORT_FUND: 5
DEBUG - 2025-12-05 23:51:05 --> FAMILY_SUPPORT_FUND: 10
DEBUG - 2025-12-05 23:51:05 --> Selected SPRT_SE: 5
DEBUG - 2025-12-05 23:51:05 --> Filtering by SPRT_SE: 5
DEBUG - 2025-12-05 23:51:05 --> Products found: 2
DEBUG - 2025-12-05 23:51:05 --> SQL Query: SELECT *
FROM `CKUP_GDS_EXCEL_MNG`
WHERE `HSPTL_SN` = '3'
AND `CKUP_YYYY` = '2025'
AND `DEL_YN` = 'N'
AND `SPRT_SE` = '5'
DEBUG - 2025-12-05 23:51:05 --> =========================
DEBUG - 2025-12-05 23:51:40 --> Session: Class initialized using 'CodeIgniter\Session\Handlers\FileHandler' driver.
DEBUG - 2025-12-05 23:51:41 --> Session: Class initialized using 'CodeIgniter\Session\Handlers\FileHandler' driver.
DEBUG - 2025-12-05 23:51:46 --> Session: Class initialized using 'CodeIgniter\Session\Handlers\FileHandler' driver.
DEBUG - 2025-12-05 23:51:46 --> === Product Query Debug ===
DEBUG - 2025-12-05 23:51:46 --> HSPTL_SN: 3
DEBUG - 2025-12-05 23:51:46 --> CKUP_YYYY: 2025
DEBUG - 2025-12-05 23:51:46 --> RELATION: S
DEBUG - 2025-12-05 23:51:46 --> SUPPORT_FUND: 5
DEBUG - 2025-12-05 23:51:46 --> FAMILY_SUPPORT_FUND: 10
DEBUG - 2025-12-05 23:51:46 --> Selected SPRT_SE: 5
DEBUG - 2025-12-05 23:51:47 --> Filtering by SPRT_SE: 5
DEBUG - 2025-12-05 23:51:47 --> Products found: 2
DEBUG - 2025-12-05 23:51:47 --> SQL Query: SELECT *
FROM `CKUP_GDS_EXCEL_MNG`
WHERE `HSPTL_SN` = '3'
AND `CKUP_YYYY` = '2025'
AND `DEL_YN` = 'N'
AND `SPRT_SE` = '5'
DEBUG - 2025-12-05 23:51:47 --> =========================
DEBUG - 2025-12-05 23:57:09 --> Session: Class initialized using 'CodeIgniter\Session\Handlers\FileHandler' driver.
DEBUG - 2025-12-05 23:57:10 --> Session: Class initialized using 'CodeIgniter\Session\Handlers\FileHandler' driver.
DEBUG - 2025-12-05 23:57:16 --> Session: Class initialized using 'CodeIgniter\Session\Handlers\FileHandler' driver.
DEBUG - 2025-12-05 23:57:17 --> === Product Query Debug ===
DEBUG - 2025-12-05 23:57:17 --> HSPTL_SN: 3
DEBUG - 2025-12-05 23:57:17 --> CKUP_YYYY: 2025
DEBUG - 2025-12-05 23:57:17 --> RELATION: S
DEBUG - 2025-12-05 23:57:17 --> SUPPORT_FUND: 5
DEBUG - 2025-12-05 23:57:17 --> FAMILY_SUPPORT_FUND: 10
DEBUG - 2025-12-05 23:57:17 --> Selected SPRT_SE: 5
DEBUG - 2025-12-05 23:57:17 --> Filtering by SPRT_SE: 5
DEBUG - 2025-12-05 23:57:17 --> Products found: 2
DEBUG - 2025-12-05 23:57:17 --> SQL Query: SELECT *
FROM `CKUP_GDS_EXCEL_MNG`
WHERE `HSPTL_SN` = '3'
AND `CKUP_YYYY` = '2025'
AND `DEL_YN` = 'N'
AND `SPRT_SE` = '5'
DEBUG - 2025-12-05 23:57:17 --> =========================
DEBUG - 2025-12-05 23:57:54 --> Session: Class initialized using 'CodeIgniter\Session\Handlers\FileHandler' driver.
DEBUG - 2025-12-05 23:57:55 --> Session: Class initialized using 'CodeIgniter\Session\Handlers\FileHandler' driver.
DEBUG - 2025-12-05 23:57:59 --> Session: Class initialized using 'CodeIgniter\Session\Handlers\FileHandler' driver.
DEBUG - 2025-12-05 23:58:00 --> Session: Class initialized using 'CodeIgniter\Session\Handlers\FileHandler' driver.
DEBUG - 2025-12-05 23:58:05 --> Session: Class initialized using 'CodeIgniter\Session\Handlers\FileHandler' driver.
DEBUG - 2025-12-05 23:58:05 --> === Product Query Debug ===
DEBUG - 2025-12-05 23:58:05 --> HSPTL_SN: 3
DEBUG - 2025-12-05 23:58:05 --> CKUP_YYYY: 2025
DEBUG - 2025-12-05 23:58:05 --> RELATION: S
DEBUG - 2025-12-05 23:58:05 --> SUPPORT_FUND: 5
DEBUG - 2025-12-05 23:58:05 --> FAMILY_SUPPORT_FUND: 10
DEBUG - 2025-12-05 23:58:05 --> Selected SPRT_SE: 5
DEBUG - 2025-12-05 23:58:05 --> Filtering by SPRT_SE: 5
DEBUG - 2025-12-05 23:58:05 --> Products found: 2
DEBUG - 2025-12-05 23:58:05 --> SQL Query: SELECT *
FROM `CKUP_GDS_EXCEL_MNG`
WHERE `HSPTL_SN` = '3'
AND `CKUP_YYYY` = '2025'
AND `DEL_YN` = 'N'
AND `SPRT_SE` = '5'
DEBUG - 2025-12-05 23:58:05 --> =========================
DEBUG - 2025-12-05 23:58:48 --> Session: Class initialized using 'CodeIgniter\Session\Handlers\FileHandler' driver.
DEBUG - 2025-12-05 23:58:49 --> Session: Class initialized using 'CodeIgniter\Session\Handlers\FileHandler' driver.
DEBUG - 2025-12-05 23:58:51 --> Session: Class initialized using 'CodeIgniter\Session\Handlers\FileHandler' driver.
DEBUG - 2025-12-05 23:59:02 --> Session: Class initialized using 'CodeIgniter\Session\Handlers\FileHandler' driver.
DEBUG - 2025-12-05 23:59:02 --> Session: Class initialized using 'CodeIgniter\Session\Handlers\FileHandler' driver.
DEBUG - 2025-12-05 23:59:10 --> Session: Class initialized using 'CodeIgniter\Session\Handlers\FileHandler' driver.
DEBUG - 2025-12-05 23:59:10 --> Session: Class initialized using 'CodeIgniter\Session\Handlers\FileHandler' driver.
DEBUG - 2025-12-05 23:59:15 --> Session: Class initialized using 'CodeIgniter\Session\Handlers\FileHandler' driver.
